<!DOCTYPE html>
<html>
  <head>
    <meta charset="utf-8"/>
    <title id="head-title">report.html</title>
      <link href="assets/style.css" rel="stylesheet" type="text/css"/>
  </head>
  <body>
    <h1 id="title">report.html</h1>
    <p>Report generated on 23-Dec-2024 at 08:21:00 by <a href="https://pypi.python.org/pypi/pytest-html">pytest-html</a>
        v4.1.1</p>
    <div id="environment-header">
      <h2>Environment</h2>
    </div>
    <table id="environment"></table>
    <!-- TEMPLATES -->
      <template id="template_environment_row">
      <tr>
        <td></td>
        <td></td>
      </tr>
    </template>
    <template id="template_results-table__body--empty">
      <tbody class="results-table-row">
        <tr id="not-found-message">
          <td colspan="4">No results found. Check the filters.</th>
        </tr>
    </template>
    <template id="template_results-table__tbody">
      <tbody class="results-table-row">
        <tr class="collapsible">
        </tr>
        <tr class="extras-row">
          <td class="extra" colspan="4">
            <div class="extraHTML"></div>
            <div class="media">
              <div class="media-container">
                  <div class="media-container__nav--left"><</div>
                  <div class="media-container__viewport">
                    <img src="" />
                    <video controls>
                      <source src="" type="video/mp4">
                    </video>
                  </div>
                  <div class="media-container__nav--right">></div>
                </div>
                <div class="media__name"></div>
                <div class="media__counter"></div>
            </div>
            <div class="logwrapper">
              <div class="logexpander"></div>
              <div class="log"></div>
            </div>
          </td>
        </tr>
      </tbody>
    </template>
    <!-- END TEMPLATES -->
    <div class="summary">
      <div class="summary__data">
        <h2>Summary</h2>
        <div class="additional-summary prefix">
        </div>
        <p class="run-count">169 tests took 00:00:02.</p>
        <p class="filter">(Un)check the boxes to filter the results.</p>
        <div class="summary__reload">
          <div class="summary__reload__button hidden" onclick="location.reload()">
            <div>There are still tests running. <br />Reload this page to get the latest results!</div>
          </div>
        </div>
        <div class="summary__spacer"></div>
        <div class="controls">
          <div class="filters">
            <input checked="true" class="filter" name="filter_checkbox" type="checkbox" data-test-result="failed" />
            <span class="failed">53 Failed,</span>
            <input checked="true" class="filter" name="filter_checkbox" type="checkbox" data-test-result="passed" />
            <span class="passed">116 Passed,</span>
            <input checked="true" class="filter" name="filter_checkbox" type="checkbox" data-test-result="skipped" disabled/>
            <span class="skipped">0 Skipped,</span>
            <input checked="true" class="filter" name="filter_checkbox" type="checkbox" data-test-result="xfailed" disabled/>
            <span class="xfailed">0 Expected failures,</span>
            <input checked="true" class="filter" name="filter_checkbox" type="checkbox" data-test-result="xpassed" disabled/>
            <span class="xpassed">0 Unexpected passes,</span>
            <input checked="true" class="filter" name="filter_checkbox" type="checkbox" data-test-result="error" disabled/>
            <span class="error">0 Errors,</span>
            <input checked="true" class="filter" name="filter_checkbox" type="checkbox" data-test-result="rerun" disabled/>
            <span class="rerun">0 Reruns</span>
          </div>
          <div class="collapse">
            <button id="show_all_details">Show all details</button>&nbsp;/&nbsp;<button id="hide_all_details">Hide all details</button>
          </div>
        </div>
      </div>
      <div class="additional-summary summary">
      </div>
      <div class="additional-summary postfix">
      </div>
    </div>
    <table id="results-table">
      <thead id="results-table-head">
        <tr>
          <th class="sortable" data-column-type="result">Result</th>
          <th class="sortable" data-column-type="testId">Test</th>
          <th class="sortable" data-column-type="duration">Duration</th>
          <th>Links</th>
        </tr>
      </thead>
    </table>
  </body>
  <footer>
    <div id="data-container" data-jsonblob="{&#34;environment&#34;: {&#34;Python&#34;: &#34;3.11.3&#34;, &#34;Platform&#34;: &#34;macOS-15.2-arm64-arm-64bit&#34;, &#34;Packages&#34;: {&#34;pytest&#34;: &#34;8.3.4&#34;, &#34;pluggy&#34;: &#34;1.5.0&#34;}, &#34;Plugins&#34;: {&#34;cov&#34;: &#34;6.0.0&#34;, &#34;html&#34;: &#34;4.1.1&#34;, &#34;metadata&#34;: &#34;3.1.1&#34;, &#34;asyncio&#34;: &#34;0.25.0&#34;, &#34;anyio&#34;: &#34;4.7.0&#34;, &#34;xdist&#34;: &#34;3.6.1&#34;}}, &#34;tests&#34;: {&#34;tests/controllers_tests/test_asset_handlers.py::TestAssetHandler::test_add_asset_invalid_data&#34;: [{&#34;extras&#34;: [], &#34;result&#34;: &#34;Failed&#34;, &#34;testId&#34;: &#34;tests/controllers_tests/test_asset_handlers.py::TestAssetHandler::test_add_asset_invalid_data&#34;, &#34;duration&#34;: &#34;7 ms&#34;, &#34;resultsTableRow&#34;: [&#34;&lt;td class=\&#34;col-result\&#34;&gt;Failed&lt;/td&gt;&#34;, &#34;&lt;td class=\&#34;col-testId\&#34;&gt;tests/controllers_tests/test_asset_handlers.py::TestAssetHandler::test_add_asset_invalid_data&lt;/td&gt;&#34;, &#34;&lt;td class=\&#34;col-duration\&#34;&gt;7 ms&lt;/td&gt;&#34;, &#34;&lt;td class=\&#34;col-links\&#34;&gt;&lt;/td&gt;&#34;], &#34;log&#34;: &#34;self = &amp;lt;tests.controllers_tests.test_asset_handlers.TestAssetHandler testMethod=test_add_asset_invalid_data&amp;gt;\n\n    def test_add_asset_invalid_data(self):\n        &amp;quot;&amp;quot;&amp;quot;Test failure when adding an asset with invalid data.&amp;quot;&amp;quot;&amp;quot;\n        with self.app.test_request_context(method=&amp;quot;POST&amp;quot;, json=self.invalid_asset_payload):\n            # Mock the add_asset method to raise an exception\n            self.mock_asset_service.add_asset.side_effect = Exception(&amp;quot;Invalid data&amp;quot;)\n    \n            # Call the add_asset method of AssetHandler\n            g.role = &amp;#x27;admin&amp;#x27;\n&amp;gt;           response, status_code = self.asset_handler.add_asset()\nE           TypeError: cannot unpack non-iterable coroutine object\n\nself       = &amp;lt;tests.controllers_tests.test_asset_handlers.TestAssetHandler testMethod=test_add_asset_invalid_data&amp;gt;\n\ntests/controllers_tests/test_asset_handlers.py:61: TypeError\n&#34;}], &#34;tests/controllers_tests/test_asset_handlers.py::TestAssetHandler::test_add_asset_success&#34;: [{&#34;extras&#34;: [], &#34;result&#34;: &#34;Failed&#34;, &#34;testId&#34;: &#34;tests/controllers_tests/test_asset_handlers.py::TestAssetHandler::test_add_asset_success&#34;, &#34;duration&#34;: &#34;2 ms&#34;, &#34;resultsTableRow&#34;: [&#34;&lt;td class=\&#34;col-result\&#34;&gt;Failed&lt;/td&gt;&#34;, &#34;&lt;td class=\&#34;col-testId\&#34;&gt;tests/controllers_tests/test_asset_handlers.py::TestAssetHandler::test_add_asset_success&lt;/td&gt;&#34;, &#34;&lt;td class=\&#34;col-duration\&#34;&gt;2 ms&lt;/td&gt;&#34;, &#34;&lt;td class=\&#34;col-links\&#34;&gt;&lt;/td&gt;&#34;], &#34;log&#34;: &#34;self = &amp;lt;tests.controllers_tests.test_asset_handlers.TestAssetHandler testMethod=test_add_asset_success&amp;gt;\n\n    def test_add_asset_success(self):\n        &amp;quot;&amp;quot;&amp;quot;Test successful addition of an asset.&amp;quot;&amp;quot;&amp;quot;\n        with self.app.test_request_context(method=&amp;quot;POST&amp;quot;, json=self.valid_asset_payload):\n            # Mocking the add_asset method of AssetService\n            self.mock_asset_service.add_asset.return_value = self.test_asset\n    \n            # Call the add_asset method of AssetHandler\n            g.role = &amp;#x27;admin&amp;#x27;\n&amp;gt;           response, status_code = self.asset_handler.add_asset()\nE           TypeError: cannot unpack non-iterable coroutine object\n\nself       = &amp;lt;tests.controllers_tests.test_asset_handlers.TestAssetHandler testMethod=test_add_asset_success&amp;gt;\n\ntests/controllers_tests/test_asset_handlers.py:46: TypeError\n&#34;}], &#34;tests/controllers_tests/test_asset_handlers.py::TestAssetHandler::test_assign_asset_already_assigned&#34;: [{&#34;extras&#34;: [], &#34;result&#34;: &#34;Failed&#34;, &#34;testId&#34;: &#34;tests/controllers_tests/test_asset_handlers.py::TestAssetHandler::test_assign_asset_already_assigned&#34;, &#34;duration&#34;: &#34;2 ms&#34;, &#34;resultsTableRow&#34;: [&#34;&lt;td class=\&#34;col-result\&#34;&gt;Failed&lt;/td&gt;&#34;, &#34;&lt;td class=\&#34;col-testId\&#34;&gt;tests/controllers_tests/test_asset_handlers.py::TestAssetHandler::test_assign_asset_already_assigned&lt;/td&gt;&#34;, &#34;&lt;td class=\&#34;col-duration\&#34;&gt;2 ms&lt;/td&gt;&#34;, &#34;&lt;td class=\&#34;col-links\&#34;&gt;&lt;/td&gt;&#34;], &#34;log&#34;: &#34;self = &amp;lt;tests.controllers_tests.test_asset_handlers.TestAssetHandler testMethod=test_assign_asset_already_assigned&amp;gt;\n\n    def test_assign_asset_already_assigned(self):\n        &amp;quot;&amp;quot;&amp;quot;Test failure when assigning an already assigned asset.&amp;quot;&amp;quot;&amp;quot;\n        user_id = str(uuid.uuid4())\n        asset_id = str(uuid.uuid4())\n        assign_payload = {&amp;quot;user_id&amp;quot;: user_id, &amp;quot;asset_id&amp;quot;: asset_id}\n        with self.app.test_request_context(method=&amp;quot;POST&amp;quot;, json=assign_payload):\n            # Mock the assign_asset method to raise AlreadyAssignedError\n            self.mock_asset_service.assign_asset.side_effect = AlreadyAssignedError(&amp;quot;Asset already assigned&amp;quot;)\n    \n            # Call the assign_asset method of AssetHandler\n            g.role = &amp;#x27;admin&amp;#x27;\n&amp;gt;           response, status_code = self.asset_handler.assign_asset()\nE           TypeError: cannot unpack non-iterable coroutine object\n\nasset_id   = &amp;#x27;bbb6070d-1c62-434c-82c4-fffecafba27d&amp;#x27;\nassign_payload = {&amp;#x27;asset_id&amp;#x27;: &amp;#x27;bbb6070d-1c62-434c-82c4-fffecafba27d&amp;#x27;, &amp;#x27;user_id&amp;#x27;: &amp;#x27;3f7358e1-71cc-4d21-ac3a-91252dd9826a&amp;#x27;}\nself       = &amp;lt;tests.controllers_tests.test_asset_handlers.TestAssetHandler testMethod=test_assign_asset_already_assigned&amp;gt;\nuser_id    = &amp;#x27;3f7358e1-71cc-4d21-ac3a-91252dd9826a&amp;#x27;\n\ntests/controllers_tests/test_asset_handlers.py:122: TypeError\n&#34;}], &#34;tests/controllers_tests/test_asset_handlers.py::TestAssetHandler::test_assign_asset_success&#34;: [{&#34;extras&#34;: [], &#34;result&#34;: &#34;Failed&#34;, &#34;testId&#34;: &#34;tests/controllers_tests/test_asset_handlers.py::TestAssetHandler::test_assign_asset_success&#34;, &#34;duration&#34;: &#34;2 ms&#34;, &#34;resultsTableRow&#34;: [&#34;&lt;td class=\&#34;col-result\&#34;&gt;Failed&lt;/td&gt;&#34;, &#34;&lt;td class=\&#34;col-testId\&#34;&gt;tests/controllers_tests/test_asset_handlers.py::TestAssetHandler::test_assign_asset_success&lt;/td&gt;&#34;, &#34;&lt;td class=\&#34;col-duration\&#34;&gt;2 ms&lt;/td&gt;&#34;, &#34;&lt;td class=\&#34;col-links\&#34;&gt;&lt;/td&gt;&#34;], &#34;log&#34;: &#34;self = &amp;lt;tests.controllers_tests.test_asset_handlers.TestAssetHandler testMethod=test_assign_asset_success&amp;gt;\n\n    def test_assign_asset_success(self):\n        &amp;quot;&amp;quot;&amp;quot;Test successful assignment of an asset.&amp;quot;&amp;quot;&amp;quot;\n        user_id = str(uuid.uuid4())\n        asset_id = str(uuid.uuid4())\n        assign_payload = {&amp;quot;user_id&amp;quot;: user_id, &amp;quot;asset_id&amp;quot;: asset_id}\n        with self.app.test_request_context(method=&amp;quot;POST&amp;quot;, json=assign_payload):\n            # Mocking the assign_asset method of AssetService\n            self.mock_asset_service.assign_asset.return_value = None\n    \n            # Call the assign_asset method of AssetHandler\n            g.role = &amp;#x27;admin&amp;#x27;\n&amp;gt;           response, status_code = self.asset_handler.assign_asset()\nE           TypeError: cannot unpack non-iterable coroutine object\n\nasset_id   = &amp;#x27;fc893607-12ab-4133-ac98-16d4f73b905c&amp;#x27;\nassign_payload = {&amp;#x27;asset_id&amp;#x27;: &amp;#x27;fc893607-12ab-4133-ac98-16d4f73b905c&amp;#x27;, &amp;#x27;user_id&amp;#x27;: &amp;#x27;052c4273-e1ff-47d8-8f29-e7e33f8cc60a&amp;#x27;}\nself       = &amp;lt;tests.controllers_tests.test_asset_handlers.TestAssetHandler testMethod=test_assign_asset_success&amp;gt;\nuser_id    = &amp;#x27;052c4273-e1ff-47d8-8f29-e7e33f8cc60a&amp;#x27;\n\ntests/controllers_tests/test_asset_handlers.py:104: TypeError\n&#34;}], &#34;tests/controllers_tests/test_asset_handlers.py::TestAssetHandler::test_assigned_all_assets_database_error&#34;: [{&#34;extras&#34;: [], &#34;result&#34;: &#34;Failed&#34;, &#34;testId&#34;: &#34;tests/controllers_tests/test_asset_handlers.py::TestAssetHandler::test_assigned_all_assets_database_error&#34;, &#34;duration&#34;: &#34;2 ms&#34;, &#34;resultsTableRow&#34;: [&#34;&lt;td class=\&#34;col-result\&#34;&gt;Failed&lt;/td&gt;&#34;, &#34;&lt;td class=\&#34;col-testId\&#34;&gt;tests/controllers_tests/test_asset_handlers.py::TestAssetHandler::test_assigned_all_assets_database_error&lt;/td&gt;&#34;, &#34;&lt;td class=\&#34;col-duration\&#34;&gt;2 ms&lt;/td&gt;&#34;, &#34;&lt;td class=\&#34;col-links\&#34;&gt;&lt;/td&gt;&#34;], &#34;log&#34;: &#34;self = &amp;lt;tests.controllers_tests.test_asset_handlers.TestAssetHandler testMethod=test_assigned_all_assets_database_error&amp;gt;\n\n    def test_assigned_all_assets_database_error(self):\n        &amp;quot;&amp;quot;&amp;quot;Test all assigned assets retrieval with database error.&amp;quot;&amp;quot;&amp;quot;\n        with self.app.test_request_context(method=&amp;quot;GET&amp;quot;):\n            # Ensure g.role is set for admin access\n            g.role = &amp;#x27;admin&amp;#x27;\n    \n            # Mock the view_all_assigned_assets method to raise DatabaseError\n            self.mock_asset_service.view_all_assigned_assets.side_effect = DatabaseError(&amp;quot;Database error&amp;quot;)\n    \n&amp;gt;           response, status_code = self.asset_handler.assigned_all_assets()\nE           TypeError: cannot unpack non-iterable coroutine object\n\nself       = &amp;lt;tests.controllers_tests.test_asset_handlers.TestAssetHandler testMethod=test_assigned_all_assets_database_error&amp;gt;\n\ntests/controllers_tests/test_asset_handlers.py:441: TypeError\n&#34;}], &#34;tests/controllers_tests/test_asset_handlers.py::TestAssetHandler::test_assigned_all_assets_success&#34;: [{&#34;extras&#34;: [], &#34;result&#34;: &#34;Failed&#34;, &#34;testId&#34;: &#34;tests/controllers_tests/test_asset_handlers.py::TestAssetHandler::test_assigned_all_assets_success&#34;, &#34;duration&#34;: &#34;2 ms&#34;, &#34;resultsTableRow&#34;: [&#34;&lt;td class=\&#34;col-result\&#34;&gt;Failed&lt;/td&gt;&#34;, &#34;&lt;td class=\&#34;col-testId\&#34;&gt;tests/controllers_tests/test_asset_handlers.py::TestAssetHandler::test_assigned_all_assets_success&lt;/td&gt;&#34;, &#34;&lt;td class=\&#34;col-duration\&#34;&gt;2 ms&lt;/td&gt;&#34;, &#34;&lt;td class=\&#34;col-links\&#34;&gt;&lt;/td&gt;&#34;], &#34;log&#34;: &#34;self = &amp;lt;tests.controllers_tests.test_asset_handlers.TestAssetHandler testMethod=test_assigned_all_assets_success&amp;gt;\n\n    def test_assigned_all_assets_success(self):\n        &amp;quot;&amp;quot;&amp;quot;Test successful retrieval of all assigned assets.&amp;quot;&amp;quot;&amp;quot;\n        dummy_assets = [\n            {&amp;quot;id&amp;quot;: str(uuid.uuid4()), &amp;quot;name&amp;quot;: &amp;quot;Asset 1&amp;quot;, &amp;quot;user_id&amp;quot;: str(uuid.uuid4())},\n            {&amp;quot;id&amp;quot;: str(uuid.uuid4()), &amp;quot;name&amp;quot;: &amp;quot;Asset 2&amp;quot;, &amp;quot;user_id&amp;quot;: str(uuid.uuid4())}\n        ]\n    \n        with self.app.test_request_context(method=&amp;quot;GET&amp;quot;):\n            # Ensure g.role is set for admin access\n            g.role = &amp;#x27;admin&amp;#x27;\n    \n            # Mock the view_all_assigned_assets method to return dummy assets\n            self.mock_asset_service.view_all_assigned_assets.return_value = dummy_assets\n    \n&amp;gt;           response, status_code = self.asset_handler.assigned_all_assets()\nE           TypeError: cannot unpack non-iterable coroutine object\n\ndummy_assets = [{&amp;#x27;id&amp;#x27;: &amp;#x27;8ca30188-5863-4bc8-bb5d-b4827ab6f866&amp;#x27;, &amp;#x27;name&amp;#x27;: &amp;#x27;Asset 1&amp;#x27;, &amp;#x27;user_id&amp;#x27;: &amp;#x27;888c71df-c98a-44a7-b1e5-d91ea55178c1&amp;#x27;}, {&amp;#x27;id&amp;#x27;: &amp;#x27;0f1da1bd-52ad-4bbf-963f-15c98c88c063&amp;#x27;, &amp;#x27;name&amp;#x27;: &amp;#x27;Asset 2&amp;#x27;, &amp;#x27;user_id&amp;#x27;: &amp;#x27;839c4888-f307-4f0a-9f1d-e209f395558d&amp;#x27;}]\nself       = &amp;lt;tests.controllers_tests.test_asset_handlers.TestAssetHandler testMethod=test_assigned_all_assets_success&amp;gt;\n\ntests/controllers_tests/test_asset_handlers.py:424: TypeError\n&#34;}], &#34;tests/controllers_tests/test_asset_handlers.py::TestAssetHandler::test_assigned_all_assets_unexpected_error&#34;: [{&#34;extras&#34;: [], &#34;result&#34;: &#34;Failed&#34;, &#34;testId&#34;: &#34;tests/controllers_tests/test_asset_handlers.py::TestAssetHandler::test_assigned_all_assets_unexpected_error&#34;, &#34;duration&#34;: &#34;2 ms&#34;, &#34;resultsTableRow&#34;: [&#34;&lt;td class=\&#34;col-result\&#34;&gt;Failed&lt;/td&gt;&#34;, &#34;&lt;td class=\&#34;col-testId\&#34;&gt;tests/controllers_tests/test_asset_handlers.py::TestAssetHandler::test_assigned_all_assets_unexpected_error&lt;/td&gt;&#34;, &#34;&lt;td class=\&#34;col-duration\&#34;&gt;2 ms&lt;/td&gt;&#34;, &#34;&lt;td class=\&#34;col-links\&#34;&gt;&lt;/td&gt;&#34;], &#34;log&#34;: &#34;self = &amp;lt;tests.controllers_tests.test_asset_handlers.TestAssetHandler testMethod=test_assigned_all_assets_unexpected_error&amp;gt;\n\n    def test_assigned_all_assets_unexpected_error(self):\n        &amp;quot;&amp;quot;&amp;quot;Test all assigned assets retrieval with unexpected error.&amp;quot;&amp;quot;&amp;quot;\n        with self.app.test_request_context(method=&amp;quot;GET&amp;quot;):\n            # Ensure g.role is set for admin access\n            g.role = &amp;#x27;admin&amp;#x27;\n    \n            # Mock the view_all_assigned_assets method to raise an unexpected exception\n            self.mock_asset_service.view_all_assigned_assets.side_effect = Exception(&amp;quot;Unexpected error&amp;quot;)\n    \n&amp;gt;           response, status_code = self.asset_handler.assigned_all_assets()\nE           TypeError: cannot unpack non-iterable coroutine object\n\nself       = &amp;lt;tests.controllers_tests.test_asset_handlers.TestAssetHandler testMethod=test_assigned_all_assets_unexpected_error&amp;gt;\n\ntests/controllers_tests/test_asset_handlers.py:457: TypeError\n&#34;}], &#34;tests/controllers_tests/test_asset_handlers.py::TestAssetHandler::test_assigned_assets_database_error&#34;: [{&#34;extras&#34;: [], &#34;result&#34;: &#34;Failed&#34;, &#34;testId&#34;: &#34;tests/controllers_tests/test_asset_handlers.py::TestAssetHandler::test_assigned_assets_database_error&#34;, &#34;duration&#34;: &#34;2 ms&#34;, &#34;resultsTableRow&#34;: [&#34;&lt;td class=\&#34;col-result\&#34;&gt;Failed&lt;/td&gt;&#34;, &#34;&lt;td class=\&#34;col-testId\&#34;&gt;tests/controllers_tests/test_asset_handlers.py::TestAssetHandler::test_assigned_assets_database_error&lt;/td&gt;&#34;, &#34;&lt;td class=\&#34;col-duration\&#34;&gt;2 ms&lt;/td&gt;&#34;, &#34;&lt;td class=\&#34;col-links\&#34;&gt;&lt;/td&gt;&#34;], &#34;log&#34;: &#34;self = &amp;lt;tests.controllers_tests.test_asset_handlers.TestAssetHandler testMethod=test_assigned_assets_database_error&amp;gt;\n\n    def test_assigned_assets_database_error(self):\n        &amp;quot;&amp;quot;&amp;quot;Test assigned assets retrieval with database error.&amp;quot;&amp;quot;&amp;quot;\n        user_id = str(uuid.uuid4())\n    \n        with self.app.test_request_context(method=&amp;quot;GET&amp;quot;):\n            # Mock the view_assigned_assets method to raise DatabaseError\n            self.mock_asset_service.view_assigned_assets.side_effect = DatabaseError(&amp;quot;Database error&amp;quot;)\n    \n&amp;gt;           response, status_code = self.asset_handler.assigned_assets(user_id)\nE           TypeError: cannot unpack non-iterable coroutine object\n\nself       = &amp;lt;tests.controllers_tests.test_asset_handlers.TestAssetHandler testMethod=test_assigned_assets_database_error&amp;gt;\nuser_id    = &amp;#x27;9824e72d-957a-49a9-b8a9-1f33ce7f6626&amp;#x27;\n\ntests/controllers_tests/test_asset_handlers.py:403: TypeError\n&#34;}], &#34;tests/controllers_tests/test_asset_handlers.py::TestAssetHandler::test_assigned_assets_invalid_uuid&#34;: [{&#34;extras&#34;: [], &#34;result&#34;: &#34;Failed&#34;, &#34;testId&#34;: &#34;tests/controllers_tests/test_asset_handlers.py::TestAssetHandler::test_assigned_assets_invalid_uuid&#34;, &#34;duration&#34;: &#34;2 ms&#34;, &#34;resultsTableRow&#34;: [&#34;&lt;td class=\&#34;col-result\&#34;&gt;Failed&lt;/td&gt;&#34;, &#34;&lt;td class=\&#34;col-testId\&#34;&gt;tests/controllers_tests/test_asset_handlers.py::TestAssetHandler::test_assigned_assets_invalid_uuid&lt;/td&gt;&#34;, &#34;&lt;td class=\&#34;col-duration\&#34;&gt;2 ms&lt;/td&gt;&#34;, &#34;&lt;td class=\&#34;col-links\&#34;&gt;&lt;/td&gt;&#34;], &#34;log&#34;: &#34;self = &amp;lt;tests.controllers_tests.test_asset_handlers.TestAssetHandler testMethod=test_assigned_assets_invalid_uuid&amp;gt;\n\n    def test_assigned_assets_invalid_uuid(self):\n        &amp;quot;&amp;quot;&amp;quot;Test assigned assets retrieval with invalid UUID.&amp;quot;&amp;quot;&amp;quot;\n        invalid_user_ids = [\n            &amp;quot;invalid-uuid&amp;quot;,\n            &amp;quot;&amp;quot;,\n            &amp;quot;12345&amp;quot;\n        ]\n    \n        for user_id in invalid_user_ids:\n            with self.app.test_request_context(method=&amp;quot;GET&amp;quot;):\n&amp;gt;               response, status_code = self.asset_handler.assigned_assets(user_id)\nE               TypeError: cannot unpack non-iterable coroutine object\n\ninvalid_user_ids = [&amp;#x27;invalid-uuid&amp;#x27;, &amp;#x27;&amp;#x27;, &amp;#x27;12345&amp;#x27;]\nself       = &amp;lt;tests.controllers_tests.test_asset_handlers.TestAssetHandler testMethod=test_assigned_assets_invalid_uuid&amp;gt;\nuser_id    = &amp;#x27;invalid-uuid&amp;#x27;\n\ntests/controllers_tests/test_asset_handlers.py:373: TypeError\n&#34;}], &#34;tests/controllers_tests/test_asset_handlers.py::TestAssetHandler::test_assigned_assets_not_exists&#34;: [{&#34;extras&#34;: [], &#34;result&#34;: &#34;Failed&#34;, &#34;testId&#34;: &#34;tests/controllers_tests/test_asset_handlers.py::TestAssetHandler::test_assigned_assets_not_exists&#34;, &#34;duration&#34;: &#34;2 ms&#34;, &#34;resultsTableRow&#34;: [&#34;&lt;td class=\&#34;col-result\&#34;&gt;Failed&lt;/td&gt;&#34;, &#34;&lt;td class=\&#34;col-testId\&#34;&gt;tests/controllers_tests/test_asset_handlers.py::TestAssetHandler::test_assigned_assets_not_exists&lt;/td&gt;&#34;, &#34;&lt;td class=\&#34;col-duration\&#34;&gt;2 ms&lt;/td&gt;&#34;, &#34;&lt;td class=\&#34;col-links\&#34;&gt;&lt;/td&gt;&#34;], &#34;log&#34;: &#34;self = &amp;lt;tests.controllers_tests.test_asset_handlers.TestAssetHandler testMethod=test_assigned_assets_not_exists&amp;gt;\n\n    def test_assigned_assets_not_exists(self):\n        &amp;quot;&amp;quot;&amp;quot;Test assigned assets retrieval for non-existent user.&amp;quot;&amp;quot;&amp;quot;\n        user_id = str(uuid.uuid4())\n    \n        with self.app.test_request_context(method=&amp;quot;GET&amp;quot;):\n            # Mock the view_assigned_assets method to raise NotExistsError\n            self.mock_asset_service.view_assigned_assets.side_effect = NotExistsError(&amp;quot;User not found&amp;quot;)\n    \n&amp;gt;           response, status_code = self.asset_handler.assigned_assets(user_id)\nE           TypeError: cannot unpack non-iterable coroutine object\n\nself       = &amp;lt;tests.controllers_tests.test_asset_handlers.TestAssetHandler testMethod=test_assigned_assets_not_exists&amp;gt;\nuser_id    = &amp;#x27;e9940ef6-c66a-4fc7-9798-cf8993b7f9e8&amp;#x27;\n\ntests/controllers_tests/test_asset_handlers.py:388: TypeError\n&#34;}], &#34;tests/controllers_tests/test_asset_handlers.py::TestAssetHandler::test_assigned_assets_success&#34;: [{&#34;extras&#34;: [], &#34;result&#34;: &#34;Failed&#34;, &#34;testId&#34;: &#34;tests/controllers_tests/test_asset_handlers.py::TestAssetHandler::test_assigned_assets_success&#34;, &#34;duration&#34;: &#34;3 ms&#34;, &#34;resultsTableRow&#34;: [&#34;&lt;td class=\&#34;col-result\&#34;&gt;Failed&lt;/td&gt;&#34;, &#34;&lt;td class=\&#34;col-testId\&#34;&gt;tests/controllers_tests/test_asset_handlers.py::TestAssetHandler::test_assigned_assets_success&lt;/td&gt;&#34;, &#34;&lt;td class=\&#34;col-duration\&#34;&gt;3 ms&lt;/td&gt;&#34;, &#34;&lt;td class=\&#34;col-links\&#34;&gt;&lt;/td&gt;&#34;], &#34;log&#34;: &#34;self = &amp;lt;tests.controllers_tests.test_asset_handlers.TestAssetHandler testMethod=test_assigned_assets_success&amp;gt;\n\n    def test_assigned_assets_success(self):\n        &amp;quot;&amp;quot;&amp;quot;Test successful retrieval of assigned assets for a user.&amp;quot;&amp;quot;&amp;quot;\n        user_id = str(uuid.uuid4())\n        dummy_assets = [\n            {&amp;quot;id&amp;quot;: str(uuid.uuid4()), &amp;quot;name&amp;quot;: &amp;quot;Asset 1&amp;quot;},\n            {&amp;quot;id&amp;quot;: str(uuid.uuid4()), &amp;quot;name&amp;quot;: &amp;quot;Asset 2&amp;quot;}\n        ]\n    \n        with self.app.test_request_context(method=&amp;quot;GET&amp;quot;):\n            # Mock the view_assigned_assets method to return dummy assets\n            self.mock_asset_service.view_assigned_assets.return_value = dummy_assets\n    \n&amp;gt;           response, status_code = self.asset_handler.assigned_assets(user_id)\nE           TypeError: cannot unpack non-iterable coroutine object\n\ndummy_assets = [{&amp;#x27;id&amp;#x27;: &amp;#x27;4388a940-7e91-45e2-81f5-1200b55abd9c&amp;#x27;, &amp;#x27;name&amp;#x27;: &amp;#x27;Asset 1&amp;#x27;}, {&amp;#x27;id&amp;#x27;: &amp;#x27;3c21b8bf-45b4-46e8-be95-1fe0e6bd1ff8&amp;#x27;, &amp;#x27;name&amp;#x27;: &amp;#x27;Asset 2&amp;#x27;}]\nself       = &amp;lt;tests.controllers_tests.test_asset_handlers.TestAssetHandler testMethod=test_assigned_assets_success&amp;gt;\nuser_id    = &amp;#x27;f3a5d270-5a6e-4c8f-a13d-66c1650386a1&amp;#x27;\n\ntests/controllers_tests/test_asset_handlers.py:355: TypeError\n&#34;}], &#34;tests/controllers_tests/test_asset_handlers.py::TestAssetHandler::test_delete_asset_database_error&#34;: [{&#34;extras&#34;: [], &#34;result&#34;: &#34;Failed&#34;, &#34;testId&#34;: &#34;tests/controllers_tests/test_asset_handlers.py::TestAssetHandler::test_delete_asset_database_error&#34;, &#34;duration&#34;: &#34;2 ms&#34;, &#34;resultsTableRow&#34;: [&#34;&lt;td class=\&#34;col-result\&#34;&gt;Failed&lt;/td&gt;&#34;, &#34;&lt;td class=\&#34;col-testId\&#34;&gt;tests/controllers_tests/test_asset_handlers.py::TestAssetHandler::test_delete_asset_database_error&lt;/td&gt;&#34;, &#34;&lt;td class=\&#34;col-duration\&#34;&gt;2 ms&lt;/td&gt;&#34;, &#34;&lt;td class=\&#34;col-links\&#34;&gt;&lt;/td&gt;&#34;], &#34;log&#34;: &#34;self = &amp;lt;tests.controllers_tests.test_asset_handlers.TestAssetHandler testMethod=test_delete_asset_database_error&amp;gt;\n\n    def test_delete_asset_database_error(self):\n        &amp;quot;&amp;quot;&amp;quot;Test deletion with database error.&amp;quot;&amp;quot;&amp;quot;\n        asset_id = str(uuid.uuid4())\n    \n        with self.app.test_request_context(method=&amp;quot;DELETE&amp;quot;, json={&amp;quot;asset_id&amp;quot;: asset_id}):\n            # Mock the delete_asset method to raise DatabaseError\n            self.mock_asset_service.delete_asset.side_effect = DatabaseError(&amp;quot;Database error&amp;quot;)\n    \n            # Ensure g.role is set for admin access\n            g.role = &amp;#x27;admin&amp;#x27;\n    \n&amp;gt;           response, status_code = self.asset_handler.delete_asset(asset_id)\nE           TypeError: cannot unpack non-iterable coroutine object\n\nasset_id   = &amp;#x27;4a8fc605-d2f8-4824-84eb-ed3cee873f34&amp;#x27;\nself       = &amp;lt;tests.controllers_tests.test_asset_handlers.TestAssetHandler testMethod=test_delete_asset_database_error&amp;gt;\n\ntests/controllers_tests/test_asset_handlers.py:318: TypeError\n&#34;}], &#34;tests/controllers_tests/test_asset_handlers.py::TestAssetHandler::test_delete_asset_invalid_id&#34;: [{&#34;extras&#34;: [], &#34;result&#34;: &#34;Failed&#34;, &#34;testId&#34;: &#34;tests/controllers_tests/test_asset_handlers.py::TestAssetHandler::test_delete_asset_invalid_id&#34;, &#34;duration&#34;: &#34;2 ms&#34;, &#34;resultsTableRow&#34;: [&#34;&lt;td class=\&#34;col-result\&#34;&gt;Failed&lt;/td&gt;&#34;, &#34;&lt;td class=\&#34;col-testId\&#34;&gt;tests/controllers_tests/test_asset_handlers.py::TestAssetHandler::test_delete_asset_invalid_id&lt;/td&gt;&#34;, &#34;&lt;td class=\&#34;col-duration\&#34;&gt;2 ms&lt;/td&gt;&#34;, &#34;&lt;td class=\&#34;col-links\&#34;&gt;&lt;/td&gt;&#34;], &#34;log&#34;: &#34;self = &amp;lt;tests.controllers_tests.test_asset_handlers.TestAssetHandler testMethod=test_delete_asset_invalid_id&amp;gt;\n\n    def test_delete_asset_invalid_id(self):\n        &amp;quot;&amp;quot;&amp;quot;Test failure when deleting an asset with an invalid ID.&amp;quot;&amp;quot;&amp;quot;\n        with self.app.test_request_context(method=&amp;quot;DELETE&amp;quot;, json={&amp;quot;asset_id&amp;quot;: &amp;quot;invalid_id&amp;quot;}):\n            g.role = &amp;#x27;admin&amp;#x27;\n&amp;gt;           response, status_code = self.asset_handler.delete_asset(&amp;quot;invalid_id&amp;quot;)\nE           TypeError: cannot unpack non-iterable coroutine object\n\nself       = &amp;lt;tests.controllers_tests.test_asset_handlers.TestAssetHandler testMethod=test_delete_asset_invalid_id&amp;gt;\n\ntests/controllers_tests/test_asset_handlers.py:87: TypeError\n&#34;}], &#34;tests/controllers_tests/test_asset_handlers.py::TestAssetHandler::test_delete_asset_invalid_uuid&#34;: [{&#34;extras&#34;: [], &#34;result&#34;: &#34;Failed&#34;, &#34;testId&#34;: &#34;tests/controllers_tests/test_asset_handlers.py::TestAssetHandler::test_delete_asset_invalid_uuid&#34;, &#34;duration&#34;: &#34;2 ms&#34;, &#34;resultsTableRow&#34;: [&#34;&lt;td class=\&#34;col-result\&#34;&gt;Failed&lt;/td&gt;&#34;, &#34;&lt;td class=\&#34;col-testId\&#34;&gt;tests/controllers_tests/test_asset_handlers.py::TestAssetHandler::test_delete_asset_invalid_uuid&lt;/td&gt;&#34;, &#34;&lt;td class=\&#34;col-duration\&#34;&gt;2 ms&lt;/td&gt;&#34;, &#34;&lt;td class=\&#34;col-links\&#34;&gt;&lt;/td&gt;&#34;], &#34;log&#34;: &#34;self = &amp;lt;tests.controllers_tests.test_asset_handlers.TestAssetHandler testMethod=test_delete_asset_invalid_uuid&amp;gt;\n\n    def test_delete_asset_invalid_uuid(self):\n        &amp;quot;&amp;quot;&amp;quot;Test deletion with invalid UUID.&amp;quot;&amp;quot;&amp;quot;\n        invalid_asset_ids = [\n            &amp;quot;invalid-uuid&amp;quot;,\n            &amp;quot;&amp;quot;,\n            &amp;quot;12345&amp;quot;\n        ]\n    \n        for asset_id in invalid_asset_ids:\n            with self.app.test_request_context(method=&amp;quot;DELETE&amp;quot;, json={&amp;quot;asset_id&amp;quot;: asset_id}):\n                # Ensure g.role is set for admin access\n                g.role = &amp;#x27;admin&amp;#x27;\n    \n&amp;gt;               response, status_code = self.asset_handler.delete_asset(asset_id)\nE               TypeError: cannot unpack non-iterable coroutine object\n\nasset_id   = &amp;#x27;invalid-uuid&amp;#x27;\ninvalid_asset_ids = [&amp;#x27;invalid-uuid&amp;#x27;, &amp;#x27;&amp;#x27;, &amp;#x27;12345&amp;#x27;]\nself       = &amp;lt;tests.controllers_tests.test_asset_handlers.TestAssetHandler testMethod=test_delete_asset_invalid_uuid&amp;gt;\n\ntests/controllers_tests/test_asset_handlers.py:282: TypeError\n&#34;}], &#34;tests/controllers_tests/test_asset_handlers.py::TestAssetHandler::test_delete_asset_not_exists&#34;: [{&#34;extras&#34;: [], &#34;result&#34;: &#34;Failed&#34;, &#34;testId&#34;: &#34;tests/controllers_tests/test_asset_handlers.py::TestAssetHandler::test_delete_asset_not_exists&#34;, &#34;duration&#34;: &#34;2 ms&#34;, &#34;resultsTableRow&#34;: [&#34;&lt;td class=\&#34;col-result\&#34;&gt;Failed&lt;/td&gt;&#34;, &#34;&lt;td class=\&#34;col-testId\&#34;&gt;tests/controllers_tests/test_asset_handlers.py::TestAssetHandler::test_delete_asset_not_exists&lt;/td&gt;&#34;, &#34;&lt;td class=\&#34;col-duration\&#34;&gt;2 ms&lt;/td&gt;&#34;, &#34;&lt;td class=\&#34;col-links\&#34;&gt;&lt;/td&gt;&#34;], &#34;log&#34;: &#34;self = &amp;lt;tests.controllers_tests.test_asset_handlers.TestAssetHandler testMethod=test_delete_asset_not_exists&amp;gt;\n\n    def test_delete_asset_not_exists(self):\n        &amp;quot;&amp;quot;&amp;quot;Test deletion of non-existent asset.&amp;quot;&amp;quot;&amp;quot;\n        asset_id = str(uuid.uuid4())\n    \n        with self.app.test_request_context(method=&amp;quot;DELETE&amp;quot;, json={&amp;quot;asset_id&amp;quot;: asset_id}):\n            # Mock the delete_asset method to raise NotExistsError\n            self.mock_asset_service.delete_asset.side_effect = NotExistsError(&amp;quot;Asset not found&amp;quot;)\n    \n            # Ensure g.role is set for admin access\n            g.role = &amp;#x27;admin&amp;#x27;\n    \n&amp;gt;           response, status_code = self.asset_handler.delete_asset(asset_id)\nE           TypeError: cannot unpack non-iterable coroutine object\n\nasset_id   = &amp;#x27;990346ee-39e6-46ba-9ea1-f02740b0472c&amp;#x27;\nself       = &amp;lt;tests.controllers_tests.test_asset_handlers.TestAssetHandler testMethod=test_delete_asset_not_exists&amp;gt;\n\ntests/controllers_tests/test_asset_handlers.py:300: TypeError\n&#34;}], &#34;tests/controllers_tests/test_asset_handlers.py::TestAssetHandler::test_delete_asset_success&#34;: [{&#34;extras&#34;: [], &#34;result&#34;: &#34;Failed&#34;, &#34;testId&#34;: &#34;tests/controllers_tests/test_asset_handlers.py::TestAssetHandler::test_delete_asset_success&#34;, &#34;duration&#34;: &#34;2 ms&#34;, &#34;resultsTableRow&#34;: [&#34;&lt;td class=\&#34;col-result\&#34;&gt;Failed&lt;/td&gt;&#34;, &#34;&lt;td class=\&#34;col-testId\&#34;&gt;tests/controllers_tests/test_asset_handlers.py::TestAssetHandler::test_delete_asset_success&lt;/td&gt;&#34;, &#34;&lt;td class=\&#34;col-duration\&#34;&gt;2 ms&lt;/td&gt;&#34;, &#34;&lt;td class=\&#34;col-links\&#34;&gt;&lt;/td&gt;&#34;], &#34;log&#34;: &#34;self = &amp;lt;tests.controllers_tests.test_asset_handlers.TestAssetHandler testMethod=test_delete_asset_success&amp;gt;\n\n    def test_delete_asset_success(self):\n        &amp;quot;&amp;quot;&amp;quot;Test successful deletion of an asset.&amp;quot;&amp;quot;&amp;quot;\n        asset_id = str(uuid.uuid4())\n        with self.app.test_request_context(method=&amp;quot;DELETE&amp;quot;, json={&amp;quot;asset_id&amp;quot;: asset_id}):\n            # Mocking the delete_asset method of AssetService\n            self.mock_asset_service.delete_asset.return_value = self.test_asset\n    \n            # Call the delete_asset method of AssetHandler\n            g.role = &amp;#x27;admin&amp;#x27;\n&amp;gt;           response, status_code = self.asset_handler.delete_asset(asset_id)\nE           TypeError: cannot unpack non-iterable coroutine object\n\nasset_id   = &amp;#x27;8609b812-1ed2-4ba5-b4cc-7ee9b77ba728&amp;#x27;\nself       = &amp;lt;tests.controllers_tests.test_asset_handlers.TestAssetHandler testMethod=test_delete_asset_success&amp;gt;\n\ntests/controllers_tests/test_asset_handlers.py:76: TypeError\n&#34;}], &#34;tests/controllers_tests/test_asset_handlers.py::TestAssetHandler::test_delete_asset_unexpected_error&#34;: [{&#34;extras&#34;: [], &#34;result&#34;: &#34;Failed&#34;, &#34;testId&#34;: &#34;tests/controllers_tests/test_asset_handlers.py::TestAssetHandler::test_delete_asset_unexpected_error&#34;, &#34;duration&#34;: &#34;2 ms&#34;, &#34;resultsTableRow&#34;: [&#34;&lt;td class=\&#34;col-result\&#34;&gt;Failed&lt;/td&gt;&#34;, &#34;&lt;td class=\&#34;col-testId\&#34;&gt;tests/controllers_tests/test_asset_handlers.py::TestAssetHandler::test_delete_asset_unexpected_error&lt;/td&gt;&#34;, &#34;&lt;td class=\&#34;col-duration\&#34;&gt;2 ms&lt;/td&gt;&#34;, &#34;&lt;td class=\&#34;col-links\&#34;&gt;&lt;/td&gt;&#34;], &#34;log&#34;: &#34;self = &amp;lt;tests.controllers_tests.test_asset_handlers.TestAssetHandler testMethod=test_delete_asset_unexpected_error&amp;gt;\n\n    def test_delete_asset_unexpected_error(self):\n        &amp;quot;&amp;quot;&amp;quot;Test deletion with unexpected error.&amp;quot;&amp;quot;&amp;quot;\n        asset_id = str(uuid.uuid4())\n    \n        with self.app.test_request_context(method=&amp;quot;DELETE&amp;quot;, json={&amp;quot;asset_id&amp;quot;: asset_id}):\n            # Mock the delete_asset method to raise an unexpected exception\n            self.mock_asset_service.delete_asset.side_effect = Exception(&amp;quot;Unexpected error&amp;quot;)\n    \n            # Ensure g.role is set for admin access\n            g.role = &amp;#x27;admin&amp;#x27;\n    \n&amp;gt;           response, status_code = self.asset_handler.delete_asset(asset_id)\nE           TypeError: cannot unpack non-iterable coroutine object\n\nasset_id   = &amp;#x27;599ca622-fc8e-44c1-b0ce-9e89f990c14f&amp;#x27;\nself       = &amp;lt;tests.controllers_tests.test_asset_handlers.TestAssetHandler testMethod=test_delete_asset_unexpected_error&amp;gt;\n\ntests/controllers_tests/test_asset_handlers.py:336: TypeError\n&#34;}], &#34;tests/controllers_tests/test_asset_handlers.py::TestAssetHandler::test_get_assets_success&#34;: [{&#34;extras&#34;: [], &#34;result&#34;: &#34;Failed&#34;, &#34;testId&#34;: &#34;tests/controllers_tests/test_asset_handlers.py::TestAssetHandler::test_get_assets_success&#34;, &#34;duration&#34;: &#34;2 ms&#34;, &#34;resultsTableRow&#34;: [&#34;&lt;td class=\&#34;col-result\&#34;&gt;Failed&lt;/td&gt;&#34;, &#34;&lt;td class=\&#34;col-testId\&#34;&gt;tests/controllers_tests/test_asset_handlers.py::TestAssetHandler::test_get_assets_success&lt;/td&gt;&#34;, &#34;&lt;td class=\&#34;col-duration\&#34;&gt;2 ms&lt;/td&gt;&#34;, &#34;&lt;td class=\&#34;col-links\&#34;&gt;&lt;/td&gt;&#34;], &#34;log&#34;: &#34;self = &amp;lt;tests.controllers_tests.test_asset_handlers.TestAssetHandler testMethod=test_get_assets_success&amp;gt;\n\n    def test_get_assets_success(self):\n        &amp;quot;&amp;quot;&amp;quot;Test successful retrieval of assets.&amp;quot;&amp;quot;&amp;quot;\n        with self.app.test_request_context(method=&amp;quot;GET&amp;quot;):\n            # Mock the get_assets method of AssetService\n            self.mock_asset_service.get_assets.return_value = [self.test_asset]\n    \n            # Call the get_assets method of AssetHandler\n            g.role = &amp;#x27;admin&amp;#x27;\n&amp;gt;           response, status_code = self.asset_handler.get_assets()\nE           TypeError: cannot unpack non-iterable coroutine object\n\nself       = &amp;lt;tests.controllers_tests.test_asset_handlers.TestAssetHandler testMethod=test_get_assets_success&amp;gt;\n\ntests/controllers_tests/test_asset_handlers.py:169: TypeError\n&#34;}], &#34;tests/controllers_tests/test_asset_handlers.py::TestAssetHandler::test_unassign_asset_database_error&#34;: [{&#34;extras&#34;: [], &#34;result&#34;: &#34;Failed&#34;, &#34;testId&#34;: &#34;tests/controllers_tests/test_asset_handlers.py::TestAssetHandler::test_unassign_asset_database_error&#34;, &#34;duration&#34;: &#34;2 ms&#34;, &#34;resultsTableRow&#34;: [&#34;&lt;td class=\&#34;col-result\&#34;&gt;Failed&lt;/td&gt;&#34;, &#34;&lt;td class=\&#34;col-testId\&#34;&gt;tests/controllers_tests/test_asset_handlers.py::TestAssetHandler::test_unassign_asset_database_error&lt;/td&gt;&#34;, &#34;&lt;td class=\&#34;col-duration\&#34;&gt;2 ms&lt;/td&gt;&#34;, &#34;&lt;td class=\&#34;col-links\&#34;&gt;&lt;/td&gt;&#34;], &#34;log&#34;: &#34;self = &amp;lt;tests.controllers_tests.test_asset_handlers.TestAssetHandler testMethod=test_unassign_asset_database_error&amp;gt;\n\n    def test_unassign_asset_database_error(self):\n        &amp;quot;&amp;quot;&amp;quot;Test unassignment with database error.&amp;quot;&amp;quot;&amp;quot;\n        user_id = str(uuid.uuid4())\n        asset_id = str(uuid.uuid4())\n        unassign_payload = {&amp;quot;user_id&amp;quot;: user_id, &amp;quot;asset_id&amp;quot;: asset_id}\n    \n        with self.app.test_request_context(method=&amp;quot;POST&amp;quot;, json=unassign_payload):\n            # Mock the unassign_asset method to raise DatabaseError\n            self.mock_asset_service.unassign_asset.side_effect = DatabaseError(&amp;quot;Database operation failed&amp;quot;)\n    \n            # Call the unassign_asset method of AssetHandler\n&amp;gt;           response, status_code = self.asset_handler.unassign_asset()\nE           TypeError: cannot unpack non-iterable coroutine object\n\nasset_id   = &amp;#x27;9d3f7dd7-2c2b-4c5f-b9c6-c36140912625&amp;#x27;\nself       = &amp;lt;tests.controllers_tests.test_asset_handlers.TestAssetHandler testMethod=test_unassign_asset_database_error&amp;gt;\nunassign_payload = {&amp;#x27;asset_id&amp;#x27;: &amp;#x27;9d3f7dd7-2c2b-4c5f-b9c6-c36140912625&amp;#x27;, &amp;#x27;user_id&amp;#x27;: &amp;#x27;0e86d311-5fd6-4b12-a342-4e4bd698c426&amp;#x27;}\nuser_id    = &amp;#x27;0e86d311-5fd6-4b12-a342-4e4bd698c426&amp;#x27;\n\ntests/controllers_tests/test_asset_handlers.py:244: TypeError\n&#34;}], &#34;tests/controllers_tests/test_asset_handlers.py::TestAssetHandler::test_unassign_asset_not_assigned&#34;: [{&#34;extras&#34;: [], &#34;result&#34;: &#34;Failed&#34;, &#34;testId&#34;: &#34;tests/controllers_tests/test_asset_handlers.py::TestAssetHandler::test_unassign_asset_not_assigned&#34;, &#34;duration&#34;: &#34;2 ms&#34;, &#34;resultsTableRow&#34;: [&#34;&lt;td class=\&#34;col-result\&#34;&gt;Failed&lt;/td&gt;&#34;, &#34;&lt;td class=\&#34;col-testId\&#34;&gt;tests/controllers_tests/test_asset_handlers.py::TestAssetHandler::test_unassign_asset_not_assigned&lt;/td&gt;&#34;, &#34;&lt;td class=\&#34;col-duration\&#34;&gt;2 ms&lt;/td&gt;&#34;, &#34;&lt;td class=\&#34;col-links\&#34;&gt;&lt;/td&gt;&#34;], &#34;log&#34;: &#34;self = &amp;lt;tests.controllers_tests.test_asset_handlers.TestAssetHandler testMethod=test_unassign_asset_not_assigned&amp;gt;\n\n    def test_unassign_asset_not_assigned(self):\n        &amp;quot;&amp;quot;&amp;quot;Test failure when unassigning a non-assigned asset.&amp;quot;&amp;quot;&amp;quot;\n        user_id = str(uuid.uuid4())\n        asset_id = str(uuid.uuid4())\n        unassign_payload = {&amp;quot;user_id&amp;quot;: user_id, &amp;quot;asset_id&amp;quot;: asset_id}\n        with self.app.test_request_context(method=&amp;quot;POST&amp;quot;, json=unassign_payload):\n            # Mock the unassign_asset method to raise NotAssignedError\n            self.mock_asset_service.unassign_asset.side_effect = NotAssignedError(&amp;quot;Asset not assigned&amp;quot;)\n    \n            # Call the unassign_asset method of AssetHandler\n&amp;gt;           response, status_code = self.asset_handler.unassign_asset()\nE           TypeError: cannot unpack non-iterable coroutine object\n\nasset_id   = &amp;#x27;514688c0-fc0e-4c99-a0f1-3e105c4792ba&amp;#x27;\nself       = &amp;lt;tests.controllers_tests.test_asset_handlers.TestAssetHandler testMethod=test_unassign_asset_not_assigned&amp;gt;\nunassign_payload = {&amp;#x27;asset_id&amp;#x27;: &amp;#x27;514688c0-fc0e-4c99-a0f1-3e105c4792ba&amp;#x27;, &amp;#x27;user_id&amp;#x27;: &amp;#x27;093e892a-3cdc-42c6-a2f7-2e4c7074cd5d&amp;#x27;}\nuser_id    = &amp;#x27;093e892a-3cdc-42c6-a2f7-2e4c7074cd5d&amp;#x27;\n\ntests/controllers_tests/test_asset_handlers.py:155: TypeError\n&#34;}], &#34;tests/controllers_tests/test_asset_handlers.py::TestAssetHandler::test_unassign_asset_not_assigned_error&#34;: [{&#34;extras&#34;: [], &#34;result&#34;: &#34;Failed&#34;, &#34;testId&#34;: &#34;tests/controllers_tests/test_asset_handlers.py::TestAssetHandler::test_unassign_asset_not_assigned_error&#34;, &#34;duration&#34;: &#34;2 ms&#34;, &#34;resultsTableRow&#34;: [&#34;&lt;td class=\&#34;col-result\&#34;&gt;Failed&lt;/td&gt;&#34;, &#34;&lt;td class=\&#34;col-testId\&#34;&gt;tests/controllers_tests/test_asset_handlers.py::TestAssetHandler::test_unassign_asset_not_assigned_error&lt;/td&gt;&#34;, &#34;&lt;td class=\&#34;col-duration\&#34;&gt;2 ms&lt;/td&gt;&#34;, &#34;&lt;td class=\&#34;col-links\&#34;&gt;&lt;/td&gt;&#34;], &#34;log&#34;: &#34;self = &amp;lt;tests.controllers_tests.test_asset_handlers.TestAssetHandler testMethod=test_unassign_asset_not_assigned_error&amp;gt;\n\n    def test_unassign_asset_not_assigned_error(self):\n        &amp;quot;&amp;quot;&amp;quot;Test unassignment when asset is not assigned.&amp;quot;&amp;quot;&amp;quot;\n        user_id = str(uuid.uuid4())\n        asset_id = str(uuid.uuid4())\n        unassign_payload = {&amp;quot;user_id&amp;quot;: user_id, &amp;quot;asset_id&amp;quot;: asset_id}\n    \n        with self.app.test_request_context(method=&amp;quot;POST&amp;quot;, json=unassign_payload):\n            # Mock the unassign_asset method to raise NotAssignedError\n            self.mock_asset_service.unassign_asset.side_effect = NotAssignedError(&amp;quot;Asset is not assigned&amp;quot;)\n    \n            # Call the unassign_asset method of AssetHandler\n&amp;gt;           response, status_code = self.asset_handler.unassign_asset()\nE           TypeError: cannot unpack non-iterable coroutine object\n\nasset_id   = &amp;#x27;dd101eed-a0b0-473a-b02f-0c781284c58b&amp;#x27;\nself       = &amp;lt;tests.controllers_tests.test_asset_handlers.TestAssetHandler testMethod=test_unassign_asset_not_assigned_error&amp;gt;\nunassign_payload = {&amp;#x27;asset_id&amp;#x27;: &amp;#x27;dd101eed-a0b0-473a-b02f-0c781284c58b&amp;#x27;, &amp;#x27;user_id&amp;#x27;: &amp;#x27;36584380-b852-4003-9340-5ab657e91007&amp;#x27;}\nuser_id    = &amp;#x27;36584380-b852-4003-9340-5ab657e91007&amp;#x27;\n\ntests/controllers_tests/test_asset_handlers.py:226: TypeError\n&#34;}], &#34;tests/controllers_tests/test_asset_handlers.py::TestAssetHandler::test_unassign_asset_not_exists_error&#34;: [{&#34;extras&#34;: [], &#34;result&#34;: &#34;Failed&#34;, &#34;testId&#34;: &#34;tests/controllers_tests/test_asset_handlers.py::TestAssetHandler::test_unassign_asset_not_exists_error&#34;, &#34;duration&#34;: &#34;2 ms&#34;, &#34;resultsTableRow&#34;: [&#34;&lt;td class=\&#34;col-result\&#34;&gt;Failed&lt;/td&gt;&#34;, &#34;&lt;td class=\&#34;col-testId\&#34;&gt;tests/controllers_tests/test_asset_handlers.py::TestAssetHandler::test_unassign_asset_not_exists_error&lt;/td&gt;&#34;, &#34;&lt;td class=\&#34;col-duration\&#34;&gt;2 ms&lt;/td&gt;&#34;, &#34;&lt;td class=\&#34;col-links\&#34;&gt;&lt;/td&gt;&#34;], &#34;log&#34;: &#34;self = &amp;lt;tests.controllers_tests.test_asset_handlers.TestAssetHandler testMethod=test_unassign_asset_not_exists_error&amp;gt;\n\n    def test_unassign_asset_not_exists_error(self):\n        &amp;quot;&amp;quot;&amp;quot;Test unassignment when user or asset does not exist.&amp;quot;&amp;quot;&amp;quot;\n        user_id = str(uuid.uuid4())\n        asset_id = str(uuid.uuid4())\n        unassign_payload = {&amp;quot;user_id&amp;quot;: user_id, &amp;quot;asset_id&amp;quot;: asset_id}\n    \n        with self.app.test_request_context(method=&amp;quot;POST&amp;quot;, json=unassign_payload):\n            # Mock the unassign_asset method to raise NotExistsError\n            self.mock_asset_service.unassign_asset.side_effect = NotExistsError(&amp;quot;User or asset not found&amp;quot;)\n    \n            # Call the unassign_asset method of AssetHandler\n&amp;gt;           response, status_code = self.asset_handler.unassign_asset()\nE           TypeError: cannot unpack non-iterable coroutine object\n\nasset_id   = &amp;#x27;95b6b00a-3eb0-4bbf-8475-2c68d3343584&amp;#x27;\nself       = &amp;lt;tests.controllers_tests.test_asset_handlers.TestAssetHandler testMethod=test_unassign_asset_not_exists_error&amp;gt;\nunassign_payload = {&amp;#x27;asset_id&amp;#x27;: &amp;#x27;95b6b00a-3eb0-4bbf-8475-2c68d3343584&amp;#x27;, &amp;#x27;user_id&amp;#x27;: &amp;#x27;e314c24b-bd7a-4cd5-8691-bd01ecc400d8&amp;#x27;}\nuser_id    = &amp;#x27;e314c24b-bd7a-4cd5-8691-bd01ecc400d8&amp;#x27;\n\ntests/controllers_tests/test_asset_handlers.py:188: TypeError\n&#34;}], &#34;tests/controllers_tests/test_asset_handlers.py::TestAssetHandler::test_unassign_asset_success&#34;: [{&#34;extras&#34;: [], &#34;result&#34;: &#34;Failed&#34;, &#34;testId&#34;: &#34;tests/controllers_tests/test_asset_handlers.py::TestAssetHandler::test_unassign_asset_success&#34;, &#34;duration&#34;: &#34;2 ms&#34;, &#34;resultsTableRow&#34;: [&#34;&lt;td class=\&#34;col-result\&#34;&gt;Failed&lt;/td&gt;&#34;, &#34;&lt;td class=\&#34;col-testId\&#34;&gt;tests/controllers_tests/test_asset_handlers.py::TestAssetHandler::test_unassign_asset_success&lt;/td&gt;&#34;, &#34;&lt;td class=\&#34;col-duration\&#34;&gt;2 ms&lt;/td&gt;&#34;, &#34;&lt;td class=\&#34;col-links\&#34;&gt;&lt;/td&gt;&#34;], &#34;log&#34;: &#34;self = &amp;lt;tests.controllers_tests.test_asset_handlers.TestAssetHandler testMethod=test_unassign_asset_success&amp;gt;\n\n    def test_unassign_asset_success(self):\n        &amp;quot;&amp;quot;&amp;quot;Test successful unassignment of an asset.&amp;quot;&amp;quot;&amp;quot;\n        user_id = str(uuid.uuid4())\n        asset_id = str(uuid.uuid4())\n        unassign_payload = {&amp;quot;user_id&amp;quot;: user_id, &amp;quot;asset_id&amp;quot;: asset_id}\n    \n        with self.app.test_request_context(method=&amp;quot;POST&amp;quot;, json=unassign_payload):\n            # Ensure g.role is set\n            g.role = &amp;#x27;admin&amp;#x27;\n    \n&amp;gt;           response, status_code = self.asset_handler.unassign_asset()\nE           TypeError: cannot unpack non-iterable coroutine object\n\nasset_id   = &amp;#x27;afae873a-9261-4cf6-b102-c515db70a9eb&amp;#x27;\nself       = &amp;lt;tests.controllers_tests.test_asset_handlers.TestAssetHandler testMethod=test_unassign_asset_success&amp;gt;\nunassign_payload = {&amp;#x27;asset_id&amp;#x27;: &amp;#x27;afae873a-9261-4cf6-b102-c515db70a9eb&amp;#x27;, &amp;#x27;user_id&amp;#x27;: &amp;#x27;8162fc84-4b05-44da-bee6-1ca375fed529&amp;#x27;}\nuser_id    = &amp;#x27;8162fc84-4b05-44da-bee6-1ca375fed529&amp;#x27;\n\ntests/controllers_tests/test_asset_handlers.py:138: TypeError\n&#34;}], &#34;tests/controllers_tests/test_asset_handlers.py::TestAssetHandler::test_unassign_asset_unexpected_error&#34;: [{&#34;extras&#34;: [], &#34;result&#34;: &#34;Failed&#34;, &#34;testId&#34;: &#34;tests/controllers_tests/test_asset_handlers.py::TestAssetHandler::test_unassign_asset_unexpected_error&#34;, &#34;duration&#34;: &#34;2 ms&#34;, &#34;resultsTableRow&#34;: [&#34;&lt;td class=\&#34;col-result\&#34;&gt;Failed&lt;/td&gt;&#34;, &#34;&lt;td class=\&#34;col-testId\&#34;&gt;tests/controllers_tests/test_asset_handlers.py::TestAssetHandler::test_unassign_asset_unexpected_error&lt;/td&gt;&#34;, &#34;&lt;td class=\&#34;col-duration\&#34;&gt;2 ms&lt;/td&gt;&#34;, &#34;&lt;td class=\&#34;col-links\&#34;&gt;&lt;/td&gt;&#34;], &#34;log&#34;: &#34;self = &amp;lt;tests.controllers_tests.test_asset_handlers.TestAssetHandler testMethod=test_unassign_asset_unexpected_error&amp;gt;\n\n    def test_unassign_asset_unexpected_error(self):\n        &amp;quot;&amp;quot;&amp;quot;Test unassignment with an unexpected error.&amp;quot;&amp;quot;&amp;quot;\n        user_id = str(uuid.uuid4())\n        asset_id = str(uuid.uuid4())\n        unassign_payload = {&amp;quot;user_id&amp;quot;: user_id, &amp;quot;asset_id&amp;quot;: asset_id}\n    \n        with self.app.test_request_context(method=&amp;quot;POST&amp;quot;, json=unassign_payload):\n            # Mock the unassign_asset method to raise an unexpected exception\n            self.mock_asset_service.unassign_asset.side_effect = Exception(&amp;quot;Unexpected error&amp;quot;)\n    \n            # Call the unassign_asset method of AssetHandler\n&amp;gt;           response, status_code = self.asset_handler.unassign_asset()\nE           TypeError: cannot unpack non-iterable coroutine object\n\nasset_id   = &amp;#x27;a671f297-2da3-4f61-a918-9c8e17723c79&amp;#x27;\nself       = &amp;lt;tests.controllers_tests.test_asset_handlers.TestAssetHandler testMethod=test_unassign_asset_unexpected_error&amp;gt;\nunassign_payload = {&amp;#x27;asset_id&amp;#x27;: &amp;#x27;a671f297-2da3-4f61-a918-9c8e17723c79&amp;#x27;, &amp;#x27;user_id&amp;#x27;: &amp;#x27;e736df6f-93b5-469d-998f-303020652ea2&amp;#x27;}\nuser_id    = &amp;#x27;e736df6f-93b5-469d-998f-303020652ea2&amp;#x27;\n\ntests/controllers_tests/test_asset_handlers.py:262: TypeError\n&#34;}], &#34;tests/controllers_tests/test_asset_handlers.py::TestAssetHandler::test_unassign_asset_validation_error&#34;: [{&#34;extras&#34;: [], &#34;result&#34;: &#34;Failed&#34;, &#34;testId&#34;: &#34;tests/controllers_tests/test_asset_handlers.py::TestAssetHandler::test_unassign_asset_validation_error&#34;, &#34;duration&#34;: &#34;2 ms&#34;, &#34;resultsTableRow&#34;: [&#34;&lt;td class=\&#34;col-result\&#34;&gt;Failed&lt;/td&gt;&#34;, &#34;&lt;td class=\&#34;col-testId\&#34;&gt;tests/controllers_tests/test_asset_handlers.py::TestAssetHandler::test_unassign_asset_validation_error&lt;/td&gt;&#34;, &#34;&lt;td class=\&#34;col-duration\&#34;&gt;2 ms&lt;/td&gt;&#34;, &#34;&lt;td class=\&#34;col-links\&#34;&gt;&lt;/td&gt;&#34;], &#34;log&#34;: &#34;self = &amp;lt;tests.controllers_tests.test_asset_handlers.TestAssetHandler testMethod=test_unassign_asset_validation_error&amp;gt;\n\n    def test_unassign_asset_validation_error(self):\n        &amp;quot;&amp;quot;&amp;quot;Test unassignment with invalid input.&amp;quot;&amp;quot;&amp;quot;\n        invalid_payloads = [\n            {&amp;quot;user_id&amp;quot;: str(uuid.uuid4()), &amp;quot;asset_id&amp;quot;: str(uuid.uuid4())},\n            {&amp;quot;user_id&amp;quot;: str(uuid.uuid4()), &amp;quot;asset_id&amp;quot;: str(uuid.uuid4())},\n        ]\n    \n        for unassign_payload in invalid_payloads:\n            with self.app.test_request_context(method=&amp;quot;POST&amp;quot;, json=unassign_payload):\n                # Mock the unassign_asset method to raise ValidationError\n                self.mock_asset_service.unassign_asset.side_effect = ValidationError(&amp;quot;Invalid input&amp;quot;)\n    \n                # Call the unassign_asset method of AssetHandler\n&amp;gt;               response, status_code = self.asset_handler.unassign_asset()\nE               TypeError: cannot unpack non-iterable coroutine object\n\ninvalid_payloads = [{&amp;#x27;asset_id&amp;#x27;: &amp;#x27;46d526aa-3ce8-42e6-ad7a-65b3b2e15788&amp;#x27;, &amp;#x27;user_id&amp;#x27;: &amp;#x27;61722d81-4319-4bd5-a30d-653dc817afde&amp;#x27;}, {&amp;#x27;asset_id&amp;#x27;: &amp;#x27;ff93986a-b75d-4117-84e4-f50088319e47&amp;#x27;, &amp;#x27;user_id&amp;#x27;: &amp;#x27;f909485f-b9c2-4dbc-99f7-1387040a9010&amp;#x27;}]\nself       = &amp;lt;tests.controllers_tests.test_asset_handlers.TestAssetHandler testMethod=test_unassign_asset_validation_error&amp;gt;\nunassign_payload = {&amp;#x27;asset_id&amp;#x27;: &amp;#x27;46d526aa-3ce8-42e6-ad7a-65b3b2e15788&amp;#x27;, &amp;#x27;user_id&amp;#x27;: &amp;#x27;61722d81-4319-4bd5-a30d-653dc817afde&amp;#x27;}\n\ntests/controllers_tests/test_asset_handlers.py:208: TypeError\n&#34;}], &#34;tests/controllers_tests/test_asset_issue_handlers.py::TestIssueHandler::test_get_user_issues_success&#34;: [{&#34;extras&#34;: [], &#34;result&#34;: &#34;Passed&#34;, &#34;testId&#34;: &#34;tests/controllers_tests/test_asset_issue_handlers.py::TestIssueHandler::test_get_user_issues_success&#34;, &#34;duration&#34;: &#34;3 ms&#34;, &#34;resultsTableRow&#34;: [&#34;&lt;td class=\&#34;col-result\&#34;&gt;Passed&lt;/td&gt;&#34;, &#34;&lt;td class=\&#34;col-testId\&#34;&gt;tests/controllers_tests/test_asset_issue_handlers.py::TestIssueHandler::test_get_user_issues_success&lt;/td&gt;&#34;, &#34;&lt;td class=\&#34;col-duration\&#34;&gt;3 ms&lt;/td&gt;&#34;, &#34;&lt;td class=\&#34;col-links\&#34;&gt;&lt;/td&gt;&#34;], &#34;log&#34;: &#34;------------------------------ Captured log call -------------------------------\nINFO     ThreadSafeLogger:logger.py:74 get_user_issues executed successfully.\nDEBUG    ThreadSafeLogger:logger.py:83 Exiting get_user_issues\n\n&#34;}], &#34;tests/controllers_tests/test_asset_issue_handlers.py::TestIssueHandler::test_get_user_issues_user_not_found&#34;: [{&#34;extras&#34;: [], &#34;result&#34;: &#34;Passed&#34;, &#34;testId&#34;: &#34;tests/controllers_tests/test_asset_issue_handlers.py::TestIssueHandler::test_get_user_issues_user_not_found&#34;, &#34;duration&#34;: &#34;1 ms&#34;, &#34;resultsTableRow&#34;: [&#34;&lt;td class=\&#34;col-result\&#34;&gt;Passed&lt;/td&gt;&#34;, &#34;&lt;td class=\&#34;col-testId\&#34;&gt;tests/controllers_tests/test_asset_issue_handlers.py::TestIssueHandler::test_get_user_issues_user_not_found&lt;/td&gt;&#34;, &#34;&lt;td class=\&#34;col-duration\&#34;&gt;1 ms&lt;/td&gt;&#34;, &#34;&lt;td class=\&#34;col-links\&#34;&gt;&lt;/td&gt;&#34;], &#34;log&#34;: &#34;------------------------------ Captured log call -------------------------------\nINFO     ThreadSafeLogger:logger.py:74 get_user_issues executed successfully.\nDEBUG    ThreadSafeLogger:logger.py:83 Exiting get_user_issues\n\n&#34;}], &#34;tests/controllers_tests/test_asset_issue_handlers.py::TestIssueHandler::test_get_user_issues_database_error&#34;: [{&#34;extras&#34;: [], &#34;result&#34;: &#34;Failed&#34;, &#34;testId&#34;: &#34;tests/controllers_tests/test_asset_issue_handlers.py::TestIssueHandler::test_get_user_issues_database_error&#34;, &#34;duration&#34;: &#34;1 ms&#34;, &#34;resultsTableRow&#34;: [&#34;&lt;td class=\&#34;col-result\&#34;&gt;Failed&lt;/td&gt;&#34;, &#34;&lt;td class=\&#34;col-testId\&#34;&gt;tests/controllers_tests/test_asset_issue_handlers.py::TestIssueHandler::test_get_user_issues_database_error&lt;/td&gt;&#34;, &#34;&lt;td class=\&#34;col-duration\&#34;&gt;1 ms&lt;/td&gt;&#34;, &#34;&lt;td class=\&#34;col-links\&#34;&gt;&lt;/td&gt;&#34;], &#34;log&#34;: &#34;self = IssueHandler(issue_service=&amp;lt;Mock id=&amp;#x27;4604835856&amp;#x27;&amp;gt;), user_id = &amp;#x27;550e8400-e29b-41d4-a716-446655440000&amp;#x27;\n\n    @custom_logger(logger)\n    def get_user_issues(self, user_id: str):\n        try:\n&amp;gt;           issues = self.issue_service.get_user_issues(user_id)\n\nself       = IssueHandler(issue_service=&amp;lt;Mock id=&amp;#x27;4604835856&amp;#x27;&amp;gt;)\nuser_id    = &amp;#x27;550e8400-e29b-41d4-a716-446655440000&amp;#x27;\n\nsrc/app/controllers/asset_issue/handlers.py:26: \n_ _ _ _ _ _ _ _ _ _ _ _ _ _ _ _ _ _ _ _ _ _ _ _ _ _ _ _ _ _ _ _ _ _ _ _ _ _ _ _ _ _ _ _ _ _ _ _ _ _ _ _ _ _ _ _ _ _ _ _ _ _ _ _ _ _ _ _ _ _ _ _ _ _ _ _ _ _ _ _ _ _ _ _ _ _ _ _ _ _ _ \n/Library/Frameworks/Python.framework/Versions/3.11/lib/python3.11/unittest/mock.py:1118: in __call__\n    return self._mock_call(*args, **kwargs)\n        args       = (&amp;#x27;550e8400-e29b-41d4-a716-446655440000&amp;#x27;,)\n        kwargs     = {}\n        self       = &amp;lt;Mock name=&amp;#x27;mock.get_user_issues&amp;#x27; id=&amp;#x27;4604828752&amp;#x27;&amp;gt;\n/Library/Frameworks/Python.framework/Versions/3.11/lib/python3.11/unittest/mock.py:1122: in _mock_call\n    return self._execute_mock_call(*args, **kwargs)\n        args       = (&amp;#x27;550e8400-e29b-41d4-a716-446655440000&amp;#x27;,)\n        kwargs     = {}\n        self       = &amp;lt;Mock name=&amp;#x27;mock.get_user_issues&amp;#x27; id=&amp;#x27;4604828752&amp;#x27;&amp;gt;\n_ _ _ _ _ _ _ _ _ _ _ _ _ _ _ _ _ _ _ _ _ _ _ _ _ _ _ _ _ _ _ _ _ _ _ _ _ _ _ _ _ _ _ _ _ _ _ _ _ _ _ _ _ _ _ _ _ _ _ _ _ _ _ _ _ _ _ _ _ _ _ _ _ _ _ _ _ _ _ _ _ _ _ _ _ _ _ _ _ _ _ \n\nself = &amp;lt;Mock name=&amp;#x27;mock.get_user_issues&amp;#x27; id=&amp;#x27;4604828752&amp;#x27;&amp;gt;, args = (&amp;#x27;550e8400-e29b-41d4-a716-446655440000&amp;#x27;,), kwargs = {}, effect = Exception(&amp;#x27;Database error&amp;#x27;)\n\n    def _execute_mock_call(self, /, *args, **kwargs):\n        # separate from _increment_mock_call so that awaited functions are\n        # executed separately from their call, also AsyncMock overrides this method\n    \n        effect = self.side_effect\n        if effect is not None:\n            if _is_exception(effect):\n&amp;gt;               raise effect\nE               Exception: Database error\n\nargs       = (&amp;#x27;550e8400-e29b-41d4-a716-446655440000&amp;#x27;,)\neffect     = Exception(&amp;#x27;Database error&amp;#x27;)\nkwargs     = {}\nself       = &amp;lt;Mock name=&amp;#x27;mock.get_user_issues&amp;#x27; id=&amp;#x27;4604828752&amp;#x27;&amp;gt;\n\n/Library/Frameworks/Python.framework/Versions/3.11/lib/python3.11/unittest/mock.py:1177: Exception\n\nDuring handling of the above exception, another exception occurred:\n\nself = &amp;lt;tests.controllers_tests.test_asset_issue_handlers.TestIssueHandler object at 0x11229d310&amp;gt;, issue_handler = IssueHandler(issue_service=&amp;lt;Mock id=&amp;#x27;4604835856&amp;#x27;&amp;gt;)\n\n    @pytest.mark.asyncio\n    async def test_get_user_issues_database_error(self, issue_handler):\n        valid_user_id = &amp;quot;550e8400-e29b-41d4-a716-446655440000&amp;quot;\n        issue_handler.issue_service.get_user_issues.side_effect = Exception(&amp;quot;Database error&amp;quot;)\n    \n&amp;gt;       response = await issue_handler.get_user_issues(valid_user_id)\n\nissue_handler = IssueHandler(issue_service=&amp;lt;Mock id=&amp;#x27;4604835856&amp;#x27;&amp;gt;)\nself       = &amp;lt;tests.controllers_tests.test_asset_issue_handlers.TestIssueHandler object at 0x11229d310&amp;gt;\nvalid_user_id = &amp;#x27;550e8400-e29b-41d4-a716-446655440000&amp;#x27;\n\ntests/controllers_tests/test_asset_issue_handlers.py:112: \n_ _ _ _ _ _ _ _ _ _ _ _ _ _ _ _ _ _ _ _ _ _ _ _ _ _ _ _ _ _ _ _ _ _ _ _ _ _ _ _ _ _ _ _ _ _ _ _ _ _ _ _ _ _ _ _ _ _ _ _ _ _ _ _ _ _ _ _ _ _ _ _ _ _ _ _ _ _ _ _ _ _ _ _ _ _ _ _ _ _ _ \nsrc/app/utils/logger/custom_logger.py:47: in wrapped_func\n    result = func(*args, **kwargs)\n        args       = (IssueHandler(issue_service=&amp;lt;Mock id=&amp;#x27;4604835856&amp;#x27;&amp;gt;), &amp;#x27;550e8400-e29b-41d4-a716-446655440000&amp;#x27;)\n        error_msg  = &amp;#x27;Error occurred in get_user_issues: Object of type ErrorCodes is not JSON serializable\\nUser Context:\\n  - user_id: Unknown\\n  - role: Unknown\\n&amp;#x27;\n        func       = &amp;lt;function IssueHandler.get_user_issues at 0x112288180&amp;gt;\n        kwargs     = {}\n        logger     = &amp;lt;src.app.utils.logger.logger.Logger object at 0x11096e990&amp;gt;\n        request    = None\n        role       = &amp;#x27;Unknown&amp;#x27;\n        sanitized_body = {}\n        user_id    = &amp;#x27;Unknown&amp;#x27;\nsrc/app/controllers/asset_issue/handlers.py:44: in get_user_issues\n    ).to_response()\n        self       = IssueHandler(issue_service=&amp;lt;Mock id=&amp;#x27;4604835856&amp;#x27;&amp;gt;)\n        user_id    = &amp;#x27;550e8400-e29b-41d4-a716-446655440000&amp;#x27;\nsrc/app/models/response.py:28: in to_response\n    return JSONResponse(\n        self       = CustomResponse(status_code=&amp;lt;ErrorCodes.DATABASE_OPERATION_ERROR: 5003&amp;gt;, message=&amp;#x27;Error fetching user issues&amp;#x27;, http_status_code=500, data=None)\n.venv/lib/python3.11/site-packages/starlette/responses.py:180: in __init__\n    super().__init__(content, status_code, headers, media_type, background)\n        __class__  = &amp;lt;class &amp;#x27;starlette.responses.JSONResponse&amp;#x27;&amp;gt;\n        background = None\n        content    = {&amp;#x27;message&amp;#x27;: &amp;#x27;Error fetching user issues&amp;#x27;, &amp;#x27;status_code&amp;#x27;: &amp;lt;ErrorCodes.DATABASE_OPERATION_ERROR: 5003&amp;gt;}\n        headers    = None\n        media_type = None\n        self       = &amp;lt;starlette.responses.JSONResponse object at 0x1127838d0&amp;gt;\n        status_code = 500\n.venv/lib/python3.11/site-packages/starlette/responses.py:43: in __init__\n    self.body = self.render(content)\n        background = None\n        content    = {&amp;#x27;message&amp;#x27;: &amp;#x27;Error fetching user issues&amp;#x27;, &amp;#x27;status_code&amp;#x27;: &amp;lt;ErrorCodes.DATABASE_OPERATION_ERROR: 5003&amp;gt;}\n        headers    = None\n        media_type = None\n        self       = &amp;lt;starlette.responses.JSONResponse object at 0x1127838d0&amp;gt;\n        status_code = 500\n.venv/lib/python3.11/site-packages/starlette/responses.py:183: in render\n    return json.dumps(\n        content    = {&amp;#x27;message&amp;#x27;: &amp;#x27;Error fetching user issues&amp;#x27;, &amp;#x27;status_code&amp;#x27;: &amp;lt;ErrorCodes.DATABASE_OPERATION_ERROR: 5003&amp;gt;}\n        self       = &amp;lt;starlette.responses.JSONResponse object at 0x1127838d0&amp;gt;\n/Library/Frameworks/Python.framework/Versions/3.11/lib/python3.11/json/__init__.py:238: in dumps\n    **kw).encode(obj)\n        allow_nan  = False\n        check_circular = True\n        cls        = &amp;lt;class &amp;#x27;json.encoder.JSONEncoder&amp;#x27;&amp;gt;\n        default    = None\n        ensure_ascii = False\n        indent     = None\n        kw         = {}\n        obj        = {&amp;#x27;message&amp;#x27;: &amp;#x27;Error fetching user issues&amp;#x27;, &amp;#x27;status_code&amp;#x27;: &amp;lt;ErrorCodes.DATABASE_OPERATION_ERROR: 5003&amp;gt;}\n        separators = (&amp;#x27;,&amp;#x27;, &amp;#x27;:&amp;#x27;)\n        skipkeys   = False\n        sort_keys  = False\n/Library/Frameworks/Python.framework/Versions/3.11/lib/python3.11/json/encoder.py:200: in encode\n    chunks = self.iterencode(o, _one_shot=True)\n        o          = {&amp;#x27;message&amp;#x27;: &amp;#x27;Error fetching user issues&amp;#x27;, &amp;#x27;status_code&amp;#x27;: &amp;lt;ErrorCodes.DATABASE_OPERATION_ERROR: 5003&amp;gt;}\n        self       = &amp;lt;json.encoder.JSONEncoder object at 0x112780dd0&amp;gt;\n/Library/Frameworks/Python.framework/Versions/3.11/lib/python3.11/json/encoder.py:258: in iterencode\n    return _iterencode(o, 0)\n        _encoder   = &amp;lt;built-in function encode_basestring&amp;gt;\n        _iterencode = &amp;lt;_json.Encoder object at 0x1125841c0&amp;gt;\n        _one_shot  = True\n        floatstr   = &amp;lt;function JSONEncoder.iterencode.&amp;lt;locals&amp;gt;.floatstr at 0x11254e200&amp;gt;\n        markers    = {4409329296: &amp;lt;ErrorCodes.DATABASE_OPERATION_ERROR: 5003&amp;gt;, 4605065792: {&amp;#x27;message&amp;#x27;: &amp;#x27;Error fetching user issues&amp;#x27;, &amp;#x27;status_code&amp;#x27;: &amp;lt;ErrorCodes.DATABASE_OPERATION_ERROR: 5003&amp;gt;}}\n        o          = {&amp;#x27;message&amp;#x27;: &amp;#x27;Error fetching user issues&amp;#x27;, &amp;#x27;status_code&amp;#x27;: &amp;lt;ErrorCodes.DATABASE_OPERATION_ERROR: 5003&amp;gt;}\n        self       = &amp;lt;json.encoder.JSONEncoder object at 0x112780dd0&amp;gt;\n_ _ _ _ _ _ _ _ _ _ _ _ _ _ _ _ _ _ _ _ _ _ _ _ _ _ _ _ _ _ _ _ _ _ _ _ _ _ _ _ _ _ _ _ _ _ _ _ _ _ _ _ _ _ _ _ _ _ _ _ _ _ _ _ _ _ _ _ _ _ _ _ _ _ _ _ _ _ _ _ _ _ _ _ _ _ _ _ _ _ _ \n\nself = &amp;lt;json.encoder.JSONEncoder object at 0x112780dd0&amp;gt;, o = &amp;lt;ErrorCodes.DATABASE_OPERATION_ERROR: 5003&amp;gt;\n\n    def default(self, o):\n        &amp;quot;&amp;quot;&amp;quot;Implement this method in a subclass such that it returns\n        a serializable object for ``o``, or calls the base implementation\n        (to raise a ``TypeError``).\n    \n        For example, to support arbitrary iterators, you could\n        implement default like this::\n    \n            def default(self, o):\n                try:\n                    iterable = iter(o)\n                except TypeError:\n                    pass\n                else:\n                    return list(iterable)\n                # Let the base class default method raise the TypeError\n                return JSONEncoder.default(self, o)\n    \n        &amp;quot;&amp;quot;&amp;quot;\n&amp;gt;       raise TypeError(f&amp;#x27;Object of type {o.__class__.__name__} &amp;#x27;\n                        f&amp;#x27;is not JSON serializable&amp;#x27;)\nE       TypeError: Object of type ErrorCodes is not JSON serializable\n\no          = &amp;lt;ErrorCodes.DATABASE_OPERATION_ERROR: 5003&amp;gt;\nself       = &amp;lt;json.encoder.JSONEncoder object at 0x112780dd0&amp;gt;\n\n/Library/Frameworks/Python.framework/Versions/3.11/lib/python3.11/json/encoder.py:180: TypeError\n\n------------------------------ Captured log call -------------------------------\nERROR    ThreadSafeLogger:logger.py:77 Error occurred in get_user_issues: Object of type ErrorCodes is not JSON serializable\nUser Context:\n  - user_id: Unknown\n  - role: Unknown\n\nDEBUG    ThreadSafeLogger:logger.py:83 Exiting get_user_issues\n\n&#34;}], &#34;tests/controllers_tests/test_asset_issue_handlers.py::TestIssueHandler::test_get_issues_success&#34;: [{&#34;extras&#34;: [], &#34;result&#34;: &#34;Failed&#34;, &#34;testId&#34;: &#34;tests/controllers_tests/test_asset_issue_handlers.py::TestIssueHandler::test_get_issues_success&#34;, &#34;duration&#34;: &#34;3 ms&#34;, &#34;resultsTableRow&#34;: [&#34;&lt;td class=\&#34;col-result\&#34;&gt;Failed&lt;/td&gt;&#34;, &#34;&lt;td class=\&#34;col-testId\&#34;&gt;tests/controllers_tests/test_asset_issue_handlers.py::TestIssueHandler::test_get_issues_success&lt;/td&gt;&#34;, &#34;&lt;td class=\&#34;col-duration\&#34;&gt;3 ms&lt;/td&gt;&#34;, &#34;&lt;td class=\&#34;col-links\&#34;&gt;&lt;/td&gt;&#34;], &#34;log&#34;: &#34;self = &amp;lt;tests.controllers_tests.test_asset_issue_handlers.TestIssueHandler object at 0x11229dc90&amp;gt;, issue_handler = IssueHandler(issue_service=&amp;lt;Mock id=&amp;#x27;4606481680&amp;#x27;&amp;gt;)\nsample_issues = [Issue(), Issue()], mock_request = &amp;lt;MagicMock spec=&amp;#x27;Request&amp;#x27; id=&amp;#x27;4606484624&amp;#x27;&amp;gt;\n\n    @pytest.mark.asyncio\n    async def test_get_issues_success(self, issue_handler, sample_issues, mock_request):\n    \n        issue_handler.issue_service.get_issues.return_value = sample_issues\n    \n        response = await issue_handler.get_issues(request=mock_request)\n    \n&amp;gt;       assert response[&amp;quot;status_code&amp;quot;] == 200\nE       assert &amp;lt;ErrorCodes.INVALID_TOKEN_PAYLOAD_ERROR: 4008&amp;gt; == 200\n\nissue_handler = IssueHandler(issue_service=&amp;lt;Mock id=&amp;#x27;4606481680&amp;#x27;&amp;gt;)\nmock_request = &amp;lt;MagicMock spec=&amp;#x27;Request&amp;#x27; id=&amp;#x27;4606484624&amp;#x27;&amp;gt;\nresponse   = {&amp;#x27;message&amp;#x27;: &amp;#x27;Request context not available&amp;#x27;, &amp;#x27;status_code&amp;#x27;: &amp;lt;ErrorCodes.INVALID_TOKEN_PAYLOAD_ERROR: 4008&amp;gt;}\nsample_issues = [Issue(), Issue()]\nself       = &amp;lt;tests.controllers_tests.test_asset_issue_handlers.TestIssueHandler object at 0x11229dc90&amp;gt;\n\ntests/controllers_tests/test_asset_issue_handlers.py:124: AssertionError\n\n------------------------------ Captured log call -------------------------------\nINFO     ThreadSafeLogger:logger.py:74 get_issues executed successfully.\nDEBUG    ThreadSafeLogger:logger.py:83 Exiting get_issues\n\n&#34;}], &#34;tests/controllers_tests/test_asset_issue_handlers.py::TestIssueHandler::test_get_issues_database_error&#34;: [{&#34;extras&#34;: [], &#34;result&#34;: &#34;Failed&#34;, &#34;testId&#34;: &#34;tests/controllers_tests/test_asset_issue_handlers.py::TestIssueHandler::test_get_issues_database_error&#34;, &#34;duration&#34;: &#34;3 ms&#34;, &#34;resultsTableRow&#34;: [&#34;&lt;td class=\&#34;col-result\&#34;&gt;Failed&lt;/td&gt;&#34;, &#34;&lt;td class=\&#34;col-testId\&#34;&gt;tests/controllers_tests/test_asset_issue_handlers.py::TestIssueHandler::test_get_issues_database_error&lt;/td&gt;&#34;, &#34;&lt;td class=\&#34;col-duration\&#34;&gt;3 ms&lt;/td&gt;&#34;, &#34;&lt;td class=\&#34;col-links\&#34;&gt;&lt;/td&gt;&#34;], &#34;log&#34;: &#34;self = &amp;lt;tests.controllers_tests.test_asset_issue_handlers.TestIssueHandler object at 0x11229e590&amp;gt;, issue_handler = IssueHandler(issue_service=&amp;lt;Mock id=&amp;#x27;4604361424&amp;#x27;&amp;gt;)\nmock_request = &amp;lt;MagicMock spec=&amp;#x27;Request&amp;#x27; id=&amp;#x27;4604352336&amp;#x27;&amp;gt;\n\n    @pytest.mark.asyncio\n    async def test_get_issues_database_error(self, issue_handler, mock_request):\n        issue_handler.issue_service.get_issues.side_effect = Exception(&amp;quot;Database error&amp;quot;)\n    \n        response = await issue_handler.get_issues(mock_request)\n    \n&amp;gt;       assert response[&amp;quot;status_code&amp;quot;] == ErrorCodes.DATABASE_OPERATION_ERROR\nE       assert &amp;lt;ErrorCodes.INVALID_TOKEN_PAYLOAD_ERROR: 4008&amp;gt; == &amp;lt;ErrorCodes.DATABASE_OPERATION_ERROR: 5003&amp;gt;\nE        +  where &amp;lt;ErrorCodes.DATABASE_OPERATION_ERROR: 5003&amp;gt; = ErrorCodes.DATABASE_OPERATION_ERROR\n\nissue_handler = IssueHandler(issue_service=&amp;lt;Mock id=&amp;#x27;4604361424&amp;#x27;&amp;gt;)\nmock_request = &amp;lt;MagicMock spec=&amp;#x27;Request&amp;#x27; id=&amp;#x27;4604352336&amp;#x27;&amp;gt;\nresponse   = {&amp;#x27;message&amp;#x27;: &amp;#x27;Request context not available&amp;#x27;, &amp;#x27;status_code&amp;#x27;: &amp;lt;ErrorCodes.INVALID_TOKEN_PAYLOAD_ERROR: 4008&amp;gt;}\nself       = &amp;lt;tests.controllers_tests.test_asset_issue_handlers.TestIssueHandler object at 0x11229e590&amp;gt;\n\ntests/controllers_tests/test_asset_issue_handlers.py:136: AssertionError\n\n------------------------------ Captured log call -------------------------------\nINFO     ThreadSafeLogger:logger.py:74 get_issues executed successfully.\nDEBUG    ThreadSafeLogger:logger.py:83 Exiting get_issues\n\n&#34;}], &#34;tests/controllers_tests/test_asset_issue_handlers.py::TestIssueHandler::test_report_issue_success&#34;: [{&#34;extras&#34;: [], &#34;result&#34;: &#34;Passed&#34;, &#34;testId&#34;: &#34;tests/controllers_tests/test_asset_issue_handlers.py::TestIssueHandler::test_report_issue_success&#34;, &#34;duration&#34;: &#34;3 ms&#34;, &#34;resultsTableRow&#34;: [&#34;&lt;td class=\&#34;col-result\&#34;&gt;Passed&lt;/td&gt;&#34;, &#34;&lt;td class=\&#34;col-testId\&#34;&gt;tests/controllers_tests/test_asset_issue_handlers.py::TestIssueHandler::test_report_issue_success&lt;/td&gt;&#34;, &#34;&lt;td class=\&#34;col-duration\&#34;&gt;3 ms&lt;/td&gt;&#34;, &#34;&lt;td class=\&#34;col-links\&#34;&gt;&lt;/td&gt;&#34;], &#34;log&#34;: &#34;------------------------------ Captured log call -------------------------------\nINFO     ThreadSafeLogger:logger.py:74 report_issue executed successfully.\nDEBUG    ThreadSafeLogger:logger.py:83 Exiting report_issue\n\n&#34;}], &#34;tests/controllers_tests/test_asset_issue_handlers.py::TestIssueHandler::test_report_issue_not_assigned_error&#34;: [{&#34;extras&#34;: [], &#34;result&#34;: &#34;Passed&#34;, &#34;testId&#34;: &#34;tests/controllers_tests/test_asset_issue_handlers.py::TestIssueHandler::test_report_issue_not_assigned_error&#34;, &#34;duration&#34;: &#34;3 ms&#34;, &#34;resultsTableRow&#34;: [&#34;&lt;td class=\&#34;col-result\&#34;&gt;Passed&lt;/td&gt;&#34;, &#34;&lt;td class=\&#34;col-testId\&#34;&gt;tests/controllers_tests/test_asset_issue_handlers.py::TestIssueHandler::test_report_issue_not_assigned_error&lt;/td&gt;&#34;, &#34;&lt;td class=\&#34;col-duration\&#34;&gt;3 ms&lt;/td&gt;&#34;, &#34;&lt;td class=\&#34;col-links\&#34;&gt;&lt;/td&gt;&#34;], &#34;log&#34;: &#34;------------------------------ Captured log call -------------------------------\nINFO     ThreadSafeLogger:logger.py:74 report_issue executed successfully.\nDEBUG    ThreadSafeLogger:logger.py:83 Exiting report_issue\n\n&#34;}], &#34;tests/controllers_tests/test_asset_issue_handlers.py::TestIssueHandler::test_report_issue_asset_not_found&#34;: [{&#34;extras&#34;: [], &#34;result&#34;: &#34;Passed&#34;, &#34;testId&#34;: &#34;tests/controllers_tests/test_asset_issue_handlers.py::TestIssueHandler::test_report_issue_asset_not_found&#34;, &#34;duration&#34;: &#34;3 ms&#34;, &#34;resultsTableRow&#34;: [&#34;&lt;td class=\&#34;col-result\&#34;&gt;Passed&lt;/td&gt;&#34;, &#34;&lt;td class=\&#34;col-testId\&#34;&gt;tests/controllers_tests/test_asset_issue_handlers.py::TestIssueHandler::test_report_issue_asset_not_found&lt;/td&gt;&#34;, &#34;&lt;td class=\&#34;col-duration\&#34;&gt;3 ms&lt;/td&gt;&#34;, &#34;&lt;td class=\&#34;col-links\&#34;&gt;&lt;/td&gt;&#34;], &#34;log&#34;: &#34;------------------------------ Captured log call -------------------------------\nINFO     ThreadSafeLogger:logger.py:74 report_issue executed successfully.\nDEBUG    ThreadSafeLogger:logger.py:83 Exiting report_issue\n\n&#34;}], &#34;tests/controllers_tests/test_asset_issue_handlers.py::TestIssueHandler::test_report_issue_database_error&#34;: [{&#34;extras&#34;: [], &#34;result&#34;: &#34;Failed&#34;, &#34;testId&#34;: &#34;tests/controllers_tests/test_asset_issue_handlers.py::TestIssueHandler::test_report_issue_database_error&#34;, &#34;duration&#34;: &#34;3 ms&#34;, &#34;resultsTableRow&#34;: [&#34;&lt;td class=\&#34;col-result\&#34;&gt;Failed&lt;/td&gt;&#34;, &#34;&lt;td class=\&#34;col-testId\&#34;&gt;tests/controllers_tests/test_asset_issue_handlers.py::TestIssueHandler::test_report_issue_database_error&lt;/td&gt;&#34;, &#34;&lt;td class=\&#34;col-duration\&#34;&gt;3 ms&lt;/td&gt;&#34;, &#34;&lt;td class=\&#34;col-links\&#34;&gt;&lt;/td&gt;&#34;], &#34;log&#34;: &#34;self = IssueHandler(issue_service=&amp;lt;Mock id=&amp;#x27;4603141008&amp;#x27;&amp;gt;), request = &amp;lt;MagicMock spec=&amp;#x27;Request&amp;#x27; id=&amp;#x27;4603141200&amp;#x27;&amp;gt;\nissue_data = ReportIssueRequest(asset_id=&amp;#x27;550e8400-e29b-41d4-a716-446655440000&amp;#x27;, description=&amp;#x27;Test issue&amp;#x27;)\n\n    @custom_logger(logger)\n    def report_issue(self, request: Request, issue_data: ReportIssueRequest):\n        try:\n            issue_obj = Issue(\n                asset_id=str(issue_data.asset_id),\n                description=issue_data.description\n            )\n    \n&amp;gt;           self.issue_service.report_issue(request, issue_obj)\n\nissue_data = ReportIssueRequest(asset_id=&amp;#x27;550e8400-e29b-41d4-a716-446655440000&amp;#x27;, description=&amp;#x27;Test issue&amp;#x27;)\nissue_obj  = Issue()\nrequest    = &amp;lt;MagicMock spec=&amp;#x27;Request&amp;#x27; id=&amp;#x27;4603141200&amp;#x27;&amp;gt;\nself       = IssueHandler(issue_service=&amp;lt;Mock id=&amp;#x27;4603141008&amp;#x27;&amp;gt;)\n\nsrc/app/controllers/asset_issue/handlers.py:72: \n_ _ _ _ _ _ _ _ _ _ _ _ _ _ _ _ _ _ _ _ _ _ _ _ _ _ _ _ _ _ _ _ _ _ _ _ _ _ _ _ _ _ _ _ _ _ _ _ _ _ _ _ _ _ _ _ _ _ _ _ _ _ _ _ _ _ _ _ _ _ _ _ _ _ _ _ _ _ _ _ _ _ _ _ _ _ _ _ _ _ _ \n/Library/Frameworks/Python.framework/Versions/3.11/lib/python3.11/unittest/mock.py:1118: in __call__\n    return self._mock_call(*args, **kwargs)\n        args       = (&amp;lt;MagicMock spec=&amp;#x27;Request&amp;#x27; id=&amp;#x27;4603141200&amp;#x27;&amp;gt;, Issue())\n        kwargs     = {}\n        self       = &amp;lt;Mock name=&amp;#x27;mock.report_issue&amp;#x27; id=&amp;#x27;4604926928&amp;#x27;&amp;gt;\n/Library/Frameworks/Python.framework/Versions/3.11/lib/python3.11/unittest/mock.py:1122: in _mock_call\n    return self._execute_mock_call(*args, **kwargs)\n        args       = (&amp;lt;MagicMock spec=&amp;#x27;Request&amp;#x27; id=&amp;#x27;4603141200&amp;#x27;&amp;gt;, Issue())\n        kwargs     = {}\n        self       = &amp;lt;Mock name=&amp;#x27;mock.report_issue&amp;#x27; id=&amp;#x27;4604926928&amp;#x27;&amp;gt;\n_ _ _ _ _ _ _ _ _ _ _ _ _ _ _ _ _ _ _ _ _ _ _ _ _ _ _ _ _ _ _ _ _ _ _ _ _ _ _ _ _ _ _ _ _ _ _ _ _ _ _ _ _ _ _ _ _ _ _ _ _ _ _ _ _ _ _ _ _ _ _ _ _ _ _ _ _ _ _ _ _ _ _ _ _ _ _ _ _ _ _ \n\nself = &amp;lt;Mock name=&amp;#x27;mock.report_issue&amp;#x27; id=&amp;#x27;4604926928&amp;#x27;&amp;gt;, args = (&amp;lt;MagicMock spec=&amp;#x27;Request&amp;#x27; id=&amp;#x27;4603141200&amp;#x27;&amp;gt;, Issue()), kwargs = {}, effect = Exception(&amp;#x27;Database error&amp;#x27;)\n\n    def _execute_mock_call(self, /, *args, **kwargs):\n        # separate from _increment_mock_call so that awaited functions are\n        # executed separately from their call, also AsyncMock overrides this method\n    \n        effect = self.side_effect\n        if effect is not None:\n            if _is_exception(effect):\n&amp;gt;               raise effect\nE               Exception: Database error\n\nargs       = (&amp;lt;MagicMock spec=&amp;#x27;Request&amp;#x27; id=&amp;#x27;4603141200&amp;#x27;&amp;gt;, Issue())\neffect     = Exception(&amp;#x27;Database error&amp;#x27;)\nkwargs     = {}\nself       = &amp;lt;Mock name=&amp;#x27;mock.report_issue&amp;#x27; id=&amp;#x27;4604926928&amp;#x27;&amp;gt;\n\n/Library/Frameworks/Python.framework/Versions/3.11/lib/python3.11/unittest/mock.py:1177: Exception\n\nDuring handling of the above exception, another exception occurred:\n\nself = &amp;lt;tests.controllers_tests.test_asset_issue_handlers.TestIssueHandler object at 0x1122a8a10&amp;gt;, issue_handler = IssueHandler(issue_service=&amp;lt;Mock id=&amp;#x27;4603141008&amp;#x27;&amp;gt;)\nmock_request = &amp;lt;MagicMock spec=&amp;#x27;Request&amp;#x27; id=&amp;#x27;4603141200&amp;#x27;&amp;gt;\n\n    @pytest.mark.asyncio\n    async def test_report_issue_database_error(self, issue_handler, mock_request):\n        issue_data = ReportIssueRequest(\n            asset_id=&amp;quot;550e8400-e29b-41d4-a716-446655440000&amp;quot;,\n            description=&amp;quot;Test issue&amp;quot;\n        )\n        issue_handler.issue_service.report_issue.side_effect = Exception(&amp;quot;Database error&amp;quot;)\n    \n&amp;gt;       response = await issue_handler.report_issue(mock_request, issue_data)\n\nissue_data = ReportIssueRequest(asset_id=&amp;#x27;550e8400-e29b-41d4-a716-446655440000&amp;#x27;, description=&amp;#x27;Test issue&amp;#x27;)\nissue_handler = IssueHandler(issue_service=&amp;lt;Mock id=&amp;#x27;4603141008&amp;#x27;&amp;gt;)\nmock_request = &amp;lt;MagicMock spec=&amp;#x27;Request&amp;#x27; id=&amp;#x27;4603141200&amp;#x27;&amp;gt;\nself       = &amp;lt;tests.controllers_tests.test_asset_issue_handlers.TestIssueHandler object at 0x1122a8a10&amp;gt;\n\ntests/controllers_tests/test_asset_issue_handlers.py:190: \n_ _ _ _ _ _ _ _ _ _ _ _ _ _ _ _ _ _ _ _ _ _ _ _ _ _ _ _ _ _ _ _ _ _ _ _ _ _ _ _ _ _ _ _ _ _ _ _ _ _ _ _ _ _ _ _ _ _ _ _ _ _ _ _ _ _ _ _ _ _ _ _ _ _ _ _ _ _ _ _ _ _ _ _ _ _ _ _ _ _ _ \nsrc/app/utils/logger/custom_logger.py:47: in wrapped_func\n    result = func(*args, **kwargs)\n        args       = (IssueHandler(issue_service=&amp;lt;Mock id=&amp;#x27;4603141008&amp;#x27;&amp;gt;), &amp;lt;MagicMock spec=&amp;#x27;Request&amp;#x27; id=&amp;#x27;4603141200&amp;#x27;&amp;gt;, ReportIssueRequest(asset_id=&amp;#x27;550e8400-e29b-41d4-a716-446655440000&amp;#x27;, description=&amp;#x27;Test issue&amp;#x27;))\n        error_msg  = &amp;#x27;Error occurred in report_issue: Object of type ErrorCodes is not JSON serializable\\nUser Context:\\n  - user_id: Unknown\\n  - role: Unknown\\n&amp;#x27;\n        func       = &amp;lt;function IssueHandler.report_issue at 0x1122884a0&amp;gt;\n        kwargs     = {}\n        logger     = &amp;lt;src.app.utils.logger.logger.Logger object at 0x11096e990&amp;gt;\n        request    = &amp;lt;MagicMock spec=&amp;#x27;Request&amp;#x27; id=&amp;#x27;4603141200&amp;#x27;&amp;gt;\n        role       = &amp;#x27;Unknown&amp;#x27;\n        sanitized_body = {}\n        user_id    = &amp;#x27;Unknown&amp;#x27;\nsrc/app/controllers/asset_issue/handlers.py:96: in report_issue\n    ).to_response()\n        issue_data = ReportIssueRequest(asset_id=&amp;#x27;550e8400-e29b-41d4-a716-446655440000&amp;#x27;, description=&amp;#x27;Test issue&amp;#x27;)\n        issue_obj  = Issue()\n        request    = &amp;lt;MagicMock spec=&amp;#x27;Request&amp;#x27; id=&amp;#x27;4603141200&amp;#x27;&amp;gt;\n        self       = IssueHandler(issue_service=&amp;lt;Mock id=&amp;#x27;4603141008&amp;#x27;&amp;gt;)\nsrc/app/models/response.py:28: in to_response\n    return JSONResponse(\n        self       = CustomResponse(status_code=&amp;lt;ErrorCodes.DATABASE_OPERATION_ERROR: 5003&amp;gt;, message=&amp;#x27;Unexpected error reporting the issue&amp;#x27;, http_status_code=500, data=None)\n.venv/lib/python3.11/site-packages/starlette/responses.py:180: in __init__\n    super().__init__(content, status_code, headers, media_type, background)\n        __class__  = &amp;lt;class &amp;#x27;starlette.responses.JSONResponse&amp;#x27;&amp;gt;\n        background = None\n        content    = {&amp;#x27;message&amp;#x27;: &amp;#x27;Unexpected error reporting the issue&amp;#x27;, &amp;#x27;status_code&amp;#x27;: &amp;lt;ErrorCodes.DATABASE_OPERATION_ERROR: 5003&amp;gt;}\n        headers    = None\n        media_type = None\n        self       = &amp;lt;starlette.responses.JSONResponse object at 0x11279a110&amp;gt;\n        status_code = 500\n.venv/lib/python3.11/site-packages/starlette/responses.py:43: in __init__\n    self.body = self.render(content)\n        background = None\n        content    = {&amp;#x27;message&amp;#x27;: &amp;#x27;Unexpected error reporting the issue&amp;#x27;, &amp;#x27;status_code&amp;#x27;: &amp;lt;ErrorCodes.DATABASE_OPERATION_ERROR: 5003&amp;gt;}\n        headers    = None\n        media_type = None\n        self       = &amp;lt;starlette.responses.JSONResponse object at 0x11279a110&amp;gt;\n        status_code = 500\n.venv/lib/python3.11/site-packages/starlette/responses.py:183: in render\n    return json.dumps(\n        content    = {&amp;#x27;message&amp;#x27;: &amp;#x27;Unexpected error reporting the issue&amp;#x27;, &amp;#x27;status_code&amp;#x27;: &amp;lt;ErrorCodes.DATABASE_OPERATION_ERROR: 5003&amp;gt;}\n        self       = &amp;lt;starlette.responses.JSONResponse object at 0x11279a110&amp;gt;\n/Library/Frameworks/Python.framework/Versions/3.11/lib/python3.11/json/__init__.py:238: in dumps\n    **kw).encode(obj)\n        allow_nan  = False\n        check_circular = True\n        cls        = &amp;lt;class &amp;#x27;json.encoder.JSONEncoder&amp;#x27;&amp;gt;\n        default    = None\n        ensure_ascii = False\n        indent     = None\n        kw         = {}\n        obj        = {&amp;#x27;message&amp;#x27;: &amp;#x27;Unexpected error reporting the issue&amp;#x27;, &amp;#x27;status_code&amp;#x27;: &amp;lt;ErrorCodes.DATABASE_OPERATION_ERROR: 5003&amp;gt;}\n        separators = (&amp;#x27;,&amp;#x27;, &amp;#x27;:&amp;#x27;)\n        skipkeys   = False\n        sort_keys  = False\n/Library/Frameworks/Python.framework/Versions/3.11/lib/python3.11/json/encoder.py:200: in encode\n    chunks = self.iterencode(o, _one_shot=True)\n        o          = {&amp;#x27;message&amp;#x27;: &amp;#x27;Unexpected error reporting the issue&amp;#x27;, &amp;#x27;status_code&amp;#x27;: &amp;lt;ErrorCodes.DATABASE_OPERATION_ERROR: 5003&amp;gt;}\n        self       = &amp;lt;json.encoder.JSONEncoder object at 0x11279ad50&amp;gt;\n/Library/Frameworks/Python.framework/Versions/3.11/lib/python3.11/json/encoder.py:258: in iterencode\n    return _iterencode(o, 0)\n        _encoder   = &amp;lt;built-in function encode_basestring&amp;gt;\n        _iterencode = &amp;lt;_json.Encoder object at 0x11294e440&amp;gt;\n        _one_shot  = True\n        floatstr   = &amp;lt;function JSONEncoder.iterencode.&amp;lt;locals&amp;gt;.floatstr at 0x1125516c0&amp;gt;\n        markers    = {4409329296: &amp;lt;ErrorCodes.DATABASE_OPERATION_ERROR: 5003&amp;gt;, 4604936000: {&amp;#x27;message&amp;#x27;: &amp;#x27;Unexpected error reporting the issue&amp;#x27;, &amp;#x27;status_code&amp;#x27;: &amp;lt;ErrorCodes.DATABASE_OPERATION_ERROR: 5003&amp;gt;}}\n        o          = {&amp;#x27;message&amp;#x27;: &amp;#x27;Unexpected error reporting the issue&amp;#x27;, &amp;#x27;status_code&amp;#x27;: &amp;lt;ErrorCodes.DATABASE_OPERATION_ERROR: 5003&amp;gt;}\n        self       = &amp;lt;json.encoder.JSONEncoder object at 0x11279ad50&amp;gt;\n_ _ _ _ _ _ _ _ _ _ _ _ _ _ _ _ _ _ _ _ _ _ _ _ _ _ _ _ _ _ _ _ _ _ _ _ _ _ _ _ _ _ _ _ _ _ _ _ _ _ _ _ _ _ _ _ _ _ _ _ _ _ _ _ _ _ _ _ _ _ _ _ _ _ _ _ _ _ _ _ _ _ _ _ _ _ _ _ _ _ _ \n\nself = &amp;lt;json.encoder.JSONEncoder object at 0x11279ad50&amp;gt;, o = &amp;lt;ErrorCodes.DATABASE_OPERATION_ERROR: 5003&amp;gt;\n\n    def default(self, o):\n        &amp;quot;&amp;quot;&amp;quot;Implement this method in a subclass such that it returns\n        a serializable object for ``o``, or calls the base implementation\n        (to raise a ``TypeError``).\n    \n        For example, to support arbitrary iterators, you could\n        implement default like this::\n    \n            def default(self, o):\n                try:\n                    iterable = iter(o)\n                except TypeError:\n                    pass\n                else:\n                    return list(iterable)\n                # Let the base class default method raise the TypeError\n                return JSONEncoder.default(self, o)\n    \n        &amp;quot;&amp;quot;&amp;quot;\n&amp;gt;       raise TypeError(f&amp;#x27;Object of type {o.__class__.__name__} &amp;#x27;\n                        f&amp;#x27;is not JSON serializable&amp;#x27;)\nE       TypeError: Object of type ErrorCodes is not JSON serializable\n\no          = &amp;lt;ErrorCodes.DATABASE_OPERATION_ERROR: 5003&amp;gt;\nself       = &amp;lt;json.encoder.JSONEncoder object at 0x11279ad50&amp;gt;\n\n/Library/Frameworks/Python.framework/Versions/3.11/lib/python3.11/json/encoder.py:180: TypeError\n\n------------------------------ Captured log call -------------------------------\nERROR    ThreadSafeLogger:logger.py:77 Error occurred in report_issue: Object of type ErrorCodes is not JSON serializable\nUser Context:\n  - user_id: Unknown\n  - role: Unknown\n\nDEBUG    ThreadSafeLogger:logger.py:83 Exiting report_issue\n\n&#34;}], &#34;tests/controllers_tests/test_auth_handlers.py::TestUserHandler::test_signup_success&#34;: [{&#34;extras&#34;: [], &#34;result&#34;: &#34;Failed&#34;, &#34;testId&#34;: &#34;tests/controllers_tests/test_auth_handlers.py::TestUserHandler::test_signup_success&#34;, &#34;duration&#34;: &#34;1 ms&#34;, &#34;resultsTableRow&#34;: [&#34;&lt;td class=\&#34;col-result\&#34;&gt;Failed&lt;/td&gt;&#34;, &#34;&lt;td class=\&#34;col-testId\&#34;&gt;tests/controllers_tests/test_auth_handlers.py::TestUserHandler::test_signup_success&lt;/td&gt;&#34;, &#34;&lt;td class=\&#34;col-duration\&#34;&gt;1 ms&lt;/td&gt;&#34;, &#34;&lt;td class=\&#34;col-links\&#34;&gt;&lt;/td&gt;&#34;], &#34;log&#34;: &#34;self = &amp;lt;tests.controllers_tests.test_auth_handlers.TestUserHandler object at 0x1122aa510&amp;gt;, user_handler = UserHandler(user_service=&amp;lt;Mock id=&amp;#x27;4604743440&amp;#x27;&amp;gt;)\nsample_user = &amp;lt;src.app.models.user.User object at 0x11276d610&amp;gt;\n\n    @pytest.mark.asyncio\n    async def test_signup_success(self, user_handler, sample_user):\n        signup_data = SignupRequest(\n            name=&amp;quot;Test User&amp;quot;,\n            email=&amp;quot;test@watchguard.com&amp;quot;,\n            password=&amp;quot;Password@123&amp;quot;,\n            department=&amp;quot;CLOUD PLATFORM&amp;quot;\n        )\n    \n        user_handler.user_service.signup_user.return_value = sample_user\n    \n&amp;gt;       response = await user_handler.signup(signup_data)\nE       AttributeError: &amp;#x27;UserHandler&amp;#x27; object has no attribute &amp;#x27;signup&amp;#x27;\n\nsample_user = &amp;lt;src.app.models.user.User object at 0x11276d610&amp;gt;\nself       = &amp;lt;tests.controllers_tests.test_auth_handlers.TestUserHandler object at 0x1122aa510&amp;gt;\nsignup_data = SignupRequest(name=&amp;#x27;Test User&amp;#x27;, email=&amp;#x27;test@watchguard.com&amp;#x27;, password=&amp;#x27;Password@123&amp;#x27;, department=&amp;#x27;CLOUD PLATFORM&amp;#x27;)\nuser_handler = UserHandler(user_service=&amp;lt;Mock id=&amp;#x27;4604743440&amp;#x27;&amp;gt;)\n\ntests/controllers_tests/test_auth_handlers.py:100: AttributeError\n&#34;}], &#34;tests/controllers_tests/test_auth_handlers.py::TestUserHandler::test_signup_user_exists&#34;: [{&#34;extras&#34;: [], &#34;result&#34;: &#34;Failed&#34;, &#34;testId&#34;: &#34;tests/controllers_tests/test_auth_handlers.py::TestUserHandler::test_signup_user_exists&#34;, &#34;duration&#34;: &#34;1 ms&#34;, &#34;resultsTableRow&#34;: [&#34;&lt;td class=\&#34;col-result\&#34;&gt;Failed&lt;/td&gt;&#34;, &#34;&lt;td class=\&#34;col-testId\&#34;&gt;tests/controllers_tests/test_auth_handlers.py::TestUserHandler::test_signup_user_exists&lt;/td&gt;&#34;, &#34;&lt;td class=\&#34;col-duration\&#34;&gt;1 ms&lt;/td&gt;&#34;, &#34;&lt;td class=\&#34;col-links\&#34;&gt;&lt;/td&gt;&#34;], &#34;log&#34;: &#34;self = &amp;lt;tests.controllers_tests.test_auth_handlers.TestUserHandler object at 0x1122aaa10&amp;gt;, user_handler = UserHandler(user_service=&amp;lt;Mock id=&amp;#x27;4603165776&amp;#x27;&amp;gt;)\n\n    @pytest.mark.asyncio\n    async def test_signup_user_exists(self, user_handler):\n        signup_data = SignupRequest(\n            name=&amp;quot;Test User&amp;quot;,\n            email=&amp;quot;existing@watchguard.com&amp;quot;,\n            password=&amp;quot;Password@123&amp;quot;,\n            department=&amp;quot;CLOUD PLATFORM&amp;quot;\n        )\n    \n        user_handler.user_service.signup_user.side_effect = UserExistsError(&amp;quot;User already exists&amp;quot;)\n    \n&amp;gt;       response = await user_handler.signup(signup_data)\nE       AttributeError: &amp;#x27;UserHandler&amp;#x27; object has no attribute &amp;#x27;signup&amp;#x27;\n\nself       = &amp;lt;tests.controllers_tests.test_auth_handlers.TestUserHandler object at 0x1122aaa10&amp;gt;\nsignup_data = SignupRequest(name=&amp;#x27;Test User&amp;#x27;, email=&amp;#x27;existing@watchguard.com&amp;#x27;, password=&amp;#x27;Password@123&amp;#x27;, department=&amp;#x27;CLOUD PLATFORM&amp;#x27;)\nuser_handler = UserHandler(user_service=&amp;lt;Mock id=&amp;#x27;4603165776&amp;#x27;&amp;gt;)\n\ntests/controllers_tests/test_auth_handlers.py:118: AttributeError\n&#34;}], &#34;tests/controllers_tests/test_auth_handlers.py::TestUserHandler::test_signup_database_error&#34;: [{&#34;extras&#34;: [], &#34;result&#34;: &#34;Failed&#34;, &#34;testId&#34;: &#34;tests/controllers_tests/test_auth_handlers.py::TestUserHandler::test_signup_database_error&#34;, &#34;duration&#34;: &#34;1 ms&#34;, &#34;resultsTableRow&#34;: [&#34;&lt;td class=\&#34;col-result\&#34;&gt;Failed&lt;/td&gt;&#34;, &#34;&lt;td class=\&#34;col-testId\&#34;&gt;tests/controllers_tests/test_auth_handlers.py::TestUserHandler::test_signup_database_error&lt;/td&gt;&#34;, &#34;&lt;td class=\&#34;col-duration\&#34;&gt;1 ms&lt;/td&gt;&#34;, &#34;&lt;td class=\&#34;col-links\&#34;&gt;&lt;/td&gt;&#34;], &#34;log&#34;: &#34;self = &amp;lt;tests.controllers_tests.test_auth_handlers.TestUserHandler object at 0x1122ab250&amp;gt;, user_handler = UserHandler(user_service=&amp;lt;Mock id=&amp;#x27;4603144592&amp;#x27;&amp;gt;)\n\n    @pytest.mark.asyncio\n    async def test_signup_database_error(self, user_handler):\n        signup_data = SignupRequest(\n            name=&amp;quot;Test User&amp;quot;,\n            email=&amp;quot;test@watchguard.com&amp;quot;,\n            password=&amp;quot;Password@123&amp;quot;,\n            department=&amp;quot;CLOUD PLATFORM&amp;quot;\n        )\n    \n        user_handler.user_service.signup_user.side_effect = Exception(&amp;quot;Database error&amp;quot;)\n    \n&amp;gt;       response = await user_handler.signup(signup_data)\nE       AttributeError: &amp;#x27;UserHandler&amp;#x27; object has no attribute &amp;#x27;signup&amp;#x27;\n\nself       = &amp;lt;tests.controllers_tests.test_auth_handlers.TestUserHandler object at 0x1122ab250&amp;gt;\nsignup_data = SignupRequest(name=&amp;#x27;Test User&amp;#x27;, email=&amp;#x27;test@watchguard.com&amp;#x27;, password=&amp;#x27;Password@123&amp;#x27;, department=&amp;#x27;CLOUD PLATFORM&amp;#x27;)\nuser_handler = UserHandler(user_service=&amp;lt;Mock id=&amp;#x27;4603144592&amp;#x27;&amp;gt;)\n\ntests/controllers_tests/test_auth_handlers.py:134: AttributeError\n&#34;}], &#34;tests/controllers_tests/test_auth_handlers.py::TestUserHandler::test_login_success&#34;: [{&#34;extras&#34;: [], &#34;result&#34;: &#34;Failed&#34;, &#34;testId&#34;: &#34;tests/controllers_tests/test_auth_handlers.py::TestUserHandler::test_login_success&#34;, &#34;duration&#34;: &#34;1 ms&#34;, &#34;resultsTableRow&#34;: [&#34;&lt;td class=\&#34;col-result\&#34;&gt;Failed&lt;/td&gt;&#34;, &#34;&lt;td class=\&#34;col-testId\&#34;&gt;tests/controllers_tests/test_auth_handlers.py::TestUserHandler::test_login_success&lt;/td&gt;&#34;, &#34;&lt;td class=\&#34;col-duration\&#34;&gt;1 ms&lt;/td&gt;&#34;, &#34;&lt;td class=\&#34;col-links\&#34;&gt;&lt;/td&gt;&#34;], &#34;log&#34;: &#34;self = &amp;lt;tests.controllers_tests.test_auth_handlers.TestUserHandler object at 0x1122aba90&amp;gt;, user_handler = UserHandler(user_service=&amp;lt;Mock id=&amp;#x27;4599245840&amp;#x27;&amp;gt;)\nsample_user = &amp;lt;src.app.models.user.User object at 0x1122830d0&amp;gt;\n\n    @pytest.mark.asyncio\n    async def test_login_success(self, user_handler, sample_user):\n        login_data = LoginRequest(\n            email=&amp;quot;test@watchguard.com&amp;quot;,\n            password=&amp;quot;Password@123&amp;quot;\n        )\n    \n        user_handler.user_service.login_user.return_value = sample_user\n    \n&amp;gt;       response = await user_handler.login(login_data)\nE       AttributeError: &amp;#x27;UserHandler&amp;#x27; object has no attribute &amp;#x27;login&amp;#x27;\n\nlogin_data = LoginRequest(email=&amp;#x27;test@watchguard.com&amp;#x27;, password=&amp;#x27;Password@123&amp;#x27;)\nsample_user = &amp;lt;src.app.models.user.User object at 0x1122830d0&amp;gt;\nself       = &amp;lt;tests.controllers_tests.test_auth_handlers.TestUserHandler object at 0x1122aba90&amp;gt;\nuser_handler = UserHandler(user_service=&amp;lt;Mock id=&amp;#x27;4599245840&amp;#x27;&amp;gt;)\n\ntests/controllers_tests/test_auth_handlers.py:148: AttributeError\n&#34;}], &#34;tests/controllers_tests/test_auth_handlers.py::TestUserHandler::test_login_invalid_credentials&#34;: [{&#34;extras&#34;: [], &#34;result&#34;: &#34;Failed&#34;, &#34;testId&#34;: &#34;tests/controllers_tests/test_auth_handlers.py::TestUserHandler::test_login_invalid_credentials&#34;, &#34;duration&#34;: &#34;1 ms&#34;, &#34;resultsTableRow&#34;: [&#34;&lt;td class=\&#34;col-result\&#34;&gt;Failed&lt;/td&gt;&#34;, &#34;&lt;td class=\&#34;col-testId\&#34;&gt;tests/controllers_tests/test_auth_handlers.py::TestUserHandler::test_login_invalid_credentials&lt;/td&gt;&#34;, &#34;&lt;td class=\&#34;col-duration\&#34;&gt;1 ms&lt;/td&gt;&#34;, &#34;&lt;td class=\&#34;col-links\&#34;&gt;&lt;/td&gt;&#34;], &#34;log&#34;: &#34;self = &amp;lt;tests.controllers_tests.test_auth_handlers.TestUserHandler object at 0x1122bc310&amp;gt;, user_handler = UserHandler(user_service=&amp;lt;Mock id=&amp;#x27;4604748624&amp;#x27;&amp;gt;)\n\n    @pytest.mark.asyncio\n    async def test_login_invalid_credentials(self, user_handler):\n        login_data = LoginRequest(\n            email=&amp;quot;test@watchguard.com&amp;quot;,\n            password=&amp;quot;wrongpassword&amp;quot;\n        )\n    \n        user_handler.user_service.login_user.side_effect = InvalidCredentialsError(&amp;quot;Invalid credentials&amp;quot;)\n    \n&amp;gt;       response = await user_handler.login(login_data)\nE       AttributeError: &amp;#x27;UserHandler&amp;#x27; object has no attribute &amp;#x27;login&amp;#x27;\n\nlogin_data = LoginRequest(email=&amp;#x27;test@watchguard.com&amp;#x27;, password=&amp;#x27;wrongpassword&amp;#x27;)\nself       = &amp;lt;tests.controllers_tests.test_auth_handlers.TestUserHandler object at 0x1122bc310&amp;gt;\nuser_handler = UserHandler(user_service=&amp;lt;Mock id=&amp;#x27;4604748624&amp;#x27;&amp;gt;)\n\ntests/controllers_tests/test_auth_handlers.py:165: AttributeError\n&#34;}], &#34;tests/controllers_tests/test_main.py::TestAppFactory::test_all_routes_registered&#34;: [{&#34;extras&#34;: [], &#34;result&#34;: &#34;Failed&#34;, &#34;testId&#34;: &#34;tests/controllers_tests/test_main.py::TestAppFactory::test_all_routes_registered&#34;, &#34;duration&#34;: &#34;12 ms&#34;, &#34;resultsTableRow&#34;: [&#34;&lt;td class=\&#34;col-result\&#34;&gt;Failed&lt;/td&gt;&#34;, &#34;&lt;td class=\&#34;col-testId\&#34;&gt;tests/controllers_tests/test_main.py::TestAppFactory::test_all_routes_registered&lt;/td&gt;&#34;, &#34;&lt;td class=\&#34;col-duration\&#34;&gt;12 ms&lt;/td&gt;&#34;, &#34;&lt;td class=\&#34;col-links\&#34;&gt;&lt;/td&gt;&#34;], &#34;log&#34;: &#34;self = &amp;lt;tests.controllers_tests.test_main.TestAppFactory testMethod=test_all_routes_registered&amp;gt;\n\n    def test_all_routes_registered(self):\n        &amp;quot;&amp;quot;&amp;quot;\n        Verify that all expected routes are registered\n        &amp;quot;&amp;quot;&amp;quot;\n        # Arrange\n        app = create_app()\n    \n        # Expected route prefixes\n        expected_routes = [\n        ]\n    \n        # Act &amp;amp; Assert\n&amp;gt;       with app.test_request_context():\nE       AttributeError: &amp;#x27;FastAPI&amp;#x27; object has no attribute &amp;#x27;test_request_context&amp;#x27;\n\napp        = &amp;lt;fastapi.applications.FastAPI object at 0x1122ab710&amp;gt;\nexpected_routes = []\nself       = &amp;lt;tests.controllers_tests.test_main.TestAppFactory testMethod=test_all_routes_registered&amp;gt;\n\ntests/controllers_tests/test_main.py:67: AttributeError\n&#34;}], &#34;tests/controllers_tests/test_main.py::TestAppFactory::test_create_app_returns_flask_app&#34;: [{&#34;extras&#34;: [], &#34;result&#34;: &#34;Failed&#34;, &#34;testId&#34;: &#34;tests/controllers_tests/test_main.py::TestAppFactory::test_create_app_returns_flask_app&#34;, &#34;duration&#34;: &#34;11 ms&#34;, &#34;resultsTableRow&#34;: [&#34;&lt;td class=\&#34;col-result\&#34;&gt;Failed&lt;/td&gt;&#34;, &#34;&lt;td class=\&#34;col-testId\&#34;&gt;tests/controllers_tests/test_main.py::TestAppFactory::test_create_app_returns_flask_app&lt;/td&gt;&#34;, &#34;&lt;td class=\&#34;col-duration\&#34;&gt;11 ms&lt;/td&gt;&#34;, &#34;&lt;td class=\&#34;col-links\&#34;&gt;&lt;/td&gt;&#34;], &#34;log&#34;: &#34;self = &amp;lt;tests.controllers_tests.test_main.TestAppFactory testMethod=test_create_app_returns_flask_app&amp;gt;\n\n    def test_create_app_returns_flask_app(self):\n        &amp;quot;&amp;quot;&amp;quot;\n        Test that create_app returns a Flask application\n        &amp;quot;&amp;quot;&amp;quot;\n        # Act\n        app = create_app()\n    \n        # Assert\n&amp;gt;       self.assertIsInstance(app, Flask)\nE       AssertionError: &amp;lt;fastapi.applications.FastAPI object at 0x11293fe10&amp;gt; is not an instance of &amp;lt;class &amp;#x27;flask.app.Flask&amp;#x27;&amp;gt;\n\napp        = &amp;lt;fastapi.applications.FastAPI object at 0x11293fe10&amp;gt;\nself       = &amp;lt;tests.controllers_tests.test_main.TestAppFactory testMethod=test_create_app_returns_flask_app&amp;gt;\n\ntests/controllers_tests/test_main.py:15: AssertionError\n&#34;}], &#34;tests/controllers_tests/test_main.py::TestAppFactory::test_database_initialized&#34;: [{&#34;extras&#34;: [], &#34;result&#34;: &#34;Passed&#34;, &#34;testId&#34;: &#34;tests/controllers_tests/test_main.py::TestAppFactory::test_database_initialized&#34;, &#34;duration&#34;: &#34;13 ms&#34;, &#34;resultsTableRow&#34;: [&#34;&lt;td class=\&#34;col-result\&#34;&gt;Passed&lt;/td&gt;&#34;, &#34;&lt;td class=\&#34;col-testId\&#34;&gt;tests/controllers_tests/test_main.py::TestAppFactory::test_database_initialized&lt;/td&gt;&#34;, &#34;&lt;td class=\&#34;col-duration\&#34;&gt;13 ms&lt;/td&gt;&#34;, &#34;&lt;td class=\&#34;col-links\&#34;&gt;&lt;/td&gt;&#34;], &#34;log&#34;: &#34;No log output captured.&#34;}], &#34;tests/controllers_tests/test_main.py::TestAppFactory::test_dependencies_are_created&#34;: [{&#34;extras&#34;: [], &#34;result&#34;: &#34;Passed&#34;, &#34;testId&#34;: &#34;tests/controllers_tests/test_main.py::TestAppFactory::test_dependencies_are_created&#34;, &#34;duration&#34;: &#34;12 ms&#34;, &#34;resultsTableRow&#34;: [&#34;&lt;td class=\&#34;col-result\&#34;&gt;Passed&lt;/td&gt;&#34;, &#34;&lt;td class=\&#34;col-testId\&#34;&gt;tests/controllers_tests/test_main.py::TestAppFactory::test_dependencies_are_created&lt;/td&gt;&#34;, &#34;&lt;td class=\&#34;col-duration\&#34;&gt;12 ms&lt;/td&gt;&#34;, &#34;&lt;td class=\&#34;col-links\&#34;&gt;&lt;/td&gt;&#34;], &#34;log&#34;: &#34;No log output captured.&#34;}], &#34;tests/controllers_tests/test_main.py::TestAppFactory::test_services_have_correct_dependencies&#34;: [{&#34;extras&#34;: [], &#34;result&#34;: &#34;Passed&#34;, &#34;testId&#34;: &#34;tests/controllers_tests/test_main.py::TestAppFactory::test_services_have_correct_dependencies&#34;, &#34;duration&#34;: &#34;85 ms&#34;, &#34;resultsTableRow&#34;: [&#34;&lt;td class=\&#34;col-result\&#34;&gt;Passed&lt;/td&gt;&#34;, &#34;&lt;td class=\&#34;col-testId\&#34;&gt;tests/controllers_tests/test_main.py::TestAppFactory::test_services_have_correct_dependencies&lt;/td&gt;&#34;, &#34;&lt;td class=\&#34;col-duration\&#34;&gt;85 ms&lt;/td&gt;&#34;, &#34;&lt;td class=\&#34;col-links\&#34;&gt;&lt;/td&gt;&#34;], &#34;log&#34;: &#34;No log output captured.&#34;}], &#34;tests/controllers_tests/test_user_handlers.py::TestUserHandler::test_get_user_success&#34;: [{&#34;extras&#34;: [], &#34;result&#34;: &#34;Passed&#34;, &#34;testId&#34;: &#34;tests/controllers_tests/test_user_handlers.py::TestUserHandler::test_get_user_success&#34;, &#34;duration&#34;: &#34;7 ms&#34;, &#34;resultsTableRow&#34;: [&#34;&lt;td class=\&#34;col-result\&#34;&gt;Passed&lt;/td&gt;&#34;, &#34;&lt;td class=\&#34;col-testId\&#34;&gt;tests/controllers_tests/test_user_handlers.py::TestUserHandler::test_get_user_success&lt;/td&gt;&#34;, &#34;&lt;td class=\&#34;col-duration\&#34;&gt;7 ms&lt;/td&gt;&#34;, &#34;&lt;td class=\&#34;col-links\&#34;&gt;&lt;/td&gt;&#34;], &#34;log&#34;: &#34;------------------------------ Captured log call -------------------------------\nINFO     ThreadSafeLogger:logger.py:74 get_user executed successfully.\nDEBUG    ThreadSafeLogger:logger.py:83 Exiting get_user\n\n&#34;}], &#34;tests/controllers_tests/test_user_handlers.py::TestUserHandler::test_get_user_not_found&#34;: [{&#34;extras&#34;: [], &#34;result&#34;: &#34;Passed&#34;, &#34;testId&#34;: &#34;tests/controllers_tests/test_user_handlers.py::TestUserHandler::test_get_user_not_found&#34;, &#34;duration&#34;: &#34;4 ms&#34;, &#34;resultsTableRow&#34;: [&#34;&lt;td class=\&#34;col-result\&#34;&gt;Passed&lt;/td&gt;&#34;, &#34;&lt;td class=\&#34;col-testId\&#34;&gt;tests/controllers_tests/test_user_handlers.py::TestUserHandler::test_get_user_not_found&lt;/td&gt;&#34;, &#34;&lt;td class=\&#34;col-duration\&#34;&gt;4 ms&lt;/td&gt;&#34;, &#34;&lt;td class=\&#34;col-links\&#34;&gt;&lt;/td&gt;&#34;], &#34;log&#34;: &#34;------------------------------ Captured log call -------------------------------\nINFO     ThreadSafeLogger:logger.py:74 get_user executed successfully.\nDEBUG    ThreadSafeLogger:logger.py:83 Exiting get_user\n\n&#34;}], &#34;tests/controllers_tests/test_user_handlers.py::TestUserHandler::test_get_users_success&#34;: [{&#34;extras&#34;: [], &#34;result&#34;: &#34;Failed&#34;, &#34;testId&#34;: &#34;tests/controllers_tests/test_user_handlers.py::TestUserHandler::test_get_users_success&#34;, &#34;duration&#34;: &#34;6 ms&#34;, &#34;resultsTableRow&#34;: [&#34;&lt;td class=\&#34;col-result\&#34;&gt;Failed&lt;/td&gt;&#34;, &#34;&lt;td class=\&#34;col-testId\&#34;&gt;tests/controllers_tests/test_user_handlers.py::TestUserHandler::test_get_users_success&lt;/td&gt;&#34;, &#34;&lt;td class=\&#34;col-duration\&#34;&gt;6 ms&lt;/td&gt;&#34;, &#34;&lt;td class=\&#34;col-links\&#34;&gt;&lt;/td&gt;&#34;], &#34;log&#34;: &#34;self = &amp;lt;tests.controllers_tests.test_user_handlers.TestUserHandler object at 0x1122ec110&amp;gt;, user_handler = UserHandler(user_service=&amp;lt;Mock id=&amp;#x27;4603140304&amp;#x27;&amp;gt;)\nmock_request = &amp;lt;MagicMock spec=&amp;#x27;Request&amp;#x27; id=&amp;#x27;4603139600&amp;#x27;&amp;gt;, sample_users = [&amp;lt;src.app.models.user.User object at 0x1128a0e50&amp;gt;, &amp;lt;src.app.models.user.User object at 0x1128a1310&amp;gt;]\n\n    @pytest.mark.asyncio\n    async def test_get_users_success(self, user_handler, mock_request, sample_users):\n        user_handler.user_service.get_users.return_value = sample_users\n    \n        response = await user_handler.get_users(mock_request)\n    \n&amp;gt;       assert response[&amp;quot;status_code&amp;quot;] == 200\nE       assert &amp;lt;ErrorCodes.INVALID_TOKEN_PAYLOAD_ERROR: 4008&amp;gt; == 200\n\nmock_request = &amp;lt;MagicMock spec=&amp;#x27;Request&amp;#x27; id=&amp;#x27;4603139600&amp;#x27;&amp;gt;\nresponse   = {&amp;#x27;message&amp;#x27;: &amp;#x27;Request context not available&amp;#x27;, &amp;#x27;status_code&amp;#x27;: &amp;lt;ErrorCodes.INVALID_TOKEN_PAYLOAD_ERROR: 4008&amp;gt;}\nsample_users = [&amp;lt;src.app.models.user.User object at 0x1128a0e50&amp;gt;, &amp;lt;src.app.models.user.User object at 0x1128a1310&amp;gt;]\nself       = &amp;lt;tests.controllers_tests.test_user_handlers.TestUserHandler object at 0x1122ec110&amp;gt;\nuser_handler = UserHandler(user_service=&amp;lt;Mock id=&amp;#x27;4603140304&amp;#x27;&amp;gt;)\n\ntests/controllers_tests/test_user_handlers.py:116: AssertionError\n\n------------------------------ Captured log call -------------------------------\nINFO     ThreadSafeLogger:logger.py:74 get_users executed successfully.\nDEBUG    ThreadSafeLogger:logger.py:83 Exiting get_users\n\n&#34;}], &#34;tests/controllers_tests/test_user_handlers.py::TestUserHandler::test_get_users_database_error&#34;: [{&#34;extras&#34;: [], &#34;result&#34;: &#34;Failed&#34;, &#34;testId&#34;: &#34;tests/controllers_tests/test_user_handlers.py::TestUserHandler::test_get_users_database_error&#34;, &#34;duration&#34;: &#34;3 ms&#34;, &#34;resultsTableRow&#34;: [&#34;&lt;td class=\&#34;col-result\&#34;&gt;Failed&lt;/td&gt;&#34;, &#34;&lt;td class=\&#34;col-testId\&#34;&gt;tests/controllers_tests/test_user_handlers.py::TestUserHandler::test_get_users_database_error&lt;/td&gt;&#34;, &#34;&lt;td class=\&#34;col-duration\&#34;&gt;3 ms&lt;/td&gt;&#34;, &#34;&lt;td class=\&#34;col-links\&#34;&gt;&lt;/td&gt;&#34;], &#34;log&#34;: &#34;self = &amp;lt;tests.controllers_tests.test_user_handlers.TestUserHandler object at 0x1122eca50&amp;gt;, user_handler = UserHandler(user_service=&amp;lt;Mock id=&amp;#x27;4606006544&amp;#x27;&amp;gt;)\nmock_request = &amp;lt;MagicMock spec=&amp;#x27;Request&amp;#x27; id=&amp;#x27;4603061968&amp;#x27;&amp;gt;\n\n    @pytest.mark.asyncio\n    async def test_get_users_database_error(self, user_handler, mock_request):\n        user_handler.user_service.get_users.side_effect = Exception(&amp;quot;Database error&amp;quot;)\n    \n        response = await user_handler.get_users(mock_request)\n    \n&amp;gt;       assert response[&amp;quot;status_code&amp;quot;] == ErrorCodes.DATABASE_OPERATION_ERROR\nE       assert &amp;lt;ErrorCodes.INVALID_TOKEN_PAYLOAD_ERROR: 4008&amp;gt; == &amp;lt;ErrorCodes.DATABASE_OPERATION_ERROR: 5003&amp;gt;\nE        +  where &amp;lt;ErrorCodes.DATABASE_OPERATION_ERROR: 5003&amp;gt; = ErrorCodes.DATABASE_OPERATION_ERROR\n\nmock_request = &amp;lt;MagicMock spec=&amp;#x27;Request&amp;#x27; id=&amp;#x27;4603061968&amp;#x27;&amp;gt;\nresponse   = {&amp;#x27;message&amp;#x27;: &amp;#x27;Request context not available&amp;#x27;, &amp;#x27;status_code&amp;#x27;: &amp;lt;ErrorCodes.INVALID_TOKEN_PAYLOAD_ERROR: 4008&amp;gt;}\nself       = &amp;lt;tests.controllers_tests.test_user_handlers.TestUserHandler object at 0x1122eca50&amp;gt;\nuser_handler = UserHandler(user_service=&amp;lt;Mock id=&amp;#x27;4606006544&amp;#x27;&amp;gt;)\n\ntests/controllers_tests/test_user_handlers.py:128: AssertionError\n\n------------------------------ Captured log call -------------------------------\nINFO     ThreadSafeLogger:logger.py:74 get_users executed successfully.\nDEBUG    ThreadSafeLogger:logger.py:83 Exiting get_users\n\n&#34;}], &#34;tests/controllers_tests/test_user_handlers.py::TestUserHandler::test_delete_user_success&#34;: [{&#34;extras&#34;: [], &#34;result&#34;: &#34;Failed&#34;, &#34;testId&#34;: &#34;tests/controllers_tests/test_user_handlers.py::TestUserHandler::test_delete_user_success&#34;, &#34;duration&#34;: &#34;5 ms&#34;, &#34;resultsTableRow&#34;: [&#34;&lt;td class=\&#34;col-result\&#34;&gt;Failed&lt;/td&gt;&#34;, &#34;&lt;td class=\&#34;col-testId\&#34;&gt;tests/controllers_tests/test_user_handlers.py::TestUserHandler::test_delete_user_success&lt;/td&gt;&#34;, &#34;&lt;td class=\&#34;col-duration\&#34;&gt;5 ms&lt;/td&gt;&#34;, &#34;&lt;td class=\&#34;col-links\&#34;&gt;&lt;/td&gt;&#34;], &#34;log&#34;: &#34;self = &amp;lt;tests.controllers_tests.test_user_handlers.TestUserHandler object at 0x1122ed350&amp;gt;, user_handler = UserHandler(user_service=&amp;lt;Mock id=&amp;#x27;4603127952&amp;#x27;&amp;gt;)\nmock_request = &amp;lt;MagicMock spec=&amp;#x27;Request&amp;#x27; id=&amp;#x27;4603118160&amp;#x27;&amp;gt;\n\n    @pytest.mark.asyncio\n    async def test_delete_user_success(self, user_handler, mock_request):\n        user_id = &amp;quot;550e8400-e29b-41d4-a716-446655440000&amp;quot;\n    \n        response = await user_handler.delete_user(mock_request, user_id)\n    \n&amp;gt;       assert response[&amp;quot;status_code&amp;quot;] == 200\nE       assert &amp;lt;ErrorCodes.INVALID_TOKEN_PAYLOAD_ERROR: 4008&amp;gt; == 200\n\nmock_request = &amp;lt;MagicMock spec=&amp;#x27;Request&amp;#x27; id=&amp;#x27;4603118160&amp;#x27;&amp;gt;\nresponse   = {&amp;#x27;message&amp;#x27;: &amp;#x27;Request context not available&amp;#x27;, &amp;#x27;status_code&amp;#x27;: &amp;lt;ErrorCodes.INVALID_TOKEN_PAYLOAD_ERROR: 4008&amp;gt;}\nself       = &amp;lt;tests.controllers_tests.test_user_handlers.TestUserHandler object at 0x1122ed350&amp;gt;\nuser_handler = UserHandler(user_service=&amp;lt;Mock id=&amp;#x27;4603127952&amp;#x27;&amp;gt;)\nuser_id    = &amp;#x27;550e8400-e29b-41d4-a716-446655440000&amp;#x27;\n\ntests/controllers_tests/test_user_handlers.py:137: AssertionError\n\n------------------------------ Captured log call -------------------------------\nINFO     ThreadSafeLogger:logger.py:74 delete_user executed successfully.\nDEBUG    ThreadSafeLogger:logger.py:83 Exiting delete_user\n\n&#34;}], &#34;tests/controllers_tests/test_user_handlers.py::TestUserHandler::test_delete_user_not_found&#34;: [{&#34;extras&#34;: [], &#34;result&#34;: &#34;Failed&#34;, &#34;testId&#34;: &#34;tests/controllers_tests/test_user_handlers.py::TestUserHandler::test_delete_user_not_found&#34;, &#34;duration&#34;: &#34;3 ms&#34;, &#34;resultsTableRow&#34;: [&#34;&lt;td class=\&#34;col-result\&#34;&gt;Failed&lt;/td&gt;&#34;, &#34;&lt;td class=\&#34;col-testId\&#34;&gt;tests/controllers_tests/test_user_handlers.py::TestUserHandler::test_delete_user_not_found&lt;/td&gt;&#34;, &#34;&lt;td class=\&#34;col-duration\&#34;&gt;3 ms&lt;/td&gt;&#34;, &#34;&lt;td class=\&#34;col-links\&#34;&gt;&lt;/td&gt;&#34;], &#34;log&#34;: &#34;self = &amp;lt;tests.controllers_tests.test_user_handlers.TestUserHandler object at 0x1122edc50&amp;gt;, user_handler = UserHandler(user_service=&amp;lt;Mock id=&amp;#x27;4603230416&amp;#x27;&amp;gt;)\nmock_request = &amp;lt;MagicMock spec=&amp;#x27;Request&amp;#x27; id=&amp;#x27;4603231632&amp;#x27;&amp;gt;\n\n    @pytest.mark.asyncio\n    async def test_delete_user_not_found(self, user_handler, mock_request):\n        user_id = &amp;quot;550e8400-e29b-41d4-a716-446655440000&amp;quot;\n        user_handler.user_service.delete_user_account.side_effect = NotExistsError(&amp;quot;User not found&amp;quot;)\n    \n        response = await user_handler.delete_user(mock_request, user_id)\n    \n&amp;gt;       assert response[&amp;quot;status_code&amp;quot;] == ErrorCodes.USER_NOT_FOUND_ERROR\nE       assert &amp;lt;ErrorCodes.INVALID_TOKEN_PAYLOAD_ERROR: 4008&amp;gt; == &amp;lt;ErrorCodes.USER_NOT_FOUND_ERROR: 4101&amp;gt;\nE        +  where &amp;lt;ErrorCodes.USER_NOT_FOUND_ERROR: 4101&amp;gt; = ErrorCodes.USER_NOT_FOUND_ERROR\n\nmock_request = &amp;lt;MagicMock spec=&amp;#x27;Request&amp;#x27; id=&amp;#x27;4603231632&amp;#x27;&amp;gt;\nresponse   = {&amp;#x27;message&amp;#x27;: &amp;#x27;Request context not available&amp;#x27;, &amp;#x27;status_code&amp;#x27;: &amp;lt;ErrorCodes.INVALID_TOKEN_PAYLOAD_ERROR: 4008&amp;gt;}\nself       = &amp;lt;tests.controllers_tests.test_user_handlers.TestUserHandler object at 0x1122edc50&amp;gt;\nuser_handler = UserHandler(user_service=&amp;lt;Mock id=&amp;#x27;4603230416&amp;#x27;&amp;gt;)\nuser_id    = &amp;#x27;550e8400-e29b-41d4-a716-446655440000&amp;#x27;\n\ntests/controllers_tests/test_user_handlers.py:148: AssertionError\n\n------------------------------ Captured log call -------------------------------\nINFO     ThreadSafeLogger:logger.py:74 delete_user executed successfully.\nDEBUG    ThreadSafeLogger:logger.py:83 Exiting delete_user\n\n&#34;}], &#34;tests/middleware_tests/test_middleware.py::TestAuthMiddleware::test_expired_token&#34;: [{&#34;extras&#34;: [], &#34;result&#34;: &#34;Failed&#34;, &#34;testId&#34;: &#34;tests/middleware_tests/test_middleware.py::TestAuthMiddleware::test_expired_token&#34;, &#34;duration&#34;: &#34;2 ms&#34;, &#34;resultsTableRow&#34;: [&#34;&lt;td class=\&#34;col-result\&#34;&gt;Failed&lt;/td&gt;&#34;, &#34;&lt;td class=\&#34;col-testId\&#34;&gt;tests/middleware_tests/test_middleware.py::TestAuthMiddleware::test_expired_token&lt;/td&gt;&#34;, &#34;&lt;td class=\&#34;col-duration\&#34;&gt;2 ms&lt;/td&gt;&#34;, &#34;&lt;td class=\&#34;col-links\&#34;&gt;&lt;/td&gt;&#34;], &#34;log&#34;: &#34;self = &amp;lt;tests.middleware_tests.test_middleware.TestAuthMiddleware testMethod=test_expired_token&amp;gt;, mock_decode = &amp;lt;MagicMock name=&amp;#x27;decode_jwt_token&amp;#x27; id=&amp;#x27;4602464208&amp;#x27;&amp;gt;\n\n    @patch(&amp;#x27;src.app.utils.utils.Utils.decode_jwt_token&amp;#x27;)\n    def test_expired_token(self, mock_decode):\n        mock_decode.side_effect = jwt.ExpiredSignatureError\n        with app.test_request_context(\n            &amp;#x27;/some/protected/route&amp;#x27;, headers={&amp;#x27;Authorization&amp;#x27;: &amp;#x27;Bearer expired.token.here&amp;#x27;}\n        ):\n&amp;gt;           response, status_code = auth_middleware()\nE           TypeError: auth_middleware() missing 1 required positional argument: &amp;#x27;request&amp;#x27;\n\nmock_decode = &amp;lt;MagicMock name=&amp;#x27;decode_jwt_token&amp;#x27; id=&amp;#x27;4602464208&amp;#x27;&amp;gt;\nself       = &amp;lt;tests.middleware_tests.test_middleware.TestAuthMiddleware testMethod=test_expired_token&amp;gt;\n\ntests/middleware_tests/test_middleware.py:41: TypeError\n&#34;}], &#34;tests/middleware_tests/test_middleware.py::TestAuthMiddleware::test_invalid_authorization_format&#34;: [{&#34;extras&#34;: [], &#34;result&#34;: &#34;Failed&#34;, &#34;testId&#34;: &#34;tests/middleware_tests/test_middleware.py::TestAuthMiddleware::test_invalid_authorization_format&#34;, &#34;duration&#34;: &#34;1 ms&#34;, &#34;resultsTableRow&#34;: [&#34;&lt;td class=\&#34;col-result\&#34;&gt;Failed&lt;/td&gt;&#34;, &#34;&lt;td class=\&#34;col-testId\&#34;&gt;tests/middleware_tests/test_middleware.py::TestAuthMiddleware::test_invalid_authorization_format&lt;/td&gt;&#34;, &#34;&lt;td class=\&#34;col-duration\&#34;&gt;1 ms&lt;/td&gt;&#34;, &#34;&lt;td class=\&#34;col-links\&#34;&gt;&lt;/td&gt;&#34;], &#34;log&#34;: &#34;self = &amp;lt;tests.middleware_tests.test_middleware.TestAuthMiddleware testMethod=test_invalid_authorization_format&amp;gt;, mock_decode = &amp;lt;MagicMock name=&amp;#x27;decode_jwt_token&amp;#x27; id=&amp;#x27;4606808784&amp;#x27;&amp;gt;\n\n    @patch(&amp;#x27;src.app.utils.utils.Utils.decode_jwt_token&amp;#x27;)\n    def test_invalid_authorization_format(self, mock_decode):\n        with app.test_request_context(\n            &amp;#x27;/some/protected/route&amp;#x27;, headers={&amp;#x27;Authorization&amp;#x27;: &amp;#x27;InvalidToken&amp;#x27;}\n        ):\n&amp;gt;           response, status_code = auth_middleware()\nE           TypeError: auth_middleware() missing 1 required positional argument: &amp;#x27;request&amp;#x27;\n\nmock_decode = &amp;lt;MagicMock name=&amp;#x27;decode_jwt_token&amp;#x27; id=&amp;#x27;4606808784&amp;#x27;&amp;gt;\nself       = &amp;lt;tests.middleware_tests.test_middleware.TestAuthMiddleware testMethod=test_invalid_authorization_format&amp;gt;\n\ntests/middleware_tests/test_middleware.py:30: TypeError\n&#34;}], &#34;tests/middleware_tests/test_middleware.py::TestAuthMiddleware::test_invalid_token&#34;: [{&#34;extras&#34;: [], &#34;result&#34;: &#34;Failed&#34;, &#34;testId&#34;: &#34;tests/middleware_tests/test_middleware.py::TestAuthMiddleware::test_invalid_token&#34;, &#34;duration&#34;: &#34;1 ms&#34;, &#34;resultsTableRow&#34;: [&#34;&lt;td class=\&#34;col-result\&#34;&gt;Failed&lt;/td&gt;&#34;, &#34;&lt;td class=\&#34;col-testId\&#34;&gt;tests/middleware_tests/test_middleware.py::TestAuthMiddleware::test_invalid_token&lt;/td&gt;&#34;, &#34;&lt;td class=\&#34;col-duration\&#34;&gt;1 ms&lt;/td&gt;&#34;, &#34;&lt;td class=\&#34;col-links\&#34;&gt;&lt;/td&gt;&#34;], &#34;log&#34;: &#34;self = &amp;lt;tests.middleware_tests.test_middleware.TestAuthMiddleware testMethod=test_invalid_token&amp;gt;, mock_decode = &amp;lt;MagicMock name=&amp;#x27;decode_jwt_token&amp;#x27; id=&amp;#x27;4604963728&amp;#x27;&amp;gt;\n\n    @patch(&amp;#x27;src.app.utils.utils.Utils.decode_jwt_token&amp;#x27;)\n    def test_invalid_token(self, mock_decode):\n        mock_decode.side_effect = jwt.InvalidTokenError\n        with app.test_request_context(\n            &amp;#x27;/some/protected/route&amp;#x27;, headers={&amp;#x27;Authorization&amp;#x27;: &amp;#x27;Bearer invalid.token.here&amp;#x27;}\n        ):\n&amp;gt;           response, status_code = auth_middleware()\nE           TypeError: auth_middleware() missing 1 required positional argument: &amp;#x27;request&amp;#x27;\n\nmock_decode = &amp;lt;MagicMock name=&amp;#x27;decode_jwt_token&amp;#x27; id=&amp;#x27;4604963728&amp;#x27;&amp;gt;\nself       = &amp;lt;tests.middleware_tests.test_middleware.TestAuthMiddleware testMethod=test_invalid_token&amp;gt;\n\ntests/middleware_tests/test_middleware.py:52: TypeError\n&#34;}], &#34;tests/middleware_tests/test_middleware.py::TestAuthMiddleware::test_invalid_token_payload&#34;: [{&#34;extras&#34;: [], &#34;result&#34;: &#34;Failed&#34;, &#34;testId&#34;: &#34;tests/middleware_tests/test_middleware.py::TestAuthMiddleware::test_invalid_token_payload&#34;, &#34;duration&#34;: &#34;1 ms&#34;, &#34;resultsTableRow&#34;: [&#34;&lt;td class=\&#34;col-result\&#34;&gt;Failed&lt;/td&gt;&#34;, &#34;&lt;td class=\&#34;col-testId\&#34;&gt;tests/middleware_tests/test_middleware.py::TestAuthMiddleware::test_invalid_token_payload&lt;/td&gt;&#34;, &#34;&lt;td class=\&#34;col-duration\&#34;&gt;1 ms&lt;/td&gt;&#34;, &#34;&lt;td class=\&#34;col-links\&#34;&gt;&lt;/td&gt;&#34;], &#34;log&#34;: &#34;self = &amp;lt;tests.middleware_tests.test_middleware.TestAuthMiddleware testMethod=test_invalid_token_payload&amp;gt;, mock_decode = &amp;lt;MagicMock name=&amp;#x27;decode_jwt_token&amp;#x27; id=&amp;#x27;4604656144&amp;#x27;&amp;gt;\n\n    @patch(&amp;#x27;src.app.utils.utils.Utils.decode_jwt_token&amp;#x27;)\n    def test_invalid_token_payload(self, mock_decode):\n        mock_decode.return_value = {&amp;quot;invalid_key&amp;quot;: &amp;quot;value&amp;quot;}\n        with app.test_request_context(\n            &amp;#x27;/some/protected/route&amp;#x27;, headers={&amp;#x27;Authorization&amp;#x27;: &amp;#x27;Bearer valid.token.here&amp;#x27;}\n        ):\n&amp;gt;           response, status_code = auth_middleware()\nE           TypeError: auth_middleware() missing 1 required positional argument: &amp;#x27;request&amp;#x27;\n\nmock_decode = &amp;lt;MagicMock name=&amp;#x27;decode_jwt_token&amp;#x27; id=&amp;#x27;4604656144&amp;#x27;&amp;gt;\nself       = &amp;lt;tests.middleware_tests.test_middleware.TestAuthMiddleware testMethod=test_invalid_token_payload&amp;gt;\n\ntests/middleware_tests/test_middleware.py:63: TypeError\n&#34;}], &#34;tests/middleware_tests/test_middleware.py::TestAuthMiddleware::test_no_authorization_header&#34;: [{&#34;extras&#34;: [], &#34;result&#34;: &#34;Failed&#34;, &#34;testId&#34;: &#34;tests/middleware_tests/test_middleware.py::TestAuthMiddleware::test_no_authorization_header&#34;, &#34;duration&#34;: &#34;1 ms&#34;, &#34;resultsTableRow&#34;: [&#34;&lt;td class=\&#34;col-result\&#34;&gt;Failed&lt;/td&gt;&#34;, &#34;&lt;td class=\&#34;col-testId\&#34;&gt;tests/middleware_tests/test_middleware.py::TestAuthMiddleware::test_no_authorization_header&lt;/td&gt;&#34;, &#34;&lt;td class=\&#34;col-duration\&#34;&gt;1 ms&lt;/td&gt;&#34;, &#34;&lt;td class=\&#34;col-links\&#34;&gt;&lt;/td&gt;&#34;], &#34;log&#34;: &#34;self = &amp;lt;tests.middleware_tests.test_middleware.TestAuthMiddleware testMethod=test_no_authorization_header&amp;gt;, mock_decode = &amp;lt;MagicMock name=&amp;#x27;decode_jwt_token&amp;#x27; id=&amp;#x27;4606403152&amp;#x27;&amp;gt;\n\n    @patch(&amp;#x27;src.app.utils.utils.Utils.decode_jwt_token&amp;#x27;)\n    def test_no_authorization_header(self, mock_decode):\n        with app.test_request_context(&amp;#x27;/some/protected/route&amp;#x27;):\n&amp;gt;           response, status_code = auth_middleware()\nE           TypeError: auth_middleware() missing 1 required positional argument: &amp;#x27;request&amp;#x27;\n\nmock_decode = &amp;lt;MagicMock name=&amp;#x27;decode_jwt_token&amp;#x27; id=&amp;#x27;4606403152&amp;#x27;&amp;gt;\nself       = &amp;lt;tests.middleware_tests.test_middleware.TestAuthMiddleware testMethod=test_no_authorization_header&amp;gt;\n\ntests/middleware_tests/test_middleware.py:20: TypeError\n&#34;}], &#34;tests/middleware_tests/test_middleware.py::TestAuthMiddleware::test_skip_middleware_for_login_signup&#34;: [{&#34;extras&#34;: [], &#34;result&#34;: &#34;Failed&#34;, &#34;testId&#34;: &#34;tests/middleware_tests/test_middleware.py::TestAuthMiddleware::test_skip_middleware_for_login_signup&#34;, &#34;duration&#34;: &#34;1 ms&#34;, &#34;resultsTableRow&#34;: [&#34;&lt;td class=\&#34;col-result\&#34;&gt;Failed&lt;/td&gt;&#34;, &#34;&lt;td class=\&#34;col-testId\&#34;&gt;tests/middleware_tests/test_middleware.py::TestAuthMiddleware::test_skip_middleware_for_login_signup&lt;/td&gt;&#34;, &#34;&lt;td class=\&#34;col-duration\&#34;&gt;1 ms&lt;/td&gt;&#34;, &#34;&lt;td class=\&#34;col-links\&#34;&gt;&lt;/td&gt;&#34;], &#34;log&#34;: &#34;self = &amp;lt;tests.middleware_tests.test_middleware.TestAuthMiddleware testMethod=test_skip_middleware_for_login_signup&amp;gt;, mock_decode = &amp;lt;MagicMock name=&amp;#x27;decode_jwt_token&amp;#x27; id=&amp;#x27;4604828368&amp;#x27;&amp;gt;\n\n    @patch(&amp;#x27;src.app.utils.utils.Utils.decode_jwt_token&amp;#x27;)\n    def test_skip_middleware_for_login_signup(self, mock_decode):\n        with app.test_request_context(&amp;#x27;/login&amp;#x27;):\n&amp;gt;           response = auth_middleware()\nE           TypeError: auth_middleware() missing 1 required positional argument: &amp;#x27;request&amp;#x27;\n\nmock_decode = &amp;lt;MagicMock name=&amp;#x27;decode_jwt_token&amp;#x27; id=&amp;#x27;4604828368&amp;#x27;&amp;gt;\nself       = &amp;lt;tests.middleware_tests.test_middleware.TestAuthMiddleware testMethod=test_skip_middleware_for_login_signup&amp;gt;\n\ntests/middleware_tests/test_middleware.py:82: TypeError\n&#34;}], &#34;tests/middleware_tests/test_middleware.py::TestAuthMiddleware::test_valid_token&#34;: [{&#34;extras&#34;: [], &#34;result&#34;: &#34;Failed&#34;, &#34;testId&#34;: &#34;tests/middleware_tests/test_middleware.py::TestAuthMiddleware::test_valid_token&#34;, &#34;duration&#34;: &#34;1 ms&#34;, &#34;resultsTableRow&#34;: [&#34;&lt;td class=\&#34;col-result\&#34;&gt;Failed&lt;/td&gt;&#34;, &#34;&lt;td class=\&#34;col-testId\&#34;&gt;tests/middleware_tests/test_middleware.py::TestAuthMiddleware::test_valid_token&lt;/td&gt;&#34;, &#34;&lt;td class=\&#34;col-duration\&#34;&gt;1 ms&lt;/td&gt;&#34;, &#34;&lt;td class=\&#34;col-links\&#34;&gt;&lt;/td&gt;&#34;], &#34;log&#34;: &#34;self = &amp;lt;tests.middleware_tests.test_middleware.TestAuthMiddleware testMethod=test_valid_token&amp;gt;, mock_decode = &amp;lt;MagicMock name=&amp;#x27;decode_jwt_token&amp;#x27; id=&amp;#x27;4604439376&amp;#x27;&amp;gt;\n\n    @patch(&amp;#x27;src.app.utils.utils.Utils.decode_jwt_token&amp;#x27;)\n    def test_valid_token(self, mock_decode):\n        mock_decode.return_value = {&amp;quot;user_id&amp;quot;: &amp;quot;123&amp;quot;, &amp;quot;role&amp;quot;: &amp;quot;admin&amp;quot;}\n        with app.test_request_context(\n            &amp;#x27;/some/protected/route&amp;#x27;, headers={&amp;#x27;Authorization&amp;#x27;: &amp;#x27;Bearer valid.token.here&amp;#x27;}\n        ):\n&amp;gt;           response = auth_middleware()\nE           TypeError: auth_middleware() missing 1 required positional argument: &amp;#x27;request&amp;#x27;\n\nmock_decode = &amp;lt;MagicMock name=&amp;#x27;decode_jwt_token&amp;#x27; id=&amp;#x27;4604439376&amp;#x27;&amp;gt;\nself       = &amp;lt;tests.middleware_tests.test_middleware.TestAuthMiddleware testMethod=test_valid_token&amp;gt;\n\ntests/middleware_tests/test_middleware.py:74: TypeError\n&#34;}], &#34;tests/repository_tests/test_asset_issue_repository.py::TestIssueRepository::test_fetch_all_issues_empty_list&#34;: [{&#34;extras&#34;: [], &#34;result&#34;: &#34;Passed&#34;, &#34;testId&#34;: &#34;tests/repository_tests/test_asset_issue_repository.py::TestIssueRepository::test_fetch_all_issues_empty_list&#34;, &#34;duration&#34;: &#34;3 ms&#34;, &#34;resultsTableRow&#34;: [&#34;&lt;td class=\&#34;col-result\&#34;&gt;Passed&lt;/td&gt;&#34;, &#34;&lt;td class=\&#34;col-testId\&#34;&gt;tests/repository_tests/test_asset_issue_repository.py::TestIssueRepository::test_fetch_all_issues_empty_list&lt;/td&gt;&#34;, &#34;&lt;td class=\&#34;col-duration\&#34;&gt;3 ms&lt;/td&gt;&#34;, &#34;&lt;td class=\&#34;col-links\&#34;&gt;&lt;/td&gt;&#34;], &#34;log&#34;: &#34;No log output captured.&#34;}], &#34;tests/repository_tests/test_asset_issue_repository.py::TestIssueRepository::test_fetch_all_issues_raises_database_error&#34;: [{&#34;extras&#34;: [], &#34;result&#34;: &#34;Passed&#34;, &#34;testId&#34;: &#34;tests/repository_tests/test_asset_issue_repository.py::TestIssueRepository::test_fetch_all_issues_raises_database_error&#34;, &#34;duration&#34;: &#34;2 ms&#34;, &#34;resultsTableRow&#34;: [&#34;&lt;td class=\&#34;col-result\&#34;&gt;Passed&lt;/td&gt;&#34;, &#34;&lt;td class=\&#34;col-testId\&#34;&gt;tests/repository_tests/test_asset_issue_repository.py::TestIssueRepository::test_fetch_all_issues_raises_database_error&lt;/td&gt;&#34;, &#34;&lt;td class=\&#34;col-duration\&#34;&gt;2 ms&lt;/td&gt;&#34;, &#34;&lt;td class=\&#34;col-links\&#34;&gt;&lt;/td&gt;&#34;], &#34;log&#34;: &#34;No log output captured.&#34;}], &#34;tests/repository_tests/test_asset_issue_repository.py::TestIssueRepository::test_fetch_all_issues_success&#34;: [{&#34;extras&#34;: [], &#34;result&#34;: &#34;Passed&#34;, &#34;testId&#34;: &#34;tests/repository_tests/test_asset_issue_repository.py::TestIssueRepository::test_fetch_all_issues_success&#34;, &#34;duration&#34;: &#34;3 ms&#34;, &#34;resultsTableRow&#34;: [&#34;&lt;td class=\&#34;col-result\&#34;&gt;Passed&lt;/td&gt;&#34;, &#34;&lt;td class=\&#34;col-testId\&#34;&gt;tests/repository_tests/test_asset_issue_repository.py::TestIssueRepository::test_fetch_all_issues_success&lt;/td&gt;&#34;, &#34;&lt;td class=\&#34;col-duration\&#34;&gt;3 ms&lt;/td&gt;&#34;, &#34;&lt;td class=\&#34;col-links\&#34;&gt;&lt;/td&gt;&#34;], &#34;log&#34;: &#34;No log output captured.&#34;}], &#34;tests/repository_tests/test_asset_issue_repository.py::TestIssueRepository::test_fetch_user_issues_no_issues_found&#34;: [{&#34;extras&#34;: [], &#34;result&#34;: &#34;Passed&#34;, &#34;testId&#34;: &#34;tests/repository_tests/test_asset_issue_repository.py::TestIssueRepository::test_fetch_user_issues_no_issues_found&#34;, &#34;duration&#34;: &#34;4 ms&#34;, &#34;resultsTableRow&#34;: [&#34;&lt;td class=\&#34;col-result\&#34;&gt;Passed&lt;/td&gt;&#34;, &#34;&lt;td class=\&#34;col-testId\&#34;&gt;tests/repository_tests/test_asset_issue_repository.py::TestIssueRepository::test_fetch_user_issues_no_issues_found&lt;/td&gt;&#34;, &#34;&lt;td class=\&#34;col-duration\&#34;&gt;4 ms&lt;/td&gt;&#34;, &#34;&lt;td class=\&#34;col-links\&#34;&gt;&lt;/td&gt;&#34;], &#34;log&#34;: &#34;No log output captured.&#34;}], &#34;tests/repository_tests/test_asset_issue_repository.py::TestIssueRepository::test_fetch_user_issues_raises_database_error&#34;: [{&#34;extras&#34;: [], &#34;result&#34;: &#34;Passed&#34;, &#34;testId&#34;: &#34;tests/repository_tests/test_asset_issue_repository.py::TestIssueRepository::test_fetch_user_issues_raises_database_error&#34;, &#34;duration&#34;: &#34;2 ms&#34;, &#34;resultsTableRow&#34;: [&#34;&lt;td class=\&#34;col-result\&#34;&gt;Passed&lt;/td&gt;&#34;, &#34;&lt;td class=\&#34;col-testId\&#34;&gt;tests/repository_tests/test_asset_issue_repository.py::TestIssueRepository::test_fetch_user_issues_raises_database_error&lt;/td&gt;&#34;, &#34;&lt;td class=\&#34;col-duration\&#34;&gt;2 ms&lt;/td&gt;&#34;, &#34;&lt;td class=\&#34;col-links\&#34;&gt;&lt;/td&gt;&#34;], &#34;log&#34;: &#34;No log output captured.&#34;}], &#34;tests/repository_tests/test_asset_issue_repository.py::TestIssueRepository::test_fetch_user_issues_success&#34;: [{&#34;extras&#34;: [], &#34;result&#34;: &#34;Passed&#34;, &#34;testId&#34;: &#34;tests/repository_tests/test_asset_issue_repository.py::TestIssueRepository::test_fetch_user_issues_success&#34;, &#34;duration&#34;: &#34;3 ms&#34;, &#34;resultsTableRow&#34;: [&#34;&lt;td class=\&#34;col-result\&#34;&gt;Passed&lt;/td&gt;&#34;, &#34;&lt;td class=\&#34;col-testId\&#34;&gt;tests/repository_tests/test_asset_issue_repository.py::TestIssueRepository::test_fetch_user_issues_success&lt;/td&gt;&#34;, &#34;&lt;td class=\&#34;col-duration\&#34;&gt;3 ms&lt;/td&gt;&#34;, &#34;&lt;td class=\&#34;col-links\&#34;&gt;&lt;/td&gt;&#34;], &#34;log&#34;: &#34;No log output captured.&#34;}], &#34;tests/repository_tests/test_asset_issue_repository.py::TestIssueRepository::test_report_issue_raises_database_error&#34;: [{&#34;extras&#34;: [], &#34;result&#34;: &#34;Passed&#34;, &#34;testId&#34;: &#34;tests/repository_tests/test_asset_issue_repository.py::TestIssueRepository::test_report_issue_raises_database_error&#34;, &#34;duration&#34;: &#34;1 ms&#34;, &#34;resultsTableRow&#34;: [&#34;&lt;td class=\&#34;col-result\&#34;&gt;Passed&lt;/td&gt;&#34;, &#34;&lt;td class=\&#34;col-testId\&#34;&gt;tests/repository_tests/test_asset_issue_repository.py::TestIssueRepository::test_report_issue_raises_database_error&lt;/td&gt;&#34;, &#34;&lt;td class=\&#34;col-duration\&#34;&gt;1 ms&lt;/td&gt;&#34;, &#34;&lt;td class=\&#34;col-links\&#34;&gt;&lt;/td&gt;&#34;], &#34;log&#34;: &#34;No log output captured.&#34;}], &#34;tests/repository_tests/test_asset_issue_repository.py::TestIssueRepository::test_report_issue_success&#34;: [{&#34;extras&#34;: [], &#34;result&#34;: &#34;Passed&#34;, &#34;testId&#34;: &#34;tests/repository_tests/test_asset_issue_repository.py::TestIssueRepository::test_report_issue_success&#34;, &#34;duration&#34;: &#34;3 ms&#34;, &#34;resultsTableRow&#34;: [&#34;&lt;td class=\&#34;col-result\&#34;&gt;Passed&lt;/td&gt;&#34;, &#34;&lt;td class=\&#34;col-testId\&#34;&gt;tests/repository_tests/test_asset_issue_repository.py::TestIssueRepository::test_report_issue_success&lt;/td&gt;&#34;, &#34;&lt;td class=\&#34;col-duration\&#34;&gt;3 ms&lt;/td&gt;&#34;, &#34;&lt;td class=\&#34;col-links\&#34;&gt;&lt;/td&gt;&#34;], &#34;log&#34;: &#34;No log output captured.&#34;}], &#34;tests/repository_tests/test_asset_repository.py::TestAssetRepository::test_add_asset_raises_database_error&#34;: [{&#34;extras&#34;: [], &#34;result&#34;: &#34;Passed&#34;, &#34;testId&#34;: &#34;tests/repository_tests/test_asset_repository.py::TestAssetRepository::test_add_asset_raises_database_error&#34;, &#34;duration&#34;: &#34;2 ms&#34;, &#34;resultsTableRow&#34;: [&#34;&lt;td class=\&#34;col-result\&#34;&gt;Passed&lt;/td&gt;&#34;, &#34;&lt;td class=\&#34;col-testId\&#34;&gt;tests/repository_tests/test_asset_repository.py::TestAssetRepository::test_add_asset_raises_database_error&lt;/td&gt;&#34;, &#34;&lt;td class=\&#34;col-duration\&#34;&gt;2 ms&lt;/td&gt;&#34;, &#34;&lt;td class=\&#34;col-links\&#34;&gt;&lt;/td&gt;&#34;], &#34;log&#34;: &#34;No log output captured.&#34;}], &#34;tests/repository_tests/test_asset_repository.py::TestAssetRepository::test_add_asset_success&#34;: [{&#34;extras&#34;: [], &#34;result&#34;: &#34;Passed&#34;, &#34;testId&#34;: &#34;tests/repository_tests/test_asset_repository.py::TestAssetRepository::test_add_asset_success&#34;, &#34;duration&#34;: &#34;2 ms&#34;, &#34;resultsTableRow&#34;: [&#34;&lt;td class=\&#34;col-result\&#34;&gt;Passed&lt;/td&gt;&#34;, &#34;&lt;td class=\&#34;col-testId\&#34;&gt;tests/repository_tests/test_asset_repository.py::TestAssetRepository::test_add_asset_success&lt;/td&gt;&#34;, &#34;&lt;td class=\&#34;col-duration\&#34;&gt;2 ms&lt;/td&gt;&#34;, &#34;&lt;td class=\&#34;col-links\&#34;&gt;&lt;/td&gt;&#34;], &#34;log&#34;: &#34;No log output captured.&#34;}], &#34;tests/repository_tests/test_asset_repository.py::TestAssetRepository::test_assign_asset_raises_database_error&#34;: [{&#34;extras&#34;: [], &#34;result&#34;: &#34;Passed&#34;, &#34;testId&#34;: &#34;tests/repository_tests/test_asset_repository.py::TestAssetRepository::test_assign_asset_raises_database_error&#34;, &#34;duration&#34;: &#34;2 ms&#34;, &#34;resultsTableRow&#34;: [&#34;&lt;td class=\&#34;col-result\&#34;&gt;Passed&lt;/td&gt;&#34;, &#34;&lt;td class=\&#34;col-testId\&#34;&gt;tests/repository_tests/test_asset_repository.py::TestAssetRepository::test_assign_asset_raises_database_error&lt;/td&gt;&#34;, &#34;&lt;td class=\&#34;col-duration\&#34;&gt;2 ms&lt;/td&gt;&#34;, &#34;&lt;td class=\&#34;col-links\&#34;&gt;&lt;/td&gt;&#34;], &#34;log&#34;: &#34;No log output captured.&#34;}], &#34;tests/repository_tests/test_asset_repository.py::TestAssetRepository::test_assign_asset_success&#34;: [{&#34;extras&#34;: [], &#34;result&#34;: &#34;Passed&#34;, &#34;testId&#34;: &#34;tests/repository_tests/test_asset_repository.py::TestAssetRepository::test_assign_asset_success&#34;, &#34;duration&#34;: &#34;3 ms&#34;, &#34;resultsTableRow&#34;: [&#34;&lt;td class=\&#34;col-result\&#34;&gt;Passed&lt;/td&gt;&#34;, &#34;&lt;td class=\&#34;col-testId\&#34;&gt;tests/repository_tests/test_asset_repository.py::TestAssetRepository::test_assign_asset_success&lt;/td&gt;&#34;, &#34;&lt;td class=\&#34;col-duration\&#34;&gt;3 ms&lt;/td&gt;&#34;, &#34;&lt;td class=\&#34;col-links\&#34;&gt;&lt;/td&gt;&#34;], &#34;log&#34;: &#34;No log output captured.&#34;}], &#34;tests/repository_tests/test_asset_repository.py::TestAssetRepository::test_check_asset_availability_available&#34;: [{&#34;extras&#34;: [], &#34;result&#34;: &#34;Passed&#34;, &#34;testId&#34;: &#34;tests/repository_tests/test_asset_repository.py::TestAssetRepository::test_check_asset_availability_available&#34;, &#34;duration&#34;: &#34;2 ms&#34;, &#34;resultsTableRow&#34;: [&#34;&lt;td class=\&#34;col-result\&#34;&gt;Passed&lt;/td&gt;&#34;, &#34;&lt;td class=\&#34;col-testId\&#34;&gt;tests/repository_tests/test_asset_repository.py::TestAssetRepository::test_check_asset_availability_available&lt;/td&gt;&#34;, &#34;&lt;td class=\&#34;col-duration\&#34;&gt;2 ms&lt;/td&gt;&#34;, &#34;&lt;td class=\&#34;col-links\&#34;&gt;&lt;/td&gt;&#34;], &#34;log&#34;: &#34;No log output captured.&#34;}], &#34;tests/repository_tests/test_asset_repository.py::TestAssetRepository::test_check_asset_availability_available_raises_database_error&#34;: [{&#34;extras&#34;: [], &#34;result&#34;: &#34;Passed&#34;, &#34;testId&#34;: &#34;tests/repository_tests/test_asset_repository.py::TestAssetRepository::test_check_asset_availability_available_raises_database_error&#34;, &#34;duration&#34;: &#34;2 ms&#34;, &#34;resultsTableRow&#34;: [&#34;&lt;td class=\&#34;col-result\&#34;&gt;Passed&lt;/td&gt;&#34;, &#34;&lt;td class=\&#34;col-testId\&#34;&gt;tests/repository_tests/test_asset_repository.py::TestAssetRepository::test_check_asset_availability_available_raises_database_error&lt;/td&gt;&#34;, &#34;&lt;td class=\&#34;col-duration\&#34;&gt;2 ms&lt;/td&gt;&#34;, &#34;&lt;td class=\&#34;col-links\&#34;&gt;&lt;/td&gt;&#34;], &#34;log&#34;: &#34;No log output captured.&#34;}], &#34;tests/repository_tests/test_asset_repository.py::TestAssetRepository::test_check_asset_availability_not_available&#34;: [{&#34;extras&#34;: [], &#34;result&#34;: &#34;Passed&#34;, &#34;testId&#34;: &#34;tests/repository_tests/test_asset_repository.py::TestAssetRepository::test_check_asset_availability_not_available&#34;, &#34;duration&#34;: &#34;3 ms&#34;, &#34;resultsTableRow&#34;: [&#34;&lt;td class=\&#34;col-result\&#34;&gt;Passed&lt;/td&gt;&#34;, &#34;&lt;td class=\&#34;col-testId\&#34;&gt;tests/repository_tests/test_asset_repository.py::TestAssetRepository::test_check_asset_availability_not_available&lt;/td&gt;&#34;, &#34;&lt;td class=\&#34;col-duration\&#34;&gt;3 ms&lt;/td&gt;&#34;, &#34;&lt;td class=\&#34;col-links\&#34;&gt;&lt;/td&gt;&#34;], &#34;log&#34;: &#34;No log output captured.&#34;}], &#34;tests/repository_tests/test_asset_repository.py::TestAssetRepository::test_delete_asset_success&#34;: [{&#34;extras&#34;: [], &#34;result&#34;: &#34;Passed&#34;, &#34;testId&#34;: &#34;tests/repository_tests/test_asset_repository.py::TestAssetRepository::test_delete_asset_success&#34;, &#34;duration&#34;: &#34;2 ms&#34;, &#34;resultsTableRow&#34;: [&#34;&lt;td class=\&#34;col-result\&#34;&gt;Passed&lt;/td&gt;&#34;, &#34;&lt;td class=\&#34;col-testId\&#34;&gt;tests/repository_tests/test_asset_repository.py::TestAssetRepository::test_delete_asset_success&lt;/td&gt;&#34;, &#34;&lt;td class=\&#34;col-duration\&#34;&gt;2 ms&lt;/td&gt;&#34;, &#34;&lt;td class=\&#34;col-links\&#34;&gt;&lt;/td&gt;&#34;], &#34;log&#34;: &#34;No log output captured.&#34;}], &#34;tests/repository_tests/test_asset_repository.py::TestAssetRepository::test_delete_asset_success_raises_database_error&#34;: [{&#34;extras&#34;: [], &#34;result&#34;: &#34;Passed&#34;, &#34;testId&#34;: &#34;tests/repository_tests/test_asset_repository.py::TestAssetRepository::test_delete_asset_success_raises_database_error&#34;, &#34;duration&#34;: &#34;2 ms&#34;, &#34;resultsTableRow&#34;: [&#34;&lt;td class=\&#34;col-result\&#34;&gt;Passed&lt;/td&gt;&#34;, &#34;&lt;td class=\&#34;col-testId\&#34;&gt;tests/repository_tests/test_asset_repository.py::TestAssetRepository::test_delete_asset_success_raises_database_error&lt;/td&gt;&#34;, &#34;&lt;td class=\&#34;col-duration\&#34;&gt;2 ms&lt;/td&gt;&#34;, &#34;&lt;td class=\&#34;col-links\&#34;&gt;&lt;/td&gt;&#34;], &#34;log&#34;: &#34;No log output captured.&#34;}], &#34;tests/repository_tests/test_asset_repository.py::TestAssetRepository::test_fetch_all_assets_raises_database_error&#34;: [{&#34;extras&#34;: [], &#34;result&#34;: &#34;Passed&#34;, &#34;testId&#34;: &#34;tests/repository_tests/test_asset_repository.py::TestAssetRepository::test_fetch_all_assets_raises_database_error&#34;, &#34;duration&#34;: &#34;2 ms&#34;, &#34;resultsTableRow&#34;: [&#34;&lt;td class=\&#34;col-result\&#34;&gt;Passed&lt;/td&gt;&#34;, &#34;&lt;td class=\&#34;col-testId\&#34;&gt;tests/repository_tests/test_asset_repository.py::TestAssetRepository::test_fetch_all_assets_raises_database_error&lt;/td&gt;&#34;, &#34;&lt;td class=\&#34;col-duration\&#34;&gt;2 ms&lt;/td&gt;&#34;, &#34;&lt;td class=\&#34;col-links\&#34;&gt;&lt;/td&gt;&#34;], &#34;log&#34;: &#34;No log output captured.&#34;}], &#34;tests/repository_tests/test_asset_repository.py::TestAssetRepository::test_fetch_all_assets_success&#34;: [{&#34;extras&#34;: [], &#34;result&#34;: &#34;Passed&#34;, &#34;testId&#34;: &#34;tests/repository_tests/test_asset_repository.py::TestAssetRepository::test_fetch_all_assets_success&#34;, &#34;duration&#34;: &#34;2 ms&#34;, &#34;resultsTableRow&#34;: [&#34;&lt;td class=\&#34;col-result\&#34;&gt;Passed&lt;/td&gt;&#34;, &#34;&lt;td class=\&#34;col-testId\&#34;&gt;tests/repository_tests/test_asset_repository.py::TestAssetRepository::test_fetch_all_assets_success&lt;/td&gt;&#34;, &#34;&lt;td class=\&#34;col-duration\&#34;&gt;2 ms&lt;/td&gt;&#34;, &#34;&lt;td class=\&#34;col-links\&#34;&gt;&lt;/td&gt;&#34;], &#34;log&#34;: &#34;No log output captured.&#34;}], &#34;tests/repository_tests/test_asset_repository.py::TestAssetRepository::test_fetch_asset_by_id_not_found&#34;: [{&#34;extras&#34;: [], &#34;result&#34;: &#34;Passed&#34;, &#34;testId&#34;: &#34;tests/repository_tests/test_asset_repository.py::TestAssetRepository::test_fetch_asset_by_id_not_found&#34;, &#34;duration&#34;: &#34;3 ms&#34;, &#34;resultsTableRow&#34;: [&#34;&lt;td class=\&#34;col-result\&#34;&gt;Passed&lt;/td&gt;&#34;, &#34;&lt;td class=\&#34;col-testId\&#34;&gt;tests/repository_tests/test_asset_repository.py::TestAssetRepository::test_fetch_asset_by_id_not_found&lt;/td&gt;&#34;, &#34;&lt;td class=\&#34;col-duration\&#34;&gt;3 ms&lt;/td&gt;&#34;, &#34;&lt;td class=\&#34;col-links\&#34;&gt;&lt;/td&gt;&#34;], &#34;log&#34;: &#34;No log output captured.&#34;}], &#34;tests/repository_tests/test_asset_repository.py::TestAssetRepository::test_fetch_asset_by_id_raises_database_error&#34;: [{&#34;extras&#34;: [], &#34;result&#34;: &#34;Passed&#34;, &#34;testId&#34;: &#34;tests/repository_tests/test_asset_repository.py::TestAssetRepository::test_fetch_asset_by_id_raises_database_error&#34;, &#34;duration&#34;: &#34;2 ms&#34;, &#34;resultsTableRow&#34;: [&#34;&lt;td class=\&#34;col-result\&#34;&gt;Passed&lt;/td&gt;&#34;, &#34;&lt;td class=\&#34;col-testId\&#34;&gt;tests/repository_tests/test_asset_repository.py::TestAssetRepository::test_fetch_asset_by_id_raises_database_error&lt;/td&gt;&#34;, &#34;&lt;td class=\&#34;col-duration\&#34;&gt;2 ms&lt;/td&gt;&#34;, &#34;&lt;td class=\&#34;col-links\&#34;&gt;&lt;/td&gt;&#34;], &#34;log&#34;: &#34;No log output captured.&#34;}], &#34;tests/repository_tests/test_asset_repository.py::TestAssetRepository::test_fetch_asset_by_id_success&#34;: [{&#34;extras&#34;: [], &#34;result&#34;: &#34;Passed&#34;, &#34;testId&#34;: &#34;tests/repository_tests/test_asset_repository.py::TestAssetRepository::test_fetch_asset_by_id_success&#34;, &#34;duration&#34;: &#34;2 ms&#34;, &#34;resultsTableRow&#34;: [&#34;&lt;td class=\&#34;col-result\&#34;&gt;Passed&lt;/td&gt;&#34;, &#34;&lt;td class=\&#34;col-testId\&#34;&gt;tests/repository_tests/test_asset_repository.py::TestAssetRepository::test_fetch_asset_by_id_success&lt;/td&gt;&#34;, &#34;&lt;td class=\&#34;col-duration\&#34;&gt;2 ms&lt;/td&gt;&#34;, &#34;&lt;td class=\&#34;col-links\&#34;&gt;&lt;/td&gt;&#34;], &#34;log&#34;: &#34;No log output captured.&#34;}], &#34;tests/repository_tests/test_asset_repository.py::TestAssetRepository::test_is_asset_assigned_false&#34;: [{&#34;extras&#34;: [], &#34;result&#34;: &#34;Passed&#34;, &#34;testId&#34;: &#34;tests/repository_tests/test_asset_repository.py::TestAssetRepository::test_is_asset_assigned_false&#34;, &#34;duration&#34;: &#34;2 ms&#34;, &#34;resultsTableRow&#34;: [&#34;&lt;td class=\&#34;col-result\&#34;&gt;Passed&lt;/td&gt;&#34;, &#34;&lt;td class=\&#34;col-testId\&#34;&gt;tests/repository_tests/test_asset_repository.py::TestAssetRepository::test_is_asset_assigned_false&lt;/td&gt;&#34;, &#34;&lt;td class=\&#34;col-duration\&#34;&gt;2 ms&lt;/td&gt;&#34;, &#34;&lt;td class=\&#34;col-links\&#34;&gt;&lt;/td&gt;&#34;], &#34;log&#34;: &#34;No log output captured.&#34;}], &#34;tests/repository_tests/test_asset_repository.py::TestAssetRepository::test_is_asset_assigned_raises_database_error&#34;: [{&#34;extras&#34;: [], &#34;result&#34;: &#34;Passed&#34;, &#34;testId&#34;: &#34;tests/repository_tests/test_asset_repository.py::TestAssetRepository::test_is_asset_assigned_raises_database_error&#34;, &#34;duration&#34;: &#34;2 ms&#34;, &#34;resultsTableRow&#34;: [&#34;&lt;td class=\&#34;col-result\&#34;&gt;Passed&lt;/td&gt;&#34;, &#34;&lt;td class=\&#34;col-testId\&#34;&gt;tests/repository_tests/test_asset_repository.py::TestAssetRepository::test_is_asset_assigned_raises_database_error&lt;/td&gt;&#34;, &#34;&lt;td class=\&#34;col-duration\&#34;&gt;2 ms&lt;/td&gt;&#34;, &#34;&lt;td class=\&#34;col-links\&#34;&gt;&lt;/td&gt;&#34;], &#34;log&#34;: &#34;No log output captured.&#34;}], &#34;tests/repository_tests/test_asset_repository.py::TestAssetRepository::test_is_asset_assigned_true&#34;: [{&#34;extras&#34;: [], &#34;result&#34;: &#34;Passed&#34;, &#34;testId&#34;: &#34;tests/repository_tests/test_asset_repository.py::TestAssetRepository::test_is_asset_assigned_true&#34;, &#34;duration&#34;: &#34;2 ms&#34;, &#34;resultsTableRow&#34;: [&#34;&lt;td class=\&#34;col-result\&#34;&gt;Passed&lt;/td&gt;&#34;, &#34;&lt;td class=\&#34;col-testId\&#34;&gt;tests/repository_tests/test_asset_repository.py::TestAssetRepository::test_is_asset_assigned_true&lt;/td&gt;&#34;, &#34;&lt;td class=\&#34;col-duration\&#34;&gt;2 ms&lt;/td&gt;&#34;, &#34;&lt;td class=\&#34;col-links\&#34;&gt;&lt;/td&gt;&#34;], &#34;log&#34;: &#34;No log output captured.&#34;}], &#34;tests/repository_tests/test_asset_repository.py::TestAssetRepository::test_unassign_asset_raises_database_error&#34;: [{&#34;extras&#34;: [], &#34;result&#34;: &#34;Passed&#34;, &#34;testId&#34;: &#34;tests/repository_tests/test_asset_repository.py::TestAssetRepository::test_unassign_asset_raises_database_error&#34;, &#34;duration&#34;: &#34;2 ms&#34;, &#34;resultsTableRow&#34;: [&#34;&lt;td class=\&#34;col-result\&#34;&gt;Passed&lt;/td&gt;&#34;, &#34;&lt;td class=\&#34;col-testId\&#34;&gt;tests/repository_tests/test_asset_repository.py::TestAssetRepository::test_unassign_asset_raises_database_error&lt;/td&gt;&#34;, &#34;&lt;td class=\&#34;col-duration\&#34;&gt;2 ms&lt;/td&gt;&#34;, &#34;&lt;td class=\&#34;col-links\&#34;&gt;&lt;/td&gt;&#34;], &#34;log&#34;: &#34;No log output captured.&#34;}], &#34;tests/repository_tests/test_asset_repository.py::TestAssetRepository::test_unassign_asset_success&#34;: [{&#34;extras&#34;: [], &#34;result&#34;: &#34;Passed&#34;, &#34;testId&#34;: &#34;tests/repository_tests/test_asset_repository.py::TestAssetRepository::test_unassign_asset_success&#34;, &#34;duration&#34;: &#34;2 ms&#34;, &#34;resultsTableRow&#34;: [&#34;&lt;td class=\&#34;col-result\&#34;&gt;Passed&lt;/td&gt;&#34;, &#34;&lt;td class=\&#34;col-testId\&#34;&gt;tests/repository_tests/test_asset_repository.py::TestAssetRepository::test_unassign_asset_success&lt;/td&gt;&#34;, &#34;&lt;td class=\&#34;col-duration\&#34;&gt;2 ms&lt;/td&gt;&#34;, &#34;&lt;td class=\&#34;col-links\&#34;&gt;&lt;/td&gt;&#34;], &#34;log&#34;: &#34;No log output captured.&#34;}], &#34;tests/repository_tests/test_asset_repository.py::TestAssetRepository::test_update_asset_status_raises_database_error&#34;: [{&#34;extras&#34;: [], &#34;result&#34;: &#34;Passed&#34;, &#34;testId&#34;: &#34;tests/repository_tests/test_asset_repository.py::TestAssetRepository::test_update_asset_status_raises_database_error&#34;, &#34;duration&#34;: &#34;2 ms&#34;, &#34;resultsTableRow&#34;: [&#34;&lt;td class=\&#34;col-result\&#34;&gt;Passed&lt;/td&gt;&#34;, &#34;&lt;td class=\&#34;col-testId\&#34;&gt;tests/repository_tests/test_asset_repository.py::TestAssetRepository::test_update_asset_status_raises_database_error&lt;/td&gt;&#34;, &#34;&lt;td class=\&#34;col-duration\&#34;&gt;2 ms&lt;/td&gt;&#34;, &#34;&lt;td class=\&#34;col-links\&#34;&gt;&lt;/td&gt;&#34;], &#34;log&#34;: &#34;No log output captured.&#34;}], &#34;tests/repository_tests/test_asset_repository.py::TestAssetRepository::test_update_asset_status_success&#34;: [{&#34;extras&#34;: [], &#34;result&#34;: &#34;Passed&#34;, &#34;testId&#34;: &#34;tests/repository_tests/test_asset_repository.py::TestAssetRepository::test_update_asset_status_success&#34;, &#34;duration&#34;: &#34;2 ms&#34;, &#34;resultsTableRow&#34;: [&#34;&lt;td class=\&#34;col-result\&#34;&gt;Passed&lt;/td&gt;&#34;, &#34;&lt;td class=\&#34;col-testId\&#34;&gt;tests/repository_tests/test_asset_repository.py::TestAssetRepository::test_update_asset_status_success&lt;/td&gt;&#34;, &#34;&lt;td class=\&#34;col-duration\&#34;&gt;2 ms&lt;/td&gt;&#34;, &#34;&lt;td class=\&#34;col-links\&#34;&gt;&lt;/td&gt;&#34;], &#34;log&#34;: &#34;No log output captured.&#34;}], &#34;tests/repository_tests/test_asset_repository.py::TestAssetRepository::test_view_all_assigned_assets_raises_database_error&#34;: [{&#34;extras&#34;: [], &#34;result&#34;: &#34;Passed&#34;, &#34;testId&#34;: &#34;tests/repository_tests/test_asset_repository.py::TestAssetRepository::test_view_all_assigned_assets_raises_database_error&#34;, &#34;duration&#34;: &#34;2 ms&#34;, &#34;resultsTableRow&#34;: [&#34;&lt;td class=\&#34;col-result\&#34;&gt;Passed&lt;/td&gt;&#34;, &#34;&lt;td class=\&#34;col-testId\&#34;&gt;tests/repository_tests/test_asset_repository.py::TestAssetRepository::test_view_all_assigned_assets_raises_database_error&lt;/td&gt;&#34;, &#34;&lt;td class=\&#34;col-duration\&#34;&gt;2 ms&lt;/td&gt;&#34;, &#34;&lt;td class=\&#34;col-links\&#34;&gt;&lt;/td&gt;&#34;], &#34;log&#34;: &#34;No log output captured.&#34;}], &#34;tests/repository_tests/test_asset_repository.py::TestAssetRepository::test_view_all_assigned_assets_success&#34;: [{&#34;extras&#34;: [], &#34;result&#34;: &#34;Passed&#34;, &#34;testId&#34;: &#34;tests/repository_tests/test_asset_repository.py::TestAssetRepository::test_view_all_assigned_assets_success&#34;, &#34;duration&#34;: &#34;2 ms&#34;, &#34;resultsTableRow&#34;: [&#34;&lt;td class=\&#34;col-result\&#34;&gt;Passed&lt;/td&gt;&#34;, &#34;&lt;td class=\&#34;col-testId\&#34;&gt;tests/repository_tests/test_asset_repository.py::TestAssetRepository::test_view_all_assigned_assets_success&lt;/td&gt;&#34;, &#34;&lt;td class=\&#34;col-duration\&#34;&gt;2 ms&lt;/td&gt;&#34;, &#34;&lt;td class=\&#34;col-links\&#34;&gt;&lt;/td&gt;&#34;], &#34;log&#34;: &#34;No log output captured.&#34;}], &#34;tests/repository_tests/test_asset_repository.py::TestAssetRepository::test_view_assigned_assets_no_assets&#34;: [{&#34;extras&#34;: [], &#34;result&#34;: &#34;Passed&#34;, &#34;testId&#34;: &#34;tests/repository_tests/test_asset_repository.py::TestAssetRepository::test_view_assigned_assets_no_assets&#34;, &#34;duration&#34;: &#34;2 ms&#34;, &#34;resultsTableRow&#34;: [&#34;&lt;td class=\&#34;col-result\&#34;&gt;Passed&lt;/td&gt;&#34;, &#34;&lt;td class=\&#34;col-testId\&#34;&gt;tests/repository_tests/test_asset_repository.py::TestAssetRepository::test_view_assigned_assets_no_assets&lt;/td&gt;&#34;, &#34;&lt;td class=\&#34;col-duration\&#34;&gt;2 ms&lt;/td&gt;&#34;, &#34;&lt;td class=\&#34;col-links\&#34;&gt;&lt;/td&gt;&#34;], &#34;log&#34;: &#34;No log output captured.&#34;}], &#34;tests/repository_tests/test_asset_repository.py::TestAssetRepository::test_view_assigned_assets_no_assets_raises_database_error&#34;: [{&#34;extras&#34;: [], &#34;result&#34;: &#34;Passed&#34;, &#34;testId&#34;: &#34;tests/repository_tests/test_asset_repository.py::TestAssetRepository::test_view_assigned_assets_no_assets_raises_database_error&#34;, &#34;duration&#34;: &#34;2 ms&#34;, &#34;resultsTableRow&#34;: [&#34;&lt;td class=\&#34;col-result\&#34;&gt;Passed&lt;/td&gt;&#34;, &#34;&lt;td class=\&#34;col-testId\&#34;&gt;tests/repository_tests/test_asset_repository.py::TestAssetRepository::test_view_assigned_assets_no_assets_raises_database_error&lt;/td&gt;&#34;, &#34;&lt;td class=\&#34;col-duration\&#34;&gt;2 ms&lt;/td&gt;&#34;, &#34;&lt;td class=\&#34;col-links\&#34;&gt;&lt;/td&gt;&#34;], &#34;log&#34;: &#34;No log output captured.&#34;}], &#34;tests/repository_tests/test_asset_repository.py::TestAssetRepository::test_view_assigned_assets_success&#34;: [{&#34;extras&#34;: [], &#34;result&#34;: &#34;Passed&#34;, &#34;testId&#34;: &#34;tests/repository_tests/test_asset_repository.py::TestAssetRepository::test_view_assigned_assets_success&#34;, &#34;duration&#34;: &#34;3 ms&#34;, &#34;resultsTableRow&#34;: [&#34;&lt;td class=\&#34;col-result\&#34;&gt;Passed&lt;/td&gt;&#34;, &#34;&lt;td class=\&#34;col-testId\&#34;&gt;tests/repository_tests/test_asset_repository.py::TestAssetRepository::test_view_assigned_assets_success&lt;/td&gt;&#34;, &#34;&lt;td class=\&#34;col-duration\&#34;&gt;3 ms&lt;/td&gt;&#34;, &#34;&lt;td class=\&#34;col-links\&#34;&gt;&lt;/td&gt;&#34;], &#34;log&#34;: &#34;No log output captured.&#34;}], &#34;tests/repository_tests/test_user_repository.py::TestUserRepository::test_delete_user_database_error&#34;: [{&#34;extras&#34;: [], &#34;result&#34;: &#34;Passed&#34;, &#34;testId&#34;: &#34;tests/repository_tests/test_user_repository.py::TestUserRepository::test_delete_user_database_error&#34;, &#34;duration&#34;: &#34;2 ms&#34;, &#34;resultsTableRow&#34;: [&#34;&lt;td class=\&#34;col-result\&#34;&gt;Passed&lt;/td&gt;&#34;, &#34;&lt;td class=\&#34;col-testId\&#34;&gt;tests/repository_tests/test_user_repository.py::TestUserRepository::test_delete_user_database_error&lt;/td&gt;&#34;, &#34;&lt;td class=\&#34;col-duration\&#34;&gt;2 ms&lt;/td&gt;&#34;, &#34;&lt;td class=\&#34;col-links\&#34;&gt;&lt;/td&gt;&#34;], &#34;log&#34;: &#34;No log output captured.&#34;}], &#34;tests/repository_tests/test_user_repository.py::TestUserRepository::test_delete_user_not_found&#34;: [{&#34;extras&#34;: [], &#34;result&#34;: &#34;Passed&#34;, &#34;testId&#34;: &#34;tests/repository_tests/test_user_repository.py::TestUserRepository::test_delete_user_not_found&#34;, &#34;duration&#34;: &#34;4 ms&#34;, &#34;resultsTableRow&#34;: [&#34;&lt;td class=\&#34;col-result\&#34;&gt;Passed&lt;/td&gt;&#34;, &#34;&lt;td class=\&#34;col-testId\&#34;&gt;tests/repository_tests/test_user_repository.py::TestUserRepository::test_delete_user_not_found&lt;/td&gt;&#34;, &#34;&lt;td class=\&#34;col-duration\&#34;&gt;4 ms&lt;/td&gt;&#34;, &#34;&lt;td class=\&#34;col-links\&#34;&gt;&lt;/td&gt;&#34;], &#34;log&#34;: &#34;No log output captured.&#34;}], &#34;tests/repository_tests/test_user_repository.py::TestUserRepository::test_delete_user_success&#34;: [{&#34;extras&#34;: [], &#34;result&#34;: &#34;Passed&#34;, &#34;testId&#34;: &#34;tests/repository_tests/test_user_repository.py::TestUserRepository::test_delete_user_success&#34;, &#34;duration&#34;: &#34;2 ms&#34;, &#34;resultsTableRow&#34;: [&#34;&lt;td class=\&#34;col-result\&#34;&gt;Passed&lt;/td&gt;&#34;, &#34;&lt;td class=\&#34;col-testId\&#34;&gt;tests/repository_tests/test_user_repository.py::TestUserRepository::test_delete_user_success&lt;/td&gt;&#34;, &#34;&lt;td class=\&#34;col-duration\&#34;&gt;2 ms&lt;/td&gt;&#34;, &#34;&lt;td class=\&#34;col-links\&#34;&gt;&lt;/td&gt;&#34;], &#34;log&#34;: &#34;No log output captured.&#34;}], &#34;tests/repository_tests/test_user_repository.py::TestUserRepository::test_fetch_user_by_email_database_error&#34;: [{&#34;extras&#34;: [], &#34;result&#34;: &#34;Passed&#34;, &#34;testId&#34;: &#34;tests/repository_tests/test_user_repository.py::TestUserRepository::test_fetch_user_by_email_database_error&#34;, &#34;duration&#34;: &#34;2 ms&#34;, &#34;resultsTableRow&#34;: [&#34;&lt;td class=\&#34;col-result\&#34;&gt;Passed&lt;/td&gt;&#34;, &#34;&lt;td class=\&#34;col-testId\&#34;&gt;tests/repository_tests/test_user_repository.py::TestUserRepository::test_fetch_user_by_email_database_error&lt;/td&gt;&#34;, &#34;&lt;td class=\&#34;col-duration\&#34;&gt;2 ms&lt;/td&gt;&#34;, &#34;&lt;td class=\&#34;col-links\&#34;&gt;&lt;/td&gt;&#34;], &#34;log&#34;: &#34;No log output captured.&#34;}], &#34;tests/repository_tests/test_user_repository.py::TestUserRepository::test_fetch_user_by_email_not_found&#34;: [{&#34;extras&#34;: [], &#34;result&#34;: &#34;Passed&#34;, &#34;testId&#34;: &#34;tests/repository_tests/test_user_repository.py::TestUserRepository::test_fetch_user_by_email_not_found&#34;, &#34;duration&#34;: &#34;2 ms&#34;, &#34;resultsTableRow&#34;: [&#34;&lt;td class=\&#34;col-result\&#34;&gt;Passed&lt;/td&gt;&#34;, &#34;&lt;td class=\&#34;col-testId\&#34;&gt;tests/repository_tests/test_user_repository.py::TestUserRepository::test_fetch_user_by_email_not_found&lt;/td&gt;&#34;, &#34;&lt;td class=\&#34;col-duration\&#34;&gt;2 ms&lt;/td&gt;&#34;, &#34;&lt;td class=\&#34;col-links\&#34;&gt;&lt;/td&gt;&#34;], &#34;log&#34;: &#34;No log output captured.&#34;}], &#34;tests/repository_tests/test_user_repository.py::TestUserRepository::test_fetch_user_by_email_success&#34;: [{&#34;extras&#34;: [], &#34;result&#34;: &#34;Passed&#34;, &#34;testId&#34;: &#34;tests/repository_tests/test_user_repository.py::TestUserRepository::test_fetch_user_by_email_success&#34;, &#34;duration&#34;: &#34;2 ms&#34;, &#34;resultsTableRow&#34;: [&#34;&lt;td class=\&#34;col-result\&#34;&gt;Passed&lt;/td&gt;&#34;, &#34;&lt;td class=\&#34;col-testId\&#34;&gt;tests/repository_tests/test_user_repository.py::TestUserRepository::test_fetch_user_by_email_success&lt;/td&gt;&#34;, &#34;&lt;td class=\&#34;col-duration\&#34;&gt;2 ms&lt;/td&gt;&#34;, &#34;&lt;td class=\&#34;col-links\&#34;&gt;&lt;/td&gt;&#34;], &#34;log&#34;: &#34;No log output captured.&#34;}], &#34;tests/repository_tests/test_user_repository.py::TestUserRepository::test_fetch_user_by_id_database_error&#34;: [{&#34;extras&#34;: [], &#34;result&#34;: &#34;Passed&#34;, &#34;testId&#34;: &#34;tests/repository_tests/test_user_repository.py::TestUserRepository::test_fetch_user_by_id_database_error&#34;, &#34;duration&#34;: &#34;2 ms&#34;, &#34;resultsTableRow&#34;: [&#34;&lt;td class=\&#34;col-result\&#34;&gt;Passed&lt;/td&gt;&#34;, &#34;&lt;td class=\&#34;col-testId\&#34;&gt;tests/repository_tests/test_user_repository.py::TestUserRepository::test_fetch_user_by_id_database_error&lt;/td&gt;&#34;, &#34;&lt;td class=\&#34;col-duration\&#34;&gt;2 ms&lt;/td&gt;&#34;, &#34;&lt;td class=\&#34;col-links\&#34;&gt;&lt;/td&gt;&#34;], &#34;log&#34;: &#34;No log output captured.&#34;}], &#34;tests/repository_tests/test_user_repository.py::TestUserRepository::test_fetch_user_by_id_not_found&#34;: [{&#34;extras&#34;: [], &#34;result&#34;: &#34;Passed&#34;, &#34;testId&#34;: &#34;tests/repository_tests/test_user_repository.py::TestUserRepository::test_fetch_user_by_id_not_found&#34;, &#34;duration&#34;: &#34;2 ms&#34;, &#34;resultsTableRow&#34;: [&#34;&lt;td class=\&#34;col-result\&#34;&gt;Passed&lt;/td&gt;&#34;, &#34;&lt;td class=\&#34;col-testId\&#34;&gt;tests/repository_tests/test_user_repository.py::TestUserRepository::test_fetch_user_by_id_not_found&lt;/td&gt;&#34;, &#34;&lt;td class=\&#34;col-duration\&#34;&gt;2 ms&lt;/td&gt;&#34;, &#34;&lt;td class=\&#34;col-links\&#34;&gt;&lt;/td&gt;&#34;], &#34;log&#34;: &#34;No log output captured.&#34;}], &#34;tests/repository_tests/test_user_repository.py::TestUserRepository::test_fetch_user_by_id_success&#34;: [{&#34;extras&#34;: [], &#34;result&#34;: &#34;Passed&#34;, &#34;testId&#34;: &#34;tests/repository_tests/test_user_repository.py::TestUserRepository::test_fetch_user_by_id_success&#34;, &#34;duration&#34;: &#34;2 ms&#34;, &#34;resultsTableRow&#34;: [&#34;&lt;td class=\&#34;col-result\&#34;&gt;Passed&lt;/td&gt;&#34;, &#34;&lt;td class=\&#34;col-testId\&#34;&gt;tests/repository_tests/test_user_repository.py::TestUserRepository::test_fetch_user_by_id_success&lt;/td&gt;&#34;, &#34;&lt;td class=\&#34;col-duration\&#34;&gt;2 ms&lt;/td&gt;&#34;, &#34;&lt;td class=\&#34;col-links\&#34;&gt;&lt;/td&gt;&#34;], &#34;log&#34;: &#34;No log output captured.&#34;}], &#34;tests/repository_tests/test_user_repository.py::TestUserRepository::test_fetch_users_database_error&#34;: [{&#34;extras&#34;: [], &#34;result&#34;: &#34;Passed&#34;, &#34;testId&#34;: &#34;tests/repository_tests/test_user_repository.py::TestUserRepository::test_fetch_users_database_error&#34;, &#34;duration&#34;: &#34;2 ms&#34;, &#34;resultsTableRow&#34;: [&#34;&lt;td class=\&#34;col-result\&#34;&gt;Passed&lt;/td&gt;&#34;, &#34;&lt;td class=\&#34;col-testId\&#34;&gt;tests/repository_tests/test_user_repository.py::TestUserRepository::test_fetch_users_database_error&lt;/td&gt;&#34;, &#34;&lt;td class=\&#34;col-duration\&#34;&gt;2 ms&lt;/td&gt;&#34;, &#34;&lt;td class=\&#34;col-links\&#34;&gt;&lt;/td&gt;&#34;], &#34;log&#34;: &#34;No log output captured.&#34;}], &#34;tests/repository_tests/test_user_repository.py::TestUserRepository::test_fetch_users_empty_list&#34;: [{&#34;extras&#34;: [], &#34;result&#34;: &#34;Passed&#34;, &#34;testId&#34;: &#34;tests/repository_tests/test_user_repository.py::TestUserRepository::test_fetch_users_empty_list&#34;, &#34;duration&#34;: &#34;2 ms&#34;, &#34;resultsTableRow&#34;: [&#34;&lt;td class=\&#34;col-result\&#34;&gt;Passed&lt;/td&gt;&#34;, &#34;&lt;td class=\&#34;col-testId\&#34;&gt;tests/repository_tests/test_user_repository.py::TestUserRepository::test_fetch_users_empty_list&lt;/td&gt;&#34;, &#34;&lt;td class=\&#34;col-duration\&#34;&gt;2 ms&lt;/td&gt;&#34;, &#34;&lt;td class=\&#34;col-links\&#34;&gt;&lt;/td&gt;&#34;], &#34;log&#34;: &#34;No log output captured.&#34;}], &#34;tests/repository_tests/test_user_repository.py::TestUserRepository::test_fetch_users_success&#34;: [{&#34;extras&#34;: [], &#34;result&#34;: &#34;Passed&#34;, &#34;testId&#34;: &#34;tests/repository_tests/test_user_repository.py::TestUserRepository::test_fetch_users_success&#34;, &#34;duration&#34;: &#34;2 ms&#34;, &#34;resultsTableRow&#34;: [&#34;&lt;td class=\&#34;col-result\&#34;&gt;Passed&lt;/td&gt;&#34;, &#34;&lt;td class=\&#34;col-testId\&#34;&gt;tests/repository_tests/test_user_repository.py::TestUserRepository::test_fetch_users_success&lt;/td&gt;&#34;, &#34;&lt;td class=\&#34;col-duration\&#34;&gt;2 ms&lt;/td&gt;&#34;, &#34;&lt;td class=\&#34;col-links\&#34;&gt;&lt;/td&gt;&#34;], &#34;log&#34;: &#34;No log output captured.&#34;}], &#34;tests/repository_tests/test_user_repository.py::TestUserRepository::test_save_user_database_error&#34;: [{&#34;extras&#34;: [], &#34;result&#34;: &#34;Passed&#34;, &#34;testId&#34;: &#34;tests/repository_tests/test_user_repository.py::TestUserRepository::test_save_user_database_error&#34;, &#34;duration&#34;: &#34;1 ms&#34;, &#34;resultsTableRow&#34;: [&#34;&lt;td class=\&#34;col-result\&#34;&gt;Passed&lt;/td&gt;&#34;, &#34;&lt;td class=\&#34;col-testId\&#34;&gt;tests/repository_tests/test_user_repository.py::TestUserRepository::test_save_user_database_error&lt;/td&gt;&#34;, &#34;&lt;td class=\&#34;col-duration\&#34;&gt;1 ms&lt;/td&gt;&#34;, &#34;&lt;td class=\&#34;col-links\&#34;&gt;&lt;/td&gt;&#34;], &#34;log&#34;: &#34;No log output captured.&#34;}], &#34;tests/repository_tests/test_user_repository.py::TestUserRepository::test_save_user_success&#34;: [{&#34;extras&#34;: [], &#34;result&#34;: &#34;Passed&#34;, &#34;testId&#34;: &#34;tests/repository_tests/test_user_repository.py::TestUserRepository::test_save_user_success&#34;, &#34;duration&#34;: &#34;2 ms&#34;, &#34;resultsTableRow&#34;: [&#34;&lt;td class=\&#34;col-result\&#34;&gt;Passed&lt;/td&gt;&#34;, &#34;&lt;td class=\&#34;col-testId\&#34;&gt;tests/repository_tests/test_user_repository.py::TestUserRepository::test_save_user_success&lt;/td&gt;&#34;, &#34;&lt;td class=\&#34;col-duration\&#34;&gt;2 ms&lt;/td&gt;&#34;, &#34;&lt;td class=\&#34;col-links\&#34;&gt;&lt;/td&gt;&#34;], &#34;log&#34;: &#34;No log output captured.&#34;}], &#34;tests/service_tests/test_asset_issue_service.py::TestIssueService::test_get_issues_returns_all_issues&#34;: [{&#34;extras&#34;: [], &#34;result&#34;: &#34;Passed&#34;, &#34;testId&#34;: &#34;tests/service_tests/test_asset_issue_service.py::TestIssueService::test_get_issues_returns_all_issues&#34;, &#34;duration&#34;: &#34;2 ms&#34;, &#34;resultsTableRow&#34;: [&#34;&lt;td class=\&#34;col-result\&#34;&gt;Passed&lt;/td&gt;&#34;, &#34;&lt;td class=\&#34;col-testId\&#34;&gt;tests/service_tests/test_asset_issue_service.py::TestIssueService::test_get_issues_returns_all_issues&lt;/td&gt;&#34;, &#34;&lt;td class=\&#34;col-duration\&#34;&gt;2 ms&lt;/td&gt;&#34;, &#34;&lt;td class=\&#34;col-links\&#34;&gt;&lt;/td&gt;&#34;], &#34;log&#34;: &#34;No log output captured.&#34;}], &#34;tests/service_tests/test_asset_issue_service.py::TestIssueService::test_get_user_issues_raises_error_for_nonexistent_user&#34;: [{&#34;extras&#34;: [], &#34;result&#34;: &#34;Passed&#34;, &#34;testId&#34;: &#34;tests/service_tests/test_asset_issue_service.py::TestIssueService::test_get_user_issues_raises_error_for_nonexistent_user&#34;, &#34;duration&#34;: &#34;1 ms&#34;, &#34;resultsTableRow&#34;: [&#34;&lt;td class=\&#34;col-result\&#34;&gt;Passed&lt;/td&gt;&#34;, &#34;&lt;td class=\&#34;col-testId\&#34;&gt;tests/service_tests/test_asset_issue_service.py::TestIssueService::test_get_user_issues_raises_error_for_nonexistent_user&lt;/td&gt;&#34;, &#34;&lt;td class=\&#34;col-duration\&#34;&gt;1 ms&lt;/td&gt;&#34;, &#34;&lt;td class=\&#34;col-links\&#34;&gt;&lt;/td&gt;&#34;], &#34;log&#34;: &#34;No log output captured.&#34;}], &#34;tests/service_tests/test_asset_issue_service.py::TestIssueService::test_get_user_issues_returns_user_specific_issues&#34;: [{&#34;extras&#34;: [], &#34;result&#34;: &#34;Passed&#34;, &#34;testId&#34;: &#34;tests/service_tests/test_asset_issue_service.py::TestIssueService::test_get_user_issues_returns_user_specific_issues&#34;, &#34;duration&#34;: &#34;1 ms&#34;, &#34;resultsTableRow&#34;: [&#34;&lt;td class=\&#34;col-result\&#34;&gt;Passed&lt;/td&gt;&#34;, &#34;&lt;td class=\&#34;col-testId\&#34;&gt;tests/service_tests/test_asset_issue_service.py::TestIssueService::test_get_user_issues_returns_user_specific_issues&lt;/td&gt;&#34;, &#34;&lt;td class=\&#34;col-duration\&#34;&gt;1 ms&lt;/td&gt;&#34;, &#34;&lt;td class=\&#34;col-links\&#34;&gt;&lt;/td&gt;&#34;], &#34;log&#34;: &#34;No log output captured.&#34;}], &#34;tests/service_tests/test_asset_issue_service.py::TestIssueService::test_report_issue_raises_error_for_nonexistent_asset&#34;: [{&#34;extras&#34;: [], &#34;result&#34;: &#34;Failed&#34;, &#34;testId&#34;: &#34;tests/service_tests/test_asset_issue_service.py::TestIssueService::test_report_issue_raises_error_for_nonexistent_asset&#34;, &#34;duration&#34;: &#34;2 ms&#34;, &#34;resultsTableRow&#34;: [&#34;&lt;td class=\&#34;col-result\&#34;&gt;Failed&lt;/td&gt;&#34;, &#34;&lt;td class=\&#34;col-testId\&#34;&gt;tests/service_tests/test_asset_issue_service.py::TestIssueService::test_report_issue_raises_error_for_nonexistent_asset&lt;/td&gt;&#34;, &#34;&lt;td class=\&#34;col-duration\&#34;&gt;2 ms&lt;/td&gt;&#34;, &#34;&lt;td class=\&#34;col-links\&#34;&gt;&lt;/td&gt;&#34;], &#34;log&#34;: &#34;self = &amp;lt;tests.service_tests.test_asset_issue_service.TestIssueService testMethod=test_report_issue_raises_error_for_nonexistent_asset&amp;gt;\n\n    def test_report_issue_raises_error_for_nonexistent_asset(self):\n        # Arrange\n        user_id = &amp;quot;user1&amp;quot;\n        asset_id = &amp;quot;nonexistent_asset&amp;quot;\n        with self.app.test_request_context():\n            g.user_id = user_id\n    \n            issue = Issue(\n                asset_id=asset_id,\n                description=&amp;quot;Test issue description&amp;quot;,\n                user_id=None,\n            )\n    \n            self.mock_asset_service.get_asset_by_id.return_value = None\n    \n            # Act &amp;amp; Assert\n            with self.assertRaises(NotExistsError) as context:\n&amp;gt;               self.issue_service.report_issue(issue)\nE               TypeError: IssueService.report_issue() missing 1 required positional argument: &amp;#x27;issue&amp;#x27;\n\nasset_id   = &amp;#x27;nonexistent_asset&amp;#x27;\ncontext    = &amp;lt;unittest.case._AssertRaisesContext object at 0x11362ca10&amp;gt;\nissue      = Issue()\nself       = &amp;lt;tests.service_tests.test_asset_issue_service.TestIssueService testMethod=test_report_issue_raises_error_for_nonexistent_asset&amp;gt;\nuser_id    = &amp;#x27;user1&amp;#x27;\n\ntests/service_tests/test_asset_issue_service.py:149: TypeError\n&#34;}], &#34;tests/service_tests/test_asset_issue_service.py::TestIssueService::test_report_issue_raises_error_for_unassigned_asset&#34;: [{&#34;extras&#34;: [], &#34;result&#34;: &#34;Failed&#34;, &#34;testId&#34;: &#34;tests/service_tests/test_asset_issue_service.py::TestIssueService::test_report_issue_raises_error_for_unassigned_asset&#34;, &#34;duration&#34;: &#34;2 ms&#34;, &#34;resultsTableRow&#34;: [&#34;&lt;td class=\&#34;col-result\&#34;&gt;Failed&lt;/td&gt;&#34;, &#34;&lt;td class=\&#34;col-testId\&#34;&gt;tests/service_tests/test_asset_issue_service.py::TestIssueService::test_report_issue_raises_error_for_unassigned_asset&lt;/td&gt;&#34;, &#34;&lt;td class=\&#34;col-duration\&#34;&gt;2 ms&lt;/td&gt;&#34;, &#34;&lt;td class=\&#34;col-links\&#34;&gt;&lt;/td&gt;&#34;], &#34;log&#34;: &#34;self = &amp;lt;tests.service_tests.test_asset_issue_service.TestIssueService testMethod=test_report_issue_raises_error_for_unassigned_asset&amp;gt;\n\n    def test_report_issue_raises_error_for_unassigned_asset(self):\n        # Arrange\n        user_id = &amp;quot;user1&amp;quot;\n        asset_id = &amp;quot;asset1&amp;quot;\n        with self.app.test_request_context():\n            g.user_id = user_id\n    \n            issue = Issue(\n                asset_id=asset_id,\n                description=&amp;quot;Test issue description&amp;quot;,\n                user_id=None,\n            )\n    \n            self.mock_asset_service.get_asset_by_id.return_value = {&amp;quot;id&amp;quot;: asset_id}\n            self.mock_asset_service.is_asset_assigned.return_value = False\n    \n            # Act &amp;amp; Assert\n            with self.assertRaises(NotAssignedError) as context:\n&amp;gt;               self.issue_service.report_issue(issue)\nE               TypeError: IssueService.report_issue() missing 1 required positional argument: &amp;#x27;issue&amp;#x27;\n\nasset_id   = &amp;#x27;asset1&amp;#x27;\ncontext    = &amp;lt;unittest.case._AssertRaisesContext object at 0x113644d90&amp;gt;\nissue      = Issue()\nself       = &amp;lt;tests.service_tests.test_asset_issue_service.TestIssueService testMethod=test_report_issue_raises_error_for_unassigned_asset&amp;gt;\nuser_id    = &amp;#x27;user1&amp;#x27;\n\ntests/service_tests/test_asset_issue_service.py:174: TypeError\n&#34;}], &#34;tests/service_tests/test_asset_issue_service.py::TestIssueService::test_report_issue_successful&#34;: [{&#34;extras&#34;: [], &#34;result&#34;: &#34;Failed&#34;, &#34;testId&#34;: &#34;tests/service_tests/test_asset_issue_service.py::TestIssueService::test_report_issue_successful&#34;, &#34;duration&#34;: &#34;2 ms&#34;, &#34;resultsTableRow&#34;: [&#34;&lt;td class=\&#34;col-result\&#34;&gt;Failed&lt;/td&gt;&#34;, &#34;&lt;td class=\&#34;col-testId\&#34;&gt;tests/service_tests/test_asset_issue_service.py::TestIssueService::test_report_issue_successful&lt;/td&gt;&#34;, &#34;&lt;td class=\&#34;col-duration\&#34;&gt;2 ms&lt;/td&gt;&#34;, &#34;&lt;td class=\&#34;col-links\&#34;&gt;&lt;/td&gt;&#34;], &#34;log&#34;: &#34;self = &amp;lt;tests.service_tests.test_asset_issue_service.TestIssueService testMethod=test_report_issue_successful&amp;gt;\n\n    def test_report_issue_successful(self):\n        # Arrange\n        user_id = &amp;quot;user1&amp;quot;\n        asset_id = &amp;quot;asset1&amp;quot;\n        with self.app.test_request_context():\n            g.user_id = user_id  # Set user_id in Flask g context\n    \n            issue = Issue(\n                asset_id=asset_id,\n                description=&amp;quot;Test issue description&amp;quot;,\n                user_id=None,\n            )\n    \n            self.mock_asset_service.get_asset_by_id.return_value = {&amp;quot;id&amp;quot;: asset_id}\n            self.mock_asset_service.is_asset_assigned.return_value = True\n            self.mock_issue_repository.report_issue.return_value = issue\n    \n            # Act\n&amp;gt;           result = self.issue_service.report_issue(issue)\nE           TypeError: IssueService.report_issue() missing 1 required positional argument: &amp;#x27;issue&amp;#x27;\n\nasset_id   = &amp;#x27;asset1&amp;#x27;\nissue      = Issue()\nself       = &amp;lt;tests.service_tests.test_asset_issue_service.TestIssueService testMethod=test_report_issue_successful&amp;gt;\nuser_id    = &amp;#x27;user1&amp;#x27;\n\ntests/service_tests/test_asset_issue_service.py:121: TypeError\n&#34;}], &#34;tests/service_tests/test_asset_service.py::TestAssetService::test_add_asset_raises_exists_error&#34;: [{&#34;extras&#34;: [], &#34;result&#34;: &#34;Passed&#34;, &#34;testId&#34;: &#34;tests/service_tests/test_asset_service.py::TestAssetService::test_add_asset_raises_exists_error&#34;, &#34;duration&#34;: &#34;1 ms&#34;, &#34;resultsTableRow&#34;: [&#34;&lt;td class=\&#34;col-result\&#34;&gt;Passed&lt;/td&gt;&#34;, &#34;&lt;td class=\&#34;col-testId\&#34;&gt;tests/service_tests/test_asset_service.py::TestAssetService::test_add_asset_raises_exists_error&lt;/td&gt;&#34;, &#34;&lt;td class=\&#34;col-duration\&#34;&gt;1 ms&lt;/td&gt;&#34;, &#34;&lt;td class=\&#34;col-links\&#34;&gt;&lt;/td&gt;&#34;], &#34;log&#34;: &#34;No log output captured.&#34;}], &#34;tests/service_tests/test_asset_service.py::TestAssetService::test_add_asset_successful&#34;: [{&#34;extras&#34;: [], &#34;result&#34;: &#34;Passed&#34;, &#34;testId&#34;: &#34;tests/service_tests/test_asset_service.py::TestAssetService::test_add_asset_successful&#34;, &#34;duration&#34;: &#34;1 ms&#34;, &#34;resultsTableRow&#34;: [&#34;&lt;td class=\&#34;col-result\&#34;&gt;Passed&lt;/td&gt;&#34;, &#34;&lt;td class=\&#34;col-testId\&#34;&gt;tests/service_tests/test_asset_service.py::TestAssetService::test_add_asset_successful&lt;/td&gt;&#34;, &#34;&lt;td class=\&#34;col-duration\&#34;&gt;1 ms&lt;/td&gt;&#34;, &#34;&lt;td class=\&#34;col-links\&#34;&gt;&lt;/td&gt;&#34;], &#34;log&#34;: &#34;No log output captured.&#34;}], &#34;tests/service_tests/test_asset_service.py::TestAssetService::test_assign_asset_raises_asset_not_exists_error&#34;: [{&#34;extras&#34;: [], &#34;result&#34;: &#34;Passed&#34;, &#34;testId&#34;: &#34;tests/service_tests/test_asset_service.py::TestAssetService::test_assign_asset_raises_asset_not_exists_error&#34;, &#34;duration&#34;: &#34;1 ms&#34;, &#34;resultsTableRow&#34;: [&#34;&lt;td class=\&#34;col-result\&#34;&gt;Passed&lt;/td&gt;&#34;, &#34;&lt;td class=\&#34;col-testId\&#34;&gt;tests/service_tests/test_asset_service.py::TestAssetService::test_assign_asset_raises_asset_not_exists_error&lt;/td&gt;&#34;, &#34;&lt;td class=\&#34;col-duration\&#34;&gt;1 ms&lt;/td&gt;&#34;, &#34;&lt;td class=\&#34;col-links\&#34;&gt;&lt;/td&gt;&#34;], &#34;log&#34;: &#34;No log output captured.&#34;}], &#34;tests/service_tests/test_asset_service.py::TestAssetService::test_assign_asset_raises_user_not_exists_error&#34;: [{&#34;extras&#34;: [], &#34;result&#34;: &#34;Passed&#34;, &#34;testId&#34;: &#34;tests/service_tests/test_asset_service.py::TestAssetService::test_assign_asset_raises_user_not_exists_error&#34;, &#34;duration&#34;: &#34;1 ms&#34;, &#34;resultsTableRow&#34;: [&#34;&lt;td class=\&#34;col-result\&#34;&gt;Passed&lt;/td&gt;&#34;, &#34;&lt;td class=\&#34;col-testId\&#34;&gt;tests/service_tests/test_asset_service.py::TestAssetService::test_assign_asset_raises_user_not_exists_error&lt;/td&gt;&#34;, &#34;&lt;td class=\&#34;col-duration\&#34;&gt;1 ms&lt;/td&gt;&#34;, &#34;&lt;td class=\&#34;col-links\&#34;&gt;&lt;/td&gt;&#34;], &#34;log&#34;: &#34;No log output captured.&#34;}], &#34;tests/service_tests/test_asset_service.py::TestAssetService::test_assign_asset_successful&#34;: [{&#34;extras&#34;: [], &#34;result&#34;: &#34;Passed&#34;, &#34;testId&#34;: &#34;tests/service_tests/test_asset_service.py::TestAssetService::test_assign_asset_successful&#34;, &#34;duration&#34;: &#34;2 ms&#34;, &#34;resultsTableRow&#34;: [&#34;&lt;td class=\&#34;col-result\&#34;&gt;Passed&lt;/td&gt;&#34;, &#34;&lt;td class=\&#34;col-testId\&#34;&gt;tests/service_tests/test_asset_service.py::TestAssetService::test_assign_asset_successful&lt;/td&gt;&#34;, &#34;&lt;td class=\&#34;col-duration\&#34;&gt;2 ms&lt;/td&gt;&#34;, &#34;&lt;td class=\&#34;col-links\&#34;&gt;&lt;/td&gt;&#34;], &#34;log&#34;: &#34;No log output captured.&#34;}], &#34;tests/service_tests/test_asset_service.py::TestAssetService::test_delete_asset_raises_not_exists_error&#34;: [{&#34;extras&#34;: [], &#34;result&#34;: &#34;Passed&#34;, &#34;testId&#34;: &#34;tests/service_tests/test_asset_service.py::TestAssetService::test_delete_asset_raises_not_exists_error&#34;, &#34;duration&#34;: &#34;1 ms&#34;, &#34;resultsTableRow&#34;: [&#34;&lt;td class=\&#34;col-result\&#34;&gt;Passed&lt;/td&gt;&#34;, &#34;&lt;td class=\&#34;col-testId\&#34;&gt;tests/service_tests/test_asset_service.py::TestAssetService::test_delete_asset_raises_not_exists_error&lt;/td&gt;&#34;, &#34;&lt;td class=\&#34;col-duration\&#34;&gt;1 ms&lt;/td&gt;&#34;, &#34;&lt;td class=\&#34;col-links\&#34;&gt;&lt;/td&gt;&#34;], &#34;log&#34;: &#34;No log output captured.&#34;}], &#34;tests/service_tests/test_asset_service.py::TestAssetService::test_delete_asset_successful&#34;: [{&#34;extras&#34;: [], &#34;result&#34;: &#34;Passed&#34;, &#34;testId&#34;: &#34;tests/service_tests/test_asset_service.py::TestAssetService::test_delete_asset_successful&#34;, &#34;duration&#34;: &#34;1 ms&#34;, &#34;resultsTableRow&#34;: [&#34;&lt;td class=\&#34;col-result\&#34;&gt;Passed&lt;/td&gt;&#34;, &#34;&lt;td class=\&#34;col-testId\&#34;&gt;tests/service_tests/test_asset_service.py::TestAssetService::test_delete_asset_successful&lt;/td&gt;&#34;, &#34;&lt;td class=\&#34;col-duration\&#34;&gt;1 ms&lt;/td&gt;&#34;, &#34;&lt;td class=\&#34;col-links\&#34;&gt;&lt;/td&gt;&#34;], &#34;log&#34;: &#34;No log output captured.&#34;}], &#34;tests/service_tests/test_asset_service.py::TestAssetService::test_get_asset_by_id&#34;: [{&#34;extras&#34;: [], &#34;result&#34;: &#34;Passed&#34;, &#34;testId&#34;: &#34;tests/service_tests/test_asset_service.py::TestAssetService::test_get_asset_by_id&#34;, &#34;duration&#34;: &#34;1 ms&#34;, &#34;resultsTableRow&#34;: [&#34;&lt;td class=\&#34;col-result\&#34;&gt;Passed&lt;/td&gt;&#34;, &#34;&lt;td class=\&#34;col-testId\&#34;&gt;tests/service_tests/test_asset_service.py::TestAssetService::test_get_asset_by_id&lt;/td&gt;&#34;, &#34;&lt;td class=\&#34;col-duration\&#34;&gt;1 ms&lt;/td&gt;&#34;, &#34;&lt;td class=\&#34;col-links\&#34;&gt;&lt;/td&gt;&#34;], &#34;log&#34;: &#34;No log output captured.&#34;}], &#34;tests/service_tests/test_asset_service.py::TestAssetService::test_get_assets&#34;: [{&#34;extras&#34;: [], &#34;result&#34;: &#34;Passed&#34;, &#34;testId&#34;: &#34;tests/service_tests/test_asset_service.py::TestAssetService::test_get_assets&#34;, &#34;duration&#34;: &#34;1 ms&#34;, &#34;resultsTableRow&#34;: [&#34;&lt;td class=\&#34;col-result\&#34;&gt;Passed&lt;/td&gt;&#34;, &#34;&lt;td class=\&#34;col-testId\&#34;&gt;tests/service_tests/test_asset_service.py::TestAssetService::test_get_assets&lt;/td&gt;&#34;, &#34;&lt;td class=\&#34;col-duration\&#34;&gt;1 ms&lt;/td&gt;&#34;, &#34;&lt;td class=\&#34;col-links\&#34;&gt;&lt;/td&gt;&#34;], &#34;log&#34;: &#34;No log output captured.&#34;}], &#34;tests/service_tests/test_asset_service.py::TestAssetService::test_is_asset_assigned&#34;: [{&#34;extras&#34;: [], &#34;result&#34;: &#34;Passed&#34;, &#34;testId&#34;: &#34;tests/service_tests/test_asset_service.py::TestAssetService::test_is_asset_assigned&#34;, &#34;duration&#34;: &#34;1 ms&#34;, &#34;resultsTableRow&#34;: [&#34;&lt;td class=\&#34;col-result\&#34;&gt;Passed&lt;/td&gt;&#34;, &#34;&lt;td class=\&#34;col-testId\&#34;&gt;tests/service_tests/test_asset_service.py::TestAssetService::test_is_asset_assigned&lt;/td&gt;&#34;, &#34;&lt;td class=\&#34;col-duration\&#34;&gt;1 ms&lt;/td&gt;&#34;, &#34;&lt;td class=\&#34;col-links\&#34;&gt;&lt;/td&gt;&#34;], &#34;log&#34;: &#34;No log output captured.&#34;}], &#34;tests/service_tests/test_asset_service.py::TestAssetService::test_unassign_asset_raises_not_exists_errors&#34;: [{&#34;extras&#34;: [], &#34;result&#34;: &#34;Passed&#34;, &#34;testId&#34;: &#34;tests/service_tests/test_asset_service.py::TestAssetService::test_unassign_asset_raises_not_exists_errors&#34;, &#34;duration&#34;: &#34;1 ms&#34;, &#34;resultsTableRow&#34;: [&#34;&lt;td class=\&#34;col-result\&#34;&gt;Passed&lt;/td&gt;&#34;, &#34;&lt;td class=\&#34;col-testId\&#34;&gt;tests/service_tests/test_asset_service.py::TestAssetService::test_unassign_asset_raises_not_exists_errors&lt;/td&gt;&#34;, &#34;&lt;td class=\&#34;col-duration\&#34;&gt;1 ms&lt;/td&gt;&#34;, &#34;&lt;td class=\&#34;col-links\&#34;&gt;&lt;/td&gt;&#34;], &#34;log&#34;: &#34;No log output captured.&#34;}], &#34;tests/service_tests/test_asset_service.py::TestAssetService::test_unassign_asset_successful&#34;: [{&#34;extras&#34;: [], &#34;result&#34;: &#34;Passed&#34;, &#34;testId&#34;: &#34;tests/service_tests/test_asset_service.py::TestAssetService::test_unassign_asset_successful&#34;, &#34;duration&#34;: &#34;3 ms&#34;, &#34;resultsTableRow&#34;: [&#34;&lt;td class=\&#34;col-result\&#34;&gt;Passed&lt;/td&gt;&#34;, &#34;&lt;td class=\&#34;col-testId\&#34;&gt;tests/service_tests/test_asset_service.py::TestAssetService::test_unassign_asset_successful&lt;/td&gt;&#34;, &#34;&lt;td class=\&#34;col-duration\&#34;&gt;3 ms&lt;/td&gt;&#34;, &#34;&lt;td class=\&#34;col-links\&#34;&gt;&lt;/td&gt;&#34;], &#34;log&#34;: &#34;No log output captured.&#34;}], &#34;tests/service_tests/test_asset_service.py::TestAssetService::test_view_all_assigned_assets&#34;: [{&#34;extras&#34;: [], &#34;result&#34;: &#34;Passed&#34;, &#34;testId&#34;: &#34;tests/service_tests/test_asset_service.py::TestAssetService::test_view_all_assigned_assets&#34;, &#34;duration&#34;: &#34;1 ms&#34;, &#34;resultsTableRow&#34;: [&#34;&lt;td class=\&#34;col-result\&#34;&gt;Passed&lt;/td&gt;&#34;, &#34;&lt;td class=\&#34;col-testId\&#34;&gt;tests/service_tests/test_asset_service.py::TestAssetService::test_view_all_assigned_assets&lt;/td&gt;&#34;, &#34;&lt;td class=\&#34;col-duration\&#34;&gt;1 ms&lt;/td&gt;&#34;, &#34;&lt;td class=\&#34;col-links\&#34;&gt;&lt;/td&gt;&#34;], &#34;log&#34;: &#34;No log output captured.&#34;}], &#34;tests/service_tests/test_asset_service.py::TestAssetService::test_view_assigned_assets_raises_user_not_exists_error&#34;: [{&#34;extras&#34;: [], &#34;result&#34;: &#34;Passed&#34;, &#34;testId&#34;: &#34;tests/service_tests/test_asset_service.py::TestAssetService::test_view_assigned_assets_raises_user_not_exists_error&#34;, &#34;duration&#34;: &#34;1 ms&#34;, &#34;resultsTableRow&#34;: [&#34;&lt;td class=\&#34;col-result\&#34;&gt;Passed&lt;/td&gt;&#34;, &#34;&lt;td class=\&#34;col-testId\&#34;&gt;tests/service_tests/test_asset_service.py::TestAssetService::test_view_assigned_assets_raises_user_not_exists_error&lt;/td&gt;&#34;, &#34;&lt;td class=\&#34;col-duration\&#34;&gt;1 ms&lt;/td&gt;&#34;, &#34;&lt;td class=\&#34;col-links\&#34;&gt;&lt;/td&gt;&#34;], &#34;log&#34;: &#34;No log output captured.&#34;}], &#34;tests/service_tests/test_asset_service.py::TestAssetService::test_view_assigned_assets_successful&#34;: [{&#34;extras&#34;: [], &#34;result&#34;: &#34;Passed&#34;, &#34;testId&#34;: &#34;tests/service_tests/test_asset_service.py::TestAssetService::test_view_assigned_assets_successful&#34;, &#34;duration&#34;: &#34;1 ms&#34;, &#34;resultsTableRow&#34;: [&#34;&lt;td class=\&#34;col-result\&#34;&gt;Passed&lt;/td&gt;&#34;, &#34;&lt;td class=\&#34;col-testId\&#34;&gt;tests/service_tests/test_asset_service.py::TestAssetService::test_view_assigned_assets_successful&lt;/td&gt;&#34;, &#34;&lt;td class=\&#34;col-duration\&#34;&gt;1 ms&lt;/td&gt;&#34;, &#34;&lt;td class=\&#34;col-links\&#34;&gt;&lt;/td&gt;&#34;], &#34;log&#34;: &#34;No log output captured.&#34;}], &#34;tests/service_tests/test_user_service.py::TestUserService::test_delete_user_account_nonexistent_user&#34;: [{&#34;extras&#34;: [], &#34;result&#34;: &#34;Failed&#34;, &#34;testId&#34;: &#34;tests/service_tests/test_user_service.py::TestUserService::test_delete_user_account_nonexistent_user&#34;, &#34;duration&#34;: &#34;1 ms&#34;, &#34;resultsTableRow&#34;: [&#34;&lt;td class=\&#34;col-result\&#34;&gt;Failed&lt;/td&gt;&#34;, &#34;&lt;td class=\&#34;col-testId\&#34;&gt;tests/service_tests/test_user_service.py::TestUserService::test_delete_user_account_nonexistent_user&lt;/td&gt;&#34;, &#34;&lt;td class=\&#34;col-duration\&#34;&gt;1 ms&lt;/td&gt;&#34;, &#34;&lt;td class=\&#34;col-links\&#34;&gt;&lt;/td&gt;&#34;], &#34;log&#34;: &#34;self = &amp;lt;tests.service_tests.test_user_service.TestUserService testMethod=test_delete_user_account_nonexistent_user&amp;gt;\n\n    def test_delete_user_account_nonexistent_user(self):\n        &amp;quot;&amp;quot;&amp;quot;\n        Test delete user account for non-existent user\n        &amp;quot;&amp;quot;&amp;quot;\n        # Arrange\n        user_id = str(uuid.uuid4())\n    \n        # Simulate no user found\n        self.mock_user_repository.fetch_user_by_id.return_value = None\n    \n        # Act\n&amp;gt;       result = self.user_service.delete_user_account(user_id)\n\nself       = &amp;lt;tests.service_tests.test_user_service.TestUserService testMethod=test_delete_user_account_nonexistent_user&amp;gt;\nuser_id    = &amp;#x27;539f298b-b43f-40b5-9ff7-eb62e27f0203&amp;#x27;\n\ntests/service_tests/test_user_service.py:150: \n_ _ _ _ _ _ _ _ _ _ _ _ _ _ _ _ _ _ _ _ _ _ _ _ _ _ _ _ _ _ _ _ _ _ _ _ _ _ _ _ _ _ _ _ _ _ _ _ _ _ _ _ _ _ _ _ _ _ _ _ _ _ _ _ _ _ _ _ _ _ _ _ _ _ _ _ _ _ _ _ _ _ _ _ _ _ _ _ _ _ _ \n\nself = &amp;lt;src.app.services.user_service.UserService object at 0x112a28090&amp;gt;, user_id = &amp;#x27;539f298b-b43f-40b5-9ff7-eb62e27f0203&amp;#x27;\n\n    def delete_user_account(self, user_id: str) -&amp;gt; bool:\n        &amp;quot;&amp;quot;&amp;quot;\n        Delete user account\n        - Verify user exists before deletion\n        &amp;quot;&amp;quot;&amp;quot;\n        user = self.get_user_by_id(user_id)\n        if user:\n            return self.user_repository.delete_user(user_id)\n&amp;gt;       raise NotExistsError(&amp;quot;User does not exist&amp;quot;)\nE       src.app.utils.errors.error.NotExistsError: User does not exist\n\nself       = &amp;lt;src.app.services.user_service.UserService object at 0x112a28090&amp;gt;\nuser       = None\nuser_id    = &amp;#x27;539f298b-b43f-40b5-9ff7-eb62e27f0203&amp;#x27;\n\nsrc/app/services/user_service.py:52: NotExistsError\n&#34;}], &#34;tests/service_tests/test_user_service.py::TestUserService::test_delete_user_account_successful&#34;: [{&#34;extras&#34;: [], &#34;result&#34;: &#34;Passed&#34;, &#34;testId&#34;: &#34;tests/service_tests/test_user_service.py::TestUserService::test_delete_user_account_successful&#34;, &#34;duration&#34;: &#34;1 ms&#34;, &#34;resultsTableRow&#34;: [&#34;&lt;td class=\&#34;col-result\&#34;&gt;Passed&lt;/td&gt;&#34;, &#34;&lt;td class=\&#34;col-testId\&#34;&gt;tests/service_tests/test_user_service.py::TestUserService::test_delete_user_account_successful&lt;/td&gt;&#34;, &#34;&lt;td class=\&#34;col-duration\&#34;&gt;1 ms&lt;/td&gt;&#34;, &#34;&lt;td class=\&#34;col-links\&#34;&gt;&lt;/td&gt;&#34;], &#34;log&#34;: &#34;No log output captured.&#34;}], &#34;tests/service_tests/test_user_service.py::TestUserService::test_get_user_by_email_returns_none&#34;: [{&#34;extras&#34;: [], &#34;result&#34;: &#34;Passed&#34;, &#34;testId&#34;: &#34;tests/service_tests/test_user_service.py::TestUserService::test_get_user_by_email_returns_none&#34;, &#34;duration&#34;: &#34;1 ms&#34;, &#34;resultsTableRow&#34;: [&#34;&lt;td class=\&#34;col-result\&#34;&gt;Passed&lt;/td&gt;&#34;, &#34;&lt;td class=\&#34;col-testId\&#34;&gt;tests/service_tests/test_user_service.py::TestUserService::test_get_user_by_email_returns_none&lt;/td&gt;&#34;, &#34;&lt;td class=\&#34;col-duration\&#34;&gt;1 ms&lt;/td&gt;&#34;, &#34;&lt;td class=\&#34;col-links\&#34;&gt;&lt;/td&gt;&#34;], &#34;log&#34;: &#34;No log output captured.&#34;}], &#34;tests/service_tests/test_user_service.py::TestUserService::test_get_user_by_email_successful&#34;: [{&#34;extras&#34;: [], &#34;result&#34;: &#34;Passed&#34;, &#34;testId&#34;: &#34;tests/service_tests/test_user_service.py::TestUserService::test_get_user_by_email_successful&#34;, &#34;duration&#34;: &#34;1 ms&#34;, &#34;resultsTableRow&#34;: [&#34;&lt;td class=\&#34;col-result\&#34;&gt;Passed&lt;/td&gt;&#34;, &#34;&lt;td class=\&#34;col-testId\&#34;&gt;tests/service_tests/test_user_service.py::TestUserService::test_get_user_by_email_successful&lt;/td&gt;&#34;, &#34;&lt;td class=\&#34;col-duration\&#34;&gt;1 ms&lt;/td&gt;&#34;, &#34;&lt;td class=\&#34;col-links\&#34;&gt;&lt;/td&gt;&#34;], &#34;log&#34;: &#34;No log output captured.&#34;}], &#34;tests/service_tests/test_user_service.py::TestUserService::test_get_user_by_id_returns_none&#34;: [{&#34;extras&#34;: [], &#34;result&#34;: &#34;Passed&#34;, &#34;testId&#34;: &#34;tests/service_tests/test_user_service.py::TestUserService::test_get_user_by_id_returns_none&#34;, &#34;duration&#34;: &#34;1 ms&#34;, &#34;resultsTableRow&#34;: [&#34;&lt;td class=\&#34;col-result\&#34;&gt;Passed&lt;/td&gt;&#34;, &#34;&lt;td class=\&#34;col-testId\&#34;&gt;tests/service_tests/test_user_service.py::TestUserService::test_get_user_by_id_returns_none&lt;/td&gt;&#34;, &#34;&lt;td class=\&#34;col-duration\&#34;&gt;1 ms&lt;/td&gt;&#34;, &#34;&lt;td class=\&#34;col-links\&#34;&gt;&lt;/td&gt;&#34;], &#34;log&#34;: &#34;No log output captured.&#34;}], &#34;tests/service_tests/test_user_service.py::TestUserService::test_get_user_by_id_successful&#34;: [{&#34;extras&#34;: [], &#34;result&#34;: &#34;Passed&#34;, &#34;testId&#34;: &#34;tests/service_tests/test_user_service.py::TestUserService::test_get_user_by_id_successful&#34;, &#34;duration&#34;: &#34;1 ms&#34;, &#34;resultsTableRow&#34;: [&#34;&lt;td class=\&#34;col-result\&#34;&gt;Passed&lt;/td&gt;&#34;, &#34;&lt;td class=\&#34;col-testId\&#34;&gt;tests/service_tests/test_user_service.py::TestUserService::test_get_user_by_id_successful&lt;/td&gt;&#34;, &#34;&lt;td class=\&#34;col-duration\&#34;&gt;1 ms&lt;/td&gt;&#34;, &#34;&lt;td class=\&#34;col-links\&#34;&gt;&lt;/td&gt;&#34;], &#34;log&#34;: &#34;No log output captured.&#34;}], &#34;tests/service_tests/test_user_service.py::TestUserService::test_get_users_returns_empty_list&#34;: [{&#34;extras&#34;: [], &#34;result&#34;: &#34;Passed&#34;, &#34;testId&#34;: &#34;tests/service_tests/test_user_service.py::TestUserService::test_get_users_returns_empty_list&#34;, &#34;duration&#34;: &#34;1 ms&#34;, &#34;resultsTableRow&#34;: [&#34;&lt;td class=\&#34;col-result\&#34;&gt;Passed&lt;/td&gt;&#34;, &#34;&lt;td class=\&#34;col-testId\&#34;&gt;tests/service_tests/test_user_service.py::TestUserService::test_get_users_returns_empty_list&lt;/td&gt;&#34;, &#34;&lt;td class=\&#34;col-duration\&#34;&gt;1 ms&lt;/td&gt;&#34;, &#34;&lt;td class=\&#34;col-links\&#34;&gt;&lt;/td&gt;&#34;], &#34;log&#34;: &#34;No log output captured.&#34;}], &#34;tests/service_tests/test_user_service.py::TestUserService::test_get_users_returns_list&#34;: [{&#34;extras&#34;: [], &#34;result&#34;: &#34;Passed&#34;, &#34;testId&#34;: &#34;tests/service_tests/test_user_service.py::TestUserService::test_get_users_returns_list&#34;, &#34;duration&#34;: &#34;1 ms&#34;, &#34;resultsTableRow&#34;: [&#34;&lt;td class=\&#34;col-result\&#34;&gt;Passed&lt;/td&gt;&#34;, &#34;&lt;td class=\&#34;col-testId\&#34;&gt;tests/service_tests/test_user_service.py::TestUserService::test_get_users_returns_list&lt;/td&gt;&#34;, &#34;&lt;td class=\&#34;col-duration\&#34;&gt;1 ms&lt;/td&gt;&#34;, &#34;&lt;td class=\&#34;col-links\&#34;&gt;&lt;/td&gt;&#34;], &#34;log&#34;: &#34;No log output captured.&#34;}], &#34;tests/service_tests/test_user_service.py::TestUserService::test_login_user_raises_invalid_credentials&#34;: [{&#34;extras&#34;: [], &#34;result&#34;: &#34;Passed&#34;, &#34;testId&#34;: &#34;tests/service_tests/test_user_service.py::TestUserService::test_login_user_raises_invalid_credentials&#34;, &#34;duration&#34;: &#34;1 ms&#34;, &#34;resultsTableRow&#34;: [&#34;&lt;td class=\&#34;col-result\&#34;&gt;Passed&lt;/td&gt;&#34;, &#34;&lt;td class=\&#34;col-testId\&#34;&gt;tests/service_tests/test_user_service.py::TestUserService::test_login_user_raises_invalid_credentials&lt;/td&gt;&#34;, &#34;&lt;td class=\&#34;col-duration\&#34;&gt;1 ms&lt;/td&gt;&#34;, &#34;&lt;td class=\&#34;col-links\&#34;&gt;&lt;/td&gt;&#34;], &#34;log&#34;: &#34;No log output captured.&#34;}], &#34;tests/service_tests/test_user_service.py::TestUserService::test_login_user_successful&#34;: [{&#34;extras&#34;: [], &#34;result&#34;: &#34;Passed&#34;, &#34;testId&#34;: &#34;tests/service_tests/test_user_service.py::TestUserService::test_login_user_successful&#34;, &#34;duration&#34;: &#34;248 ms&#34;, &#34;resultsTableRow&#34;: [&#34;&lt;td class=\&#34;col-result\&#34;&gt;Passed&lt;/td&gt;&#34;, &#34;&lt;td class=\&#34;col-testId\&#34;&gt;tests/service_tests/test_user_service.py::TestUserService::test_login_user_successful&lt;/td&gt;&#34;, &#34;&lt;td class=\&#34;col-duration\&#34;&gt;248 ms&lt;/td&gt;&#34;, &#34;&lt;td class=\&#34;col-links\&#34;&gt;&lt;/td&gt;&#34;], &#34;log&#34;: &#34;No log output captured.&#34;}], &#34;tests/service_tests/test_user_service.py::TestUserService::test_signup_user_raises_user_exists_error&#34;: [{&#34;extras&#34;: [], &#34;result&#34;: &#34;Passed&#34;, &#34;testId&#34;: &#34;tests/service_tests/test_user_service.py::TestUserService::test_signup_user_raises_user_exists_error&#34;, &#34;duration&#34;: &#34;1 ms&#34;, &#34;resultsTableRow&#34;: [&#34;&lt;td class=\&#34;col-result\&#34;&gt;Passed&lt;/td&gt;&#34;, &#34;&lt;td class=\&#34;col-testId\&#34;&gt;tests/service_tests/test_user_service.py::TestUserService::test_signup_user_raises_user_exists_error&lt;/td&gt;&#34;, &#34;&lt;td class=\&#34;col-duration\&#34;&gt;1 ms&lt;/td&gt;&#34;, &#34;&lt;td class=\&#34;col-links\&#34;&gt;&lt;/td&gt;&#34;], &#34;log&#34;: &#34;No log output captured.&#34;}], &#34;tests/service_tests/test_user_service.py::TestUserService::test_signup_user_successful&#34;: [{&#34;extras&#34;: [], &#34;result&#34;: &#34;Passed&#34;, &#34;testId&#34;: &#34;tests/service_tests/test_user_service.py::TestUserService::test_signup_user_successful&#34;, &#34;duration&#34;: &#34;1 ms&#34;, &#34;resultsTableRow&#34;: [&#34;&lt;td class=\&#34;col-result\&#34;&gt;Passed&lt;/td&gt;&#34;, &#34;&lt;td class=\&#34;col-testId\&#34;&gt;tests/service_tests/test_user_service.py::TestUserService::test_signup_user_successful&lt;/td&gt;&#34;, &#34;&lt;td class=\&#34;col-duration\&#34;&gt;1 ms&lt;/td&gt;&#34;, &#34;&lt;td class=\&#34;col-links\&#34;&gt;&lt;/td&gt;&#34;], &#34;log&#34;: &#34;No log output captured.&#34;}], &#34;tests/utils/db/test_db_connection.py::test_db_connection&#34;: [{&#34;extras&#34;: [], &#34;result&#34;: &#34;Passed&#34;, &#34;testId&#34;: &#34;tests/utils/db/test_db_connection.py::test_db_connection&#34;, &#34;duration&#34;: &#34;4 ms&#34;, &#34;resultsTableRow&#34;: [&#34;&lt;td class=\&#34;col-result\&#34;&gt;Passed&lt;/td&gt;&#34;, &#34;&lt;td class=\&#34;col-testId\&#34;&gt;tests/utils/db/test_db_connection.py::test_db_connection&lt;/td&gt;&#34;, &#34;&lt;td class=\&#34;col-duration\&#34;&gt;4 ms&lt;/td&gt;&#34;, &#34;&lt;td class=\&#34;col-links\&#34;&gt;&lt;/td&gt;&#34;], &#34;log&#34;: &#34;No log output captured.&#34;}], &#34;tests/utils/db/test_query_builder.py::TestGenericQueryBuilder::test_delete_multiple_conditions&#34;: [{&#34;extras&#34;: [], &#34;result&#34;: &#34;Passed&#34;, &#34;testId&#34;: &#34;tests/utils/db/test_query_builder.py::TestGenericQueryBuilder::test_delete_multiple_conditions&#34;, &#34;duration&#34;: &#34;1 ms&#34;, &#34;resultsTableRow&#34;: [&#34;&lt;td class=\&#34;col-result\&#34;&gt;Passed&lt;/td&gt;&#34;, &#34;&lt;td class=\&#34;col-testId\&#34;&gt;tests/utils/db/test_query_builder.py::TestGenericQueryBuilder::test_delete_multiple_conditions&lt;/td&gt;&#34;, &#34;&lt;td class=\&#34;col-duration\&#34;&gt;1 ms&lt;/td&gt;&#34;, &#34;&lt;td class=\&#34;col-links\&#34;&gt;&lt;/td&gt;&#34;], &#34;log&#34;: &#34;No log output captured.&#34;}], &#34;tests/utils/db/test_query_builder.py::TestGenericQueryBuilder::test_delete_single_condition&#34;: [{&#34;extras&#34;: [], &#34;result&#34;: &#34;Passed&#34;, &#34;testId&#34;: &#34;tests/utils/db/test_query_builder.py::TestGenericQueryBuilder::test_delete_single_condition&#34;, &#34;duration&#34;: &#34;0 ms&#34;, &#34;resultsTableRow&#34;: [&#34;&lt;td class=\&#34;col-result\&#34;&gt;Passed&lt;/td&gt;&#34;, &#34;&lt;td class=\&#34;col-testId\&#34;&gt;tests/utils/db/test_query_builder.py::TestGenericQueryBuilder::test_delete_single_condition&lt;/td&gt;&#34;, &#34;&lt;td class=\&#34;col-duration\&#34;&gt;0 ms&lt;/td&gt;&#34;, &#34;&lt;td class=\&#34;col-links\&#34;&gt;&lt;/td&gt;&#34;], &#34;log&#34;: &#34;No log output captured.&#34;}], &#34;tests/utils/db/test_query_builder.py::TestGenericQueryBuilder::test_delete_without_where_clause&#34;: [{&#34;extras&#34;: [], &#34;result&#34;: &#34;Passed&#34;, &#34;testId&#34;: &#34;tests/utils/db/test_query_builder.py::TestGenericQueryBuilder::test_delete_without_where_clause&#34;, &#34;duration&#34;: &#34;0 ms&#34;, &#34;resultsTableRow&#34;: [&#34;&lt;td class=\&#34;col-result\&#34;&gt;Passed&lt;/td&gt;&#34;, &#34;&lt;td class=\&#34;col-testId\&#34;&gt;tests/utils/db/test_query_builder.py::TestGenericQueryBuilder::test_delete_without_where_clause&lt;/td&gt;&#34;, &#34;&lt;td class=\&#34;col-duration\&#34;&gt;0 ms&lt;/td&gt;&#34;, &#34;&lt;td class=\&#34;col-links\&#34;&gt;&lt;/td&gt;&#34;], &#34;log&#34;: &#34;No log output captured.&#34;}], &#34;tests/utils/db/test_query_builder.py::TestGenericQueryBuilder::test_insert_multiple_columns&#34;: [{&#34;extras&#34;: [], &#34;result&#34;: &#34;Passed&#34;, &#34;testId&#34;: &#34;tests/utils/db/test_query_builder.py::TestGenericQueryBuilder::test_insert_multiple_columns&#34;, &#34;duration&#34;: &#34;0 ms&#34;, &#34;resultsTableRow&#34;: [&#34;&lt;td class=\&#34;col-result\&#34;&gt;Passed&lt;/td&gt;&#34;, &#34;&lt;td class=\&#34;col-testId\&#34;&gt;tests/utils/db/test_query_builder.py::TestGenericQueryBuilder::test_insert_multiple_columns&lt;/td&gt;&#34;, &#34;&lt;td class=\&#34;col-duration\&#34;&gt;0 ms&lt;/td&gt;&#34;, &#34;&lt;td class=\&#34;col-links\&#34;&gt;&lt;/td&gt;&#34;], &#34;log&#34;: &#34;No log output captured.&#34;}], &#34;tests/utils/db/test_query_builder.py::TestGenericQueryBuilder::test_insert_single_column&#34;: [{&#34;extras&#34;: [], &#34;result&#34;: &#34;Passed&#34;, &#34;testId&#34;: &#34;tests/utils/db/test_query_builder.py::TestGenericQueryBuilder::test_insert_single_column&#34;, &#34;duration&#34;: &#34;0 ms&#34;, &#34;resultsTableRow&#34;: [&#34;&lt;td class=\&#34;col-result\&#34;&gt;Passed&lt;/td&gt;&#34;, &#34;&lt;td class=\&#34;col-testId\&#34;&gt;tests/utils/db/test_query_builder.py::TestGenericQueryBuilder::test_insert_single_column&lt;/td&gt;&#34;, &#34;&lt;td class=\&#34;col-duration\&#34;&gt;0 ms&lt;/td&gt;&#34;, &#34;&lt;td class=\&#34;col-links\&#34;&gt;&lt;/td&gt;&#34;], &#34;log&#34;: &#34;No log output captured.&#34;}], &#34;tests/utils/db/test_query_builder.py::TestGenericQueryBuilder::test_select_all_columns&#34;: [{&#34;extras&#34;: [], &#34;result&#34;: &#34;Passed&#34;, &#34;testId&#34;: &#34;tests/utils/db/test_query_builder.py::TestGenericQueryBuilder::test_select_all_columns&#34;, &#34;duration&#34;: &#34;0 ms&#34;, &#34;resultsTableRow&#34;: [&#34;&lt;td class=\&#34;col-result\&#34;&gt;Passed&lt;/td&gt;&#34;, &#34;&lt;td class=\&#34;col-testId\&#34;&gt;tests/utils/db/test_query_builder.py::TestGenericQueryBuilder::test_select_all_columns&lt;/td&gt;&#34;, &#34;&lt;td class=\&#34;col-duration\&#34;&gt;0 ms&lt;/td&gt;&#34;, &#34;&lt;td class=\&#34;col-links\&#34;&gt;&lt;/td&gt;&#34;], &#34;log&#34;: &#34;No log output captured.&#34;}], &#34;tests/utils/db/test_query_builder.py::TestGenericQueryBuilder::test_select_specific_columns&#34;: [{&#34;extras&#34;: [], &#34;result&#34;: &#34;Passed&#34;, &#34;testId&#34;: &#34;tests/utils/db/test_query_builder.py::TestGenericQueryBuilder::test_select_specific_columns&#34;, &#34;duration&#34;: &#34;0 ms&#34;, &#34;resultsTableRow&#34;: [&#34;&lt;td class=\&#34;col-result\&#34;&gt;Passed&lt;/td&gt;&#34;, &#34;&lt;td class=\&#34;col-testId\&#34;&gt;tests/utils/db/test_query_builder.py::TestGenericQueryBuilder::test_select_specific_columns&lt;/td&gt;&#34;, &#34;&lt;td class=\&#34;col-duration\&#34;&gt;0 ms&lt;/td&gt;&#34;, &#34;&lt;td class=\&#34;col-links\&#34;&gt;&lt;/td&gt;&#34;], &#34;log&#34;: &#34;No log output captured.&#34;}], &#34;tests/utils/db/test_query_builder.py::TestGenericQueryBuilder::test_select_with_all_parameters&#34;: [{&#34;extras&#34;: [], &#34;result&#34;: &#34;Passed&#34;, &#34;testId&#34;: &#34;tests/utils/db/test_query_builder.py::TestGenericQueryBuilder::test_select_with_all_parameters&#34;, &#34;duration&#34;: &#34;0 ms&#34;, &#34;resultsTableRow&#34;: [&#34;&lt;td class=\&#34;col-result\&#34;&gt;Passed&lt;/td&gt;&#34;, &#34;&lt;td class=\&#34;col-testId\&#34;&gt;tests/utils/db/test_query_builder.py::TestGenericQueryBuilder::test_select_with_all_parameters&lt;/td&gt;&#34;, &#34;&lt;td class=\&#34;col-duration\&#34;&gt;0 ms&lt;/td&gt;&#34;, &#34;&lt;td class=\&#34;col-links\&#34;&gt;&lt;/td&gt;&#34;], &#34;log&#34;: &#34;No log output captured.&#34;}], &#34;tests/utils/db/test_query_builder.py::TestGenericQueryBuilder::test_select_with_limit&#34;: [{&#34;extras&#34;: [], &#34;result&#34;: &#34;Passed&#34;, &#34;testId&#34;: &#34;tests/utils/db/test_query_builder.py::TestGenericQueryBuilder::test_select_with_limit&#34;, &#34;duration&#34;: &#34;0 ms&#34;, &#34;resultsTableRow&#34;: [&#34;&lt;td class=\&#34;col-result\&#34;&gt;Passed&lt;/td&gt;&#34;, &#34;&lt;td class=\&#34;col-testId\&#34;&gt;tests/utils/db/test_query_builder.py::TestGenericQueryBuilder::test_select_with_limit&lt;/td&gt;&#34;, &#34;&lt;td class=\&#34;col-duration\&#34;&gt;0 ms&lt;/td&gt;&#34;, &#34;&lt;td class=\&#34;col-links\&#34;&gt;&lt;/td&gt;&#34;], &#34;log&#34;: &#34;No log output captured.&#34;}], &#34;tests/utils/db/test_query_builder.py::TestGenericQueryBuilder::test_select_with_multiple_where_conditions&#34;: [{&#34;extras&#34;: [], &#34;result&#34;: &#34;Passed&#34;, &#34;testId&#34;: &#34;tests/utils/db/test_query_builder.py::TestGenericQueryBuilder::test_select_with_multiple_where_conditions&#34;, &#34;duration&#34;: &#34;0 ms&#34;, &#34;resultsTableRow&#34;: [&#34;&lt;td class=\&#34;col-result\&#34;&gt;Passed&lt;/td&gt;&#34;, &#34;&lt;td class=\&#34;col-testId\&#34;&gt;tests/utils/db/test_query_builder.py::TestGenericQueryBuilder::test_select_with_multiple_where_conditions&lt;/td&gt;&#34;, &#34;&lt;td class=\&#34;col-duration\&#34;&gt;0 ms&lt;/td&gt;&#34;, &#34;&lt;td class=\&#34;col-links\&#34;&gt;&lt;/td&gt;&#34;], &#34;log&#34;: &#34;No log output captured.&#34;}], &#34;tests/utils/db/test_query_builder.py::TestGenericQueryBuilder::test_select_with_order_by&#34;: [{&#34;extras&#34;: [], &#34;result&#34;: &#34;Passed&#34;, &#34;testId&#34;: &#34;tests/utils/db/test_query_builder.py::TestGenericQueryBuilder::test_select_with_order_by&#34;, &#34;duration&#34;: &#34;0 ms&#34;, &#34;resultsTableRow&#34;: [&#34;&lt;td class=\&#34;col-result\&#34;&gt;Passed&lt;/td&gt;&#34;, &#34;&lt;td class=\&#34;col-testId\&#34;&gt;tests/utils/db/test_query_builder.py::TestGenericQueryBuilder::test_select_with_order_by&lt;/td&gt;&#34;, &#34;&lt;td class=\&#34;col-duration\&#34;&gt;0 ms&lt;/td&gt;&#34;, &#34;&lt;td class=\&#34;col-links\&#34;&gt;&lt;/td&gt;&#34;], &#34;log&#34;: &#34;No log output captured.&#34;}], &#34;tests/utils/db/test_query_builder.py::TestGenericQueryBuilder::test_select_with_where_clause&#34;: [{&#34;extras&#34;: [], &#34;result&#34;: &#34;Passed&#34;, &#34;testId&#34;: &#34;tests/utils/db/test_query_builder.py::TestGenericQueryBuilder::test_select_with_where_clause&#34;, &#34;duration&#34;: &#34;0 ms&#34;, &#34;resultsTableRow&#34;: [&#34;&lt;td class=\&#34;col-result\&#34;&gt;Passed&lt;/td&gt;&#34;, &#34;&lt;td class=\&#34;col-testId\&#34;&gt;tests/utils/db/test_query_builder.py::TestGenericQueryBuilder::test_select_with_where_clause&lt;/td&gt;&#34;, &#34;&lt;td class=\&#34;col-duration\&#34;&gt;0 ms&lt;/td&gt;&#34;, &#34;&lt;td class=\&#34;col-links\&#34;&gt;&lt;/td&gt;&#34;], &#34;log&#34;: &#34;No log output captured.&#34;}], &#34;tests/utils/db/test_query_builder.py::TestGenericQueryBuilder::test_update_multiple_columns&#34;: [{&#34;extras&#34;: [], &#34;result&#34;: &#34;Passed&#34;, &#34;testId&#34;: &#34;tests/utils/db/test_query_builder.py::TestGenericQueryBuilder::test_update_multiple_columns&#34;, &#34;duration&#34;: &#34;0 ms&#34;, &#34;resultsTableRow&#34;: [&#34;&lt;td class=\&#34;col-result\&#34;&gt;Passed&lt;/td&gt;&#34;, &#34;&lt;td class=\&#34;col-testId\&#34;&gt;tests/utils/db/test_query_builder.py::TestGenericQueryBuilder::test_update_multiple_columns&lt;/td&gt;&#34;, &#34;&lt;td class=\&#34;col-duration\&#34;&gt;0 ms&lt;/td&gt;&#34;, &#34;&lt;td class=\&#34;col-links\&#34;&gt;&lt;/td&gt;&#34;], &#34;log&#34;: &#34;No log output captured.&#34;}], &#34;tests/utils/db/test_query_builder.py::TestGenericQueryBuilder::test_update_multiple_where_conditions&#34;: [{&#34;extras&#34;: [], &#34;result&#34;: &#34;Passed&#34;, &#34;testId&#34;: &#34;tests/utils/db/test_query_builder.py::TestGenericQueryBuilder::test_update_multiple_where_conditions&#34;, &#34;duration&#34;: &#34;0 ms&#34;, &#34;resultsTableRow&#34;: [&#34;&lt;td class=\&#34;col-result\&#34;&gt;Passed&lt;/td&gt;&#34;, &#34;&lt;td class=\&#34;col-testId\&#34;&gt;tests/utils/db/test_query_builder.py::TestGenericQueryBuilder::test_update_multiple_where_conditions&lt;/td&gt;&#34;, &#34;&lt;td class=\&#34;col-duration\&#34;&gt;0 ms&lt;/td&gt;&#34;, &#34;&lt;td class=\&#34;col-links\&#34;&gt;&lt;/td&gt;&#34;], &#34;log&#34;: &#34;No log output captured.&#34;}], &#34;tests/utils/db/test_query_builder.py::TestGenericQueryBuilder::test_update_single_column&#34;: [{&#34;extras&#34;: [], &#34;result&#34;: &#34;Passed&#34;, &#34;testId&#34;: &#34;tests/utils/db/test_query_builder.py::TestGenericQueryBuilder::test_update_single_column&#34;, &#34;duration&#34;: &#34;0 ms&#34;, &#34;resultsTableRow&#34;: [&#34;&lt;td class=\&#34;col-result\&#34;&gt;Passed&lt;/td&gt;&#34;, &#34;&lt;td class=\&#34;col-testId\&#34;&gt;tests/utils/db/test_query_builder.py::TestGenericQueryBuilder::test_update_single_column&lt;/td&gt;&#34;, &#34;&lt;td class=\&#34;col-duration\&#34;&gt;0 ms&lt;/td&gt;&#34;, &#34;&lt;td class=\&#34;col-links\&#34;&gt;&lt;/td&gt;&#34;], &#34;log&#34;: &#34;No log output captured.&#34;}], &#34;tests/utils/test_utils.py::TestUtils::test_admin_decorator_authorized&#34;: [{&#34;extras&#34;: [], &#34;result&#34;: &#34;Failed&#34;, &#34;testId&#34;: &#34;tests/utils/test_utils.py::TestUtils::test_admin_decorator_authorized&#34;, &#34;duration&#34;: &#34;1 ms&#34;, &#34;resultsTableRow&#34;: [&#34;&lt;td class=\&#34;col-result\&#34;&gt;Failed&lt;/td&gt;&#34;, &#34;&lt;td class=\&#34;col-testId\&#34;&gt;tests/utils/test_utils.py::TestUtils::test_admin_decorator_authorized&lt;/td&gt;&#34;, &#34;&lt;td class=\&#34;col-duration\&#34;&gt;1 ms&lt;/td&gt;&#34;, &#34;&lt;td class=\&#34;col-links\&#34;&gt;&lt;/td&gt;&#34;], &#34;log&#34;: &#34;self = &amp;lt;tests.utils.test_utils.TestUtils testMethod=test_admin_decorator_authorized&amp;gt;\n\n    def test_admin_decorator_authorized(self):\n        &amp;quot;&amp;quot;&amp;quot;\n        Test admin decorator with authorized access\n        &amp;quot;&amp;quot;&amp;quot;\n        # Create a Flask app context for testing\n        app = Flask(__name__)\n        with app.app_context():\n            # Set up g with admin role\n            g.role = Role.ADMIN.value\n    \n            # Mock function to be decorated\n            @Utils.admin\n            def test_function():\n                return &amp;quot;Authorized&amp;quot;\n    \n            # Call the decorated function\n            result = test_function()\n&amp;gt;           self.assertEqual(result, &amp;quot;Authorized&amp;quot;)\nE           AssertionError: {&amp;#x27;status_code&amp;#x27;: &amp;lt;ErrorCodes.INVALID_TOKEN[61 chars]ble&amp;#x27;} != &amp;#x27;Authorized&amp;#x27;\n\napp        = &amp;lt;Flask &amp;#x27;tests.utils.test_utils&amp;#x27;&amp;gt;\nresult     = {&amp;#x27;message&amp;#x27;: &amp;#x27;Request context not available&amp;#x27;, &amp;#x27;status_code&amp;#x27;: &amp;lt;ErrorCodes.INVALID_TOKEN_PAYLOAD_ERROR: 4008&amp;gt;}\nself       = &amp;lt;tests.utils.test_utils.TestUtils testMethod=test_admin_decorator_authorized&amp;gt;\ntest_function = &amp;lt;function TestUtils.test_admin_decorator_authorized.&amp;lt;locals&amp;gt;.test_function at 0x112aabba0&amp;gt;\n\ntests/utils/test_utils.py:126: AssertionError\n&#34;}], &#34;tests/utils/test_utils.py::TestUtils::test_admin_decorator_unauthorized&#34;: [{&#34;extras&#34;: [], &#34;result&#34;: &#34;Failed&#34;, &#34;testId&#34;: &#34;tests/utils/test_utils.py::TestUtils::test_admin_decorator_unauthorized&#34;, &#34;duration&#34;: &#34;1 ms&#34;, &#34;resultsTableRow&#34;: [&#34;&lt;td class=\&#34;col-result\&#34;&gt;Failed&lt;/td&gt;&#34;, &#34;&lt;td class=\&#34;col-testId\&#34;&gt;tests/utils/test_utils.py::TestUtils::test_admin_decorator_unauthorized&lt;/td&gt;&#34;, &#34;&lt;td class=\&#34;col-duration\&#34;&gt;1 ms&lt;/td&gt;&#34;, &#34;&lt;td class=\&#34;col-links\&#34;&gt;&lt;/td&gt;&#34;], &#34;log&#34;: &#34;self = &amp;lt;tests.utils.test_utils.TestUtils testMethod=test_admin_decorator_unauthorized&amp;gt;\n\n    def test_admin_decorator_unauthorized(self):\n        &amp;quot;&amp;quot;&amp;quot;\n        Test admin decorator with unauthorized access\n        &amp;quot;&amp;quot;&amp;quot;\n        # Create a Flask app context for testing\n        app = Flask(__name__)\n        with app.app_context():\n            # Set up g with non-admin role\n            g.role = Role.USER.value\n    \n            # Mock function to be decorated\n            @Utils.admin\n            def test_function():\n                return &amp;quot;Authorized&amp;quot;\n    \n            # Call the decorated function\n            result = test_function()\n    \n            # Check for unauthorized response\n&amp;gt;           self.assertEqual(result[1], 403)\nE           KeyError: 1\n\napp        = &amp;lt;Flask &amp;#x27;tests.utils.test_utils&amp;#x27;&amp;gt;\nresult     = {&amp;#x27;message&amp;#x27;: &amp;#x27;Request context not available&amp;#x27;, &amp;#x27;status_code&amp;#x27;: &amp;lt;ErrorCodes.INVALID_TOKEN_PAYLOAD_ERROR: 4008&amp;gt;}\nself       = &amp;lt;tests.utils.test_utils.TestUtils testMethod=test_admin_decorator_unauthorized&amp;gt;\ntest_function = &amp;lt;function TestUtils.test_admin_decorator_unauthorized.&amp;lt;locals&amp;gt;.test_function at 0x112ae85e0&amp;gt;\n\ntests/utils/test_utils.py:147: KeyError\n&#34;}], &#34;tests/utils/test_utils.py::TestUtils::test_check_password_failure&#34;: [{&#34;extras&#34;: [], &#34;result&#34;: &#34;Passed&#34;, &#34;testId&#34;: &#34;tests/utils/test_utils.py::TestUtils::test_check_password_failure&#34;, &#34;duration&#34;: &#34;543 ms&#34;, &#34;resultsTableRow&#34;: [&#34;&lt;td class=\&#34;col-result\&#34;&gt;Passed&lt;/td&gt;&#34;, &#34;&lt;td class=\&#34;col-testId\&#34;&gt;tests/utils/test_utils.py::TestUtils::test_check_password_failure&lt;/td&gt;&#34;, &#34;&lt;td class=\&#34;col-duration\&#34;&gt;543 ms&lt;/td&gt;&#34;, &#34;&lt;td class=\&#34;col-links\&#34;&gt;&lt;/td&gt;&#34;], &#34;log&#34;: &#34;No log output captured.&#34;}], &#34;tests/utils/test_utils.py::TestUtils::test_check_password_success&#34;: [{&#34;extras&#34;: [], &#34;result&#34;: &#34;Passed&#34;, &#34;testId&#34;: &#34;tests/utils/test_utils.py::TestUtils::test_check_password_success&#34;, &#34;duration&#34;: &#34;486 ms&#34;, &#34;resultsTableRow&#34;: [&#34;&lt;td class=\&#34;col-result\&#34;&gt;Passed&lt;/td&gt;&#34;, &#34;&lt;td class=\&#34;col-testId\&#34;&gt;tests/utils/test_utils.py::TestUtils::test_check_password_success&lt;/td&gt;&#34;, &#34;&lt;td class=\&#34;col-duration\&#34;&gt;486 ms&lt;/td&gt;&#34;, &#34;&lt;td class=\&#34;col-links\&#34;&gt;&lt;/td&gt;&#34;], &#34;log&#34;: &#34;No log output captured.&#34;}], &#34;tests/utils/test_utils.py::TestUtils::test_create_jwt_token_exception&#34;: [{&#34;extras&#34;: [], &#34;result&#34;: &#34;Passed&#34;, &#34;testId&#34;: &#34;tests/utils/test_utils.py::TestUtils::test_create_jwt_token_exception&#34;, &#34;duration&#34;: &#34;1 ms&#34;, &#34;resultsTableRow&#34;: [&#34;&lt;td class=\&#34;col-result\&#34;&gt;Passed&lt;/td&gt;&#34;, &#34;&lt;td class=\&#34;col-testId\&#34;&gt;tests/utils/test_utils.py::TestUtils::test_create_jwt_token_exception&lt;/td&gt;&#34;, &#34;&lt;td class=\&#34;col-duration\&#34;&gt;1 ms&lt;/td&gt;&#34;, &#34;&lt;td class=\&#34;col-links\&#34;&gt;&lt;/td&gt;&#34;], &#34;log&#34;: &#34;No log output captured.&#34;}], &#34;tests/utils/test_utils.py::TestUtils::test_create_jwt_token_success&#34;: [{&#34;extras&#34;: [], &#34;result&#34;: &#34;Passed&#34;, &#34;testId&#34;: &#34;tests/utils/test_utils.py::TestUtils::test_create_jwt_token_success&#34;, &#34;duration&#34;: &#34;1 ms&#34;, &#34;resultsTableRow&#34;: [&#34;&lt;td class=\&#34;col-result\&#34;&gt;Passed&lt;/td&gt;&#34;, &#34;&lt;td class=\&#34;col-testId\&#34;&gt;tests/utils/test_utils.py::TestUtils::test_create_jwt_token_success&lt;/td&gt;&#34;, &#34;&lt;td class=\&#34;col-duration\&#34;&gt;1 ms&lt;/td&gt;&#34;, &#34;&lt;td class=\&#34;col-links\&#34;&gt;&lt;/td&gt;&#34;], &#34;log&#34;: &#34;No log output captured.&#34;}], &#34;tests/utils/test_utils.py::TestUtils::test_decode_jwt_token_expired&#34;: [{&#34;extras&#34;: [], &#34;result&#34;: &#34;Passed&#34;, &#34;testId&#34;: &#34;tests/utils/test_utils.py::TestUtils::test_decode_jwt_token_expired&#34;, &#34;duration&#34;: &#34;1 ms&#34;, &#34;resultsTableRow&#34;: [&#34;&lt;td class=\&#34;col-result\&#34;&gt;Passed&lt;/td&gt;&#34;, &#34;&lt;td class=\&#34;col-testId\&#34;&gt;tests/utils/test_utils.py::TestUtils::test_decode_jwt_token_expired&lt;/td&gt;&#34;, &#34;&lt;td class=\&#34;col-duration\&#34;&gt;1 ms&lt;/td&gt;&#34;, &#34;&lt;td class=\&#34;col-links\&#34;&gt;&lt;/td&gt;&#34;], &#34;log&#34;: &#34;No log output captured.&#34;}], &#34;tests/utils/test_utils.py::TestUtils::test_decode_jwt_token_invalid&#34;: [{&#34;extras&#34;: [], &#34;result&#34;: &#34;Passed&#34;, &#34;testId&#34;: &#34;tests/utils/test_utils.py::TestUtils::test_decode_jwt_token_invalid&#34;, &#34;duration&#34;: &#34;0 ms&#34;, &#34;resultsTableRow&#34;: [&#34;&lt;td class=\&#34;col-result\&#34;&gt;Passed&lt;/td&gt;&#34;, &#34;&lt;td class=\&#34;col-testId\&#34;&gt;tests/utils/test_utils.py::TestUtils::test_decode_jwt_token_invalid&lt;/td&gt;&#34;, &#34;&lt;td class=\&#34;col-duration\&#34;&gt;0 ms&lt;/td&gt;&#34;, &#34;&lt;td class=\&#34;col-links\&#34;&gt;&lt;/td&gt;&#34;], &#34;log&#34;: &#34;No log output captured.&#34;}], &#34;tests/utils/test_utils.py::TestUtils::test_decode_jwt_token_success&#34;: [{&#34;extras&#34;: [], &#34;result&#34;: &#34;Passed&#34;, &#34;testId&#34;: &#34;tests/utils/test_utils.py::TestUtils::test_decode_jwt_token_success&#34;, &#34;duration&#34;: &#34;0 ms&#34;, &#34;resultsTableRow&#34;: [&#34;&lt;td class=\&#34;col-result\&#34;&gt;Passed&lt;/td&gt;&#34;, &#34;&lt;td class=\&#34;col-testId\&#34;&gt;tests/utils/test_utils.py::TestUtils::test_decode_jwt_token_success&lt;/td&gt;&#34;, &#34;&lt;td class=\&#34;col-duration\&#34;&gt;0 ms&lt;/td&gt;&#34;, &#34;&lt;td class=\&#34;col-links\&#34;&gt;&lt;/td&gt;&#34;], &#34;log&#34;: &#34;No log output captured.&#34;}], &#34;tests/utils/test_utils.py::TestUtils::test_hash_password_unique&#34;: [{&#34;extras&#34;: [], &#34;result&#34;: &#34;Passed&#34;, &#34;testId&#34;: &#34;tests/utils/test_utils.py::TestUtils::test_hash_password_unique&#34;, &#34;duration&#34;: &#34;467 ms&#34;, &#34;resultsTableRow&#34;: [&#34;&lt;td class=\&#34;col-result\&#34;&gt;Passed&lt;/td&gt;&#34;, &#34;&lt;td class=\&#34;col-testId\&#34;&gt;tests/utils/test_utils.py::TestUtils::test_hash_password_unique&lt;/td&gt;&#34;, &#34;&lt;td class=\&#34;col-duration\&#34;&gt;467 ms&lt;/td&gt;&#34;, &#34;&lt;td class=\&#34;col-links\&#34;&gt;&lt;/td&gt;&#34;], &#34;log&#34;: &#34;No log output captured.&#34;}], &#34;tests/utils/validators/test_validators.py::TestValidators::test_is_department_valid&#34;: [{&#34;extras&#34;: [], &#34;result&#34;: &#34;Passed&#34;, &#34;testId&#34;: &#34;tests/utils/validators/test_validators.py::TestValidators::test_is_department_valid&#34;, &#34;duration&#34;: &#34;1 ms&#34;, &#34;resultsTableRow&#34;: [&#34;&lt;td class=\&#34;col-result\&#34;&gt;Passed&lt;/td&gt;&#34;, &#34;&lt;td class=\&#34;col-testId\&#34;&gt;tests/utils/validators/test_validators.py::TestValidators::test_is_department_valid&lt;/td&gt;&#34;, &#34;&lt;td class=\&#34;col-duration\&#34;&gt;1 ms&lt;/td&gt;&#34;, &#34;&lt;td class=\&#34;col-links\&#34;&gt;&lt;/td&gt;&#34;], &#34;log&#34;: &#34;No log output captured.&#34;}], &#34;tests/utils/validators/test_validators.py::TestValidators::test_is_email_valid&#34;: [{&#34;extras&#34;: [], &#34;result&#34;: &#34;Passed&#34;, &#34;testId&#34;: &#34;tests/utils/validators/test_validators.py::TestValidators::test_is_email_valid&#34;, &#34;duration&#34;: &#34;0 ms&#34;, &#34;resultsTableRow&#34;: [&#34;&lt;td class=\&#34;col-result\&#34;&gt;Passed&lt;/td&gt;&#34;, &#34;&lt;td class=\&#34;col-testId\&#34;&gt;tests/utils/validators/test_validators.py::TestValidators::test_is_email_valid&lt;/td&gt;&#34;, &#34;&lt;td class=\&#34;col-duration\&#34;&gt;0 ms&lt;/td&gt;&#34;, &#34;&lt;td class=\&#34;col-links\&#34;&gt;&lt;/td&gt;&#34;], &#34;log&#34;: &#34;No log output captured.&#34;}], &#34;tests/utils/validators/test_validators.py::TestValidators::test_is_name_valid&#34;: [{&#34;extras&#34;: [], &#34;result&#34;: &#34;Passed&#34;, &#34;testId&#34;: &#34;tests/utils/validators/test_validators.py::TestValidators::test_is_name_valid&#34;, &#34;duration&#34;: &#34;0 ms&#34;, &#34;resultsTableRow&#34;: [&#34;&lt;td class=\&#34;col-result\&#34;&gt;Passed&lt;/td&gt;&#34;, &#34;&lt;td class=\&#34;col-testId\&#34;&gt;tests/utils/validators/test_validators.py::TestValidators::test_is_name_valid&lt;/td&gt;&#34;, &#34;&lt;td class=\&#34;col-duration\&#34;&gt;0 ms&lt;/td&gt;&#34;, &#34;&lt;td class=\&#34;col-links\&#34;&gt;&lt;/td&gt;&#34;], &#34;log&#34;: &#34;No log output captured.&#34;}], &#34;tests/utils/validators/test_validators.py::TestValidators::test_is_password_valid&#34;: [{&#34;extras&#34;: [], &#34;result&#34;: &#34;Passed&#34;, &#34;testId&#34;: &#34;tests/utils/validators/test_validators.py::TestValidators::test_is_password_valid&#34;, &#34;duration&#34;: &#34;0 ms&#34;, &#34;resultsTableRow&#34;: [&#34;&lt;td class=\&#34;col-result\&#34;&gt;Passed&lt;/td&gt;&#34;, &#34;&lt;td class=\&#34;col-testId\&#34;&gt;tests/utils/validators/test_validators.py::TestValidators::test_is_password_valid&lt;/td&gt;&#34;, &#34;&lt;td class=\&#34;col-duration\&#34;&gt;0 ms&lt;/td&gt;&#34;, &#34;&lt;td class=\&#34;col-links\&#34;&gt;&lt;/td&gt;&#34;], &#34;log&#34;: &#34;No log output captured.&#34;}], &#34;tests/utils/validators/test_validators.py::TestValidators::test_is_valid_UUID&#34;: [{&#34;extras&#34;: [], &#34;result&#34;: &#34;Passed&#34;, &#34;testId&#34;: &#34;tests/utils/validators/test_validators.py::TestValidators::test_is_valid_UUID&#34;, &#34;duration&#34;: &#34;0 ms&#34;, &#34;resultsTableRow&#34;: [&#34;&lt;td class=\&#34;col-result\&#34;&gt;Passed&lt;/td&gt;&#34;, &#34;&lt;td class=\&#34;col-testId\&#34;&gt;tests/utils/validators/test_validators.py::TestValidators::test_is_valid_UUID&lt;/td&gt;&#34;, &#34;&lt;td class=\&#34;col-duration\&#34;&gt;0 ms&lt;/td&gt;&#34;, &#34;&lt;td class=\&#34;col-links\&#34;&gt;&lt;/td&gt;&#34;], &#34;log&#34;: &#34;No log output captured.&#34;}]}, &#34;renderCollapsed&#34;: [&#34;passed&#34;], &#34;initialSort&#34;: &#34;result&#34;, &#34;title&#34;: &#34;report.html&#34;}"></div>
    <script>
      (function(){function r(e,n,t){function o(i,f){if(!n[i]){if(!e[i]){var c="function"==typeof require&&require;if(!f&&c)return c(i,!0);if(u)return u(i,!0);var a=new Error("Cannot find module '"+i+"'");throw a.code="MODULE_NOT_FOUND",a}var p=n[i]={exports:{}};e[i][0].call(p.exports,function(r){var n=e[i][1][r];return o(n||r)},p,p.exports,r,e,n,t)}return n[i].exports}for(var u="function"==typeof require&&require,i=0;i<t.length;i++)o(t[i]);return o}return r})()({1:[function(require,module,exports){
const { getCollapsedCategory, setCollapsedIds } = require('./storage.js')

class DataManager {
    setManager(data) {
        const collapsedCategories = [...getCollapsedCategory(data.renderCollapsed)]
        const collapsedIds = []
        const tests = Object.values(data.tests).flat().map((test, index) => {
            const collapsed = collapsedCategories.includes(test.result.toLowerCase())
            const id = `test_${index}`
            if (collapsed) {
                collapsedIds.push(id)
            }
            return {
                ...test,
                id,
                collapsed,
            }
        })
        const dataBlob = { ...data, tests }
        this.data = { ...dataBlob }
        this.renderData = { ...dataBlob }
        setCollapsedIds(collapsedIds)
    }

    get allData() {
        return { ...this.data }
    }

    resetRender() {
        this.renderData = { ...this.data }
    }

    setRender(data) {
        this.renderData.tests = [...data]
    }

    toggleCollapsedItem(id) {
        this.renderData.tests = this.renderData.tests.map((test) =>
            test.id === id ? { ...test, collapsed: !test.collapsed } : test,
        )
    }

    set allCollapsed(collapsed) {
        this.renderData = { ...this.renderData, tests: [...this.renderData.tests.map((test) => (
            { ...test, collapsed }
        ))] }
    }

    get testSubset() {
        return [...this.renderData.tests]
    }

    get environment() {
        return this.renderData.environment
    }

    get initialSort() {
        return this.data.initialSort
    }
}

module.exports = {
    manager: new DataManager(),
}

},{"./storage.js":8}],2:[function(require,module,exports){
const mediaViewer = require('./mediaviewer.js')
const templateEnvRow = document.getElementById('template_environment_row')
const templateResult = document.getElementById('template_results-table__tbody')

function htmlToElements(html) {
    const temp = document.createElement('template')
    temp.innerHTML = html
    return temp.content.childNodes
}

const find = (selector, elem) => {
    if (!elem) {
        elem = document
    }
    return elem.querySelector(selector)
}

const findAll = (selector, elem) => {
    if (!elem) {
        elem = document
    }
    return [...elem.querySelectorAll(selector)]
}

const dom = {
    getStaticRow: (key, value) => {
        const envRow = templateEnvRow.content.cloneNode(true)
        const isObj = typeof value === 'object' && value !== null
        const values = isObj ? Object.keys(value).map((k) => `${k}: ${value[k]}`) : null

        const valuesElement = htmlToElements(
            values ? `<ul>${values.map((val) => `<li>${val}</li>`).join('')}<ul>` : `<div>${value}</div>`)[0]
        const td = findAll('td', envRow)
        td[0].textContent = key
        td[1].appendChild(valuesElement)

        return envRow
    },
    getResultTBody: ({ testId, id, log, extras, resultsTableRow, tableHtml, result, collapsed }) => {
        const resultBody = templateResult.content.cloneNode(true)
        resultBody.querySelector('tbody').classList.add(result.toLowerCase())
        resultBody.querySelector('tbody').id = testId
        resultBody.querySelector('.collapsible').dataset.id = id

        resultsTableRow.forEach((html) => {
            const t = document.createElement('template')
            t.innerHTML = html
            resultBody.querySelector('.collapsible').appendChild(t.content)
        })

        if (log) {
            // Wrap lines starting with "E" with span.error to color those lines red
            const wrappedLog = log.replace(/^E.*$/gm, (match) => `<span class="error">${match}</span>`)
            resultBody.querySelector('.log').innerHTML = wrappedLog
        } else {
            resultBody.querySelector('.log').remove()
        }

        if (collapsed) {
            resultBody.querySelector('.collapsible > td')?.classList.add('collapsed')
            resultBody.querySelector('.extras-row').classList.add('hidden')
        } else {
            resultBody.querySelector('.collapsible > td')?.classList.remove('collapsed')
        }

        const media = []
        extras?.forEach(({ name, format_type, content }) => {
            if (['image', 'video'].includes(format_type)) {
                media.push({ path: content, name, format_type })
            }

            if (format_type === 'html') {
                resultBody.querySelector('.extraHTML').insertAdjacentHTML('beforeend', `<div>${content}</div>`)
            }
        })
        mediaViewer.setup(resultBody, media)

        // Add custom html from the pytest_html_results_table_html hook
        tableHtml?.forEach((item) => {
            resultBody.querySelector('td[class="extra"]').insertAdjacentHTML('beforeend', item)
        })

        return resultBody
    },
}

module.exports = {
    dom,
    htmlToElements,
    find,
    findAll,
}

},{"./mediaviewer.js":6}],3:[function(require,module,exports){
const { manager } = require('./datamanager.js')
const { doSort } = require('./sort.js')
const storageModule = require('./storage.js')

const getFilteredSubSet = (filter) =>
    manager.allData.tests.filter(({ result }) => filter.includes(result.toLowerCase()))

const doInitFilter = () => {
    const currentFilter = storageModule.getVisible()
    const filteredSubset = getFilteredSubSet(currentFilter)
    manager.setRender(filteredSubset)
}

const doFilter = (type, show) => {
    if (show) {
        storageModule.showCategory(type)
    } else {
        storageModule.hideCategory(type)
    }

    const currentFilter = storageModule.getVisible()
    const filteredSubset = getFilteredSubSet(currentFilter)
    manager.setRender(filteredSubset)

    const sortColumn = storageModule.getSort()
    doSort(sortColumn, true)
}

module.exports = {
    doFilter,
    doInitFilter,
}

},{"./datamanager.js":1,"./sort.js":7,"./storage.js":8}],4:[function(require,module,exports){
const { redraw, bindEvents, renderStatic } = require('./main.js')
const { doInitFilter } = require('./filter.js')
const { doInitSort } = require('./sort.js')
const { manager } = require('./datamanager.js')
const data = JSON.parse(document.getElementById('data-container').dataset.jsonblob)

function init() {
    manager.setManager(data)
    doInitFilter()
    doInitSort()
    renderStatic()
    redraw()
    bindEvents()
}

init()

},{"./datamanager.js":1,"./filter.js":3,"./main.js":5,"./sort.js":7}],5:[function(require,module,exports){
const { dom, find, findAll } = require('./dom.js')
const { manager } = require('./datamanager.js')
const { doSort } = require('./sort.js')
const { doFilter } = require('./filter.js')
const {
    getVisible,
    getCollapsedIds,
    setCollapsedIds,
    getSort,
    getSortDirection,
    possibleFilters,
} = require('./storage.js')

const removeChildren = (node) => {
    while (node.firstChild) {
        node.removeChild(node.firstChild)
    }
}

const renderStatic = () => {
    const renderEnvironmentTable = () => {
        const environment = manager.environment
        const rows = Object.keys(environment).map((key) => dom.getStaticRow(key, environment[key]))
        const table = document.getElementById('environment')
        removeChildren(table)
        rows.forEach((row) => table.appendChild(row))
    }
    renderEnvironmentTable()
}

const addItemToggleListener = (elem) => {
    elem.addEventListener('click', ({ target }) => {
        const id = target.parentElement.dataset.id
        manager.toggleCollapsedItem(id)

        const collapsedIds = getCollapsedIds()
        if (collapsedIds.includes(id)) {
            const updated = collapsedIds.filter((item) => item !== id)
            setCollapsedIds(updated)
        } else {
            collapsedIds.push(id)
            setCollapsedIds(collapsedIds)
        }
        redraw()
    })
}

const renderContent = (tests) => {
    const sortAttr = getSort(manager.initialSort)
    const sortAsc = JSON.parse(getSortDirection())
    const rows = tests.map(dom.getResultTBody)
    const table = document.getElementById('results-table')
    const tableHeader = document.getElementById('results-table-head')

    const newTable = document.createElement('table')
    newTable.id = 'results-table'

    // remove all sorting classes and set the relevant
    findAll('.sortable', tableHeader).forEach((elem) => elem.classList.remove('asc', 'desc'))
    tableHeader.querySelector(`.sortable[data-column-type="${sortAttr}"]`)?.classList.add(sortAsc ? 'desc' : 'asc')
    newTable.appendChild(tableHeader)

    if (!rows.length) {
        const emptyTable = document.getElementById('template_results-table__body--empty').content.cloneNode(true)
        newTable.appendChild(emptyTable)
    } else {
        rows.forEach((row) => {
            if (!!row) {
                findAll('.collapsible td:not(.col-links', row).forEach(addItemToggleListener)
                find('.logexpander', row).addEventListener('click',
                    (evt) => evt.target.parentNode.classList.toggle('expanded'),
                )
                newTable.appendChild(row)
            }
        })
    }

    table.replaceWith(newTable)
}

const renderDerived = () => {
    const currentFilter = getVisible()
    possibleFilters.forEach((result) => {
        const input = document.querySelector(`input[data-test-result="${result}"]`)
        input.checked = currentFilter.includes(result)
    })
}

const bindEvents = () => {
    const filterColumn = (evt) => {
        const { target: element } = evt
        const { testResult } = element.dataset

        doFilter(testResult, element.checked)
        const collapsedIds = getCollapsedIds()
        const updated = manager.renderData.tests.map((test) => {
            return {
                ...test,
                collapsed: collapsedIds.includes(test.id),
            }
        })
        manager.setRender(updated)
        redraw()
    }

    const header = document.getElementById('environment-header')
    header.addEventListener('click', () => {
        const table = document.getElementById('environment')
        table.classList.toggle('hidden')
        header.classList.toggle('collapsed')
    })

    findAll('input[name="filter_checkbox"]').forEach((elem) => {
        elem.addEventListener('click', filterColumn)
    })

    findAll('.sortable').forEach((elem) => {
        elem.addEventListener('click', (evt) => {
            const { target: element } = evt
            const { columnType } = element.dataset
            doSort(columnType)
            redraw()
        })
    })

    document.getElementById('show_all_details').addEventListener('click', () => {
        manager.allCollapsed = false
        setCollapsedIds([])
        redraw()
    })
    document.getElementById('hide_all_details').addEventListener('click', () => {
        manager.allCollapsed = true
        const allIds = manager.renderData.tests.map((test) => test.id)
        setCollapsedIds(allIds)
        redraw()
    })
}

const redraw = () => {
    const { testSubset } = manager

    renderContent(testSubset)
    renderDerived()
}

module.exports = {
    redraw,
    bindEvents,
    renderStatic,
}

},{"./datamanager.js":1,"./dom.js":2,"./filter.js":3,"./sort.js":7,"./storage.js":8}],6:[function(require,module,exports){
class MediaViewer {
    constructor(assets) {
        this.assets = assets
        this.index = 0
    }

    nextActive() {
        this.index = this.index === this.assets.length - 1 ? 0 : this.index + 1
        return [this.activeFile, this.index]
    }

    prevActive() {
        this.index = this.index === 0 ? this.assets.length - 1 : this.index -1
        return [this.activeFile, this.index]
    }

    get currentIndex() {
        return this.index
    }

    get activeFile() {
        return this.assets[this.index]
    }
}


const setup = (resultBody, assets) => {
    if (!assets.length) {
        resultBody.querySelector('.media').classList.add('hidden')
        return
    }

    const mediaViewer = new MediaViewer(assets)
    const container = resultBody.querySelector('.media-container')
    const leftArrow = resultBody.querySelector('.media-container__nav--left')
    const rightArrow = resultBody.querySelector('.media-container__nav--right')
    const mediaName = resultBody.querySelector('.media__name')
    const counter = resultBody.querySelector('.media__counter')
    const imageEl = resultBody.querySelector('img')
    const sourceEl = resultBody.querySelector('source')
    const videoEl = resultBody.querySelector('video')

    const setImg = (media, index) => {
        if (media?.format_type === 'image') {
            imageEl.src = media.path

            imageEl.classList.remove('hidden')
            videoEl.classList.add('hidden')
        } else if (media?.format_type === 'video') {
            sourceEl.src = media.path

            videoEl.classList.remove('hidden')
            imageEl.classList.add('hidden')
        }

        mediaName.innerText = media?.name
        counter.innerText = `${index + 1} / ${assets.length}`
    }
    setImg(mediaViewer.activeFile, mediaViewer.currentIndex)

    const moveLeft = () => {
        const [media, index] = mediaViewer.prevActive()
        setImg(media, index)
    }
    const doRight = () => {
        const [media, index] = mediaViewer.nextActive()
        setImg(media, index)
    }
    const openImg = () => {
        window.open(mediaViewer.activeFile.path, '_blank')
    }
    if (assets.length === 1) {
        container.classList.add('media-container--fullscreen')
    } else {
        leftArrow.addEventListener('click', moveLeft)
        rightArrow.addEventListener('click', doRight)
    }
    imageEl.addEventListener('click', openImg)
}

module.exports = {
    setup,
}

},{}],7:[function(require,module,exports){
const { manager } = require('./datamanager.js')
const storageModule = require('./storage.js')

const genericSort = (list, key, ascending, customOrder) => {
    let sorted
    if (customOrder) {
        sorted = list.sort((a, b) => {
            const aValue = a.result.toLowerCase()
            const bValue = b.result.toLowerCase()

            const aIndex = customOrder.findIndex((item) => item.toLowerCase() === aValue)
            const bIndex = customOrder.findIndex((item) => item.toLowerCase() === bValue)

            // Compare the indices to determine the sort order
            return aIndex - bIndex
        })
    } else {
        sorted = list.sort((a, b) => a[key] === b[key] ? 0 : a[key] > b[key] ? 1 : -1)
    }

    if (ascending) {
        sorted.reverse()
    }
    return sorted
}

const durationSort = (list, ascending) => {
    const parseDuration = (duration) => {
        if (duration.includes(':')) {
            // If it's in the format "HH:mm:ss"
            const [hours, minutes, seconds] = duration.split(':').map(Number)
            return (hours * 3600 + minutes * 60 + seconds) * 1000
        } else {
            // If it's in the format "nnn ms"
            return parseInt(duration)
        }
    }
    const sorted = list.sort((a, b) => parseDuration(a['duration']) - parseDuration(b['duration']))
    if (ascending) {
        sorted.reverse()
    }
    return sorted
}

const doInitSort = () => {
    const type = storageModule.getSort(manager.initialSort)
    const ascending = storageModule.getSortDirection()
    const list = manager.testSubset
    const initialOrder = ['Error', 'Failed', 'Rerun', 'XFailed', 'XPassed', 'Skipped', 'Passed']

    storageModule.setSort(type)
    storageModule.setSortDirection(ascending)

    if (type?.toLowerCase() === 'original') {
        manager.setRender(list)
    } else {
        let sortedList
        switch (type) {
        case 'duration':
            sortedList = durationSort(list, ascending)
            break
        case 'result':
            sortedList = genericSort(list, type, ascending, initialOrder)
            break
        default:
            sortedList = genericSort(list, type, ascending)
            break
        }
        manager.setRender(sortedList)
    }
}

const doSort = (type, skipDirection) => {
    const newSortType = storageModule.getSort(manager.initialSort) !== type
    const currentAsc = storageModule.getSortDirection()
    let ascending
    if (skipDirection) {
        ascending = currentAsc
    } else {
        ascending = newSortType ? false : !currentAsc
    }
    storageModule.setSort(type)
    storageModule.setSortDirection(ascending)

    const list = manager.testSubset
    const sortedList = type === 'duration' ? durationSort(list, ascending) : genericSort(list, type, ascending)
    manager.setRender(sortedList)
}

module.exports = {
    doInitSort,
    doSort,
}

},{"./datamanager.js":1,"./storage.js":8}],8:[function(require,module,exports){
const possibleFilters = [
    'passed',
    'skipped',
    'failed',
    'error',
    'xfailed',
    'xpassed',
    'rerun',
]

const getVisible = () => {
    const url = new URL(window.location.href)
    const settings = new URLSearchParams(url.search).get('visible')
    const lower = (item) => {
        const lowerItem = item.toLowerCase()
        if (possibleFilters.includes(lowerItem)) {
            return lowerItem
        }
        return null
    }
    return settings === null ?
        possibleFilters :
        [...new Set(settings?.split(',').map(lower).filter((item) => item))]
}

const hideCategory = (categoryToHide) => {
    const url = new URL(window.location.href)
    const visibleParams = new URLSearchParams(url.search).get('visible')
    const currentVisible = visibleParams ? visibleParams.split(',') : [...possibleFilters]
    const settings = [...new Set(currentVisible)].filter((f) => f !== categoryToHide).join(',')

    url.searchParams.set('visible', settings)
    window.history.pushState({}, null, unescape(url.href))
}

const showCategory = (categoryToShow) => {
    if (typeof window === 'undefined') {
        return
    }
    const url = new URL(window.location.href)
    const currentVisible = new URLSearchParams(url.search).get('visible')?.split(',').filter(Boolean) ||
        [...possibleFilters]
    const settings = [...new Set([categoryToShow, ...currentVisible])]
    const noFilter = possibleFilters.length === settings.length || !settings.length

    noFilter ? url.searchParams.delete('visible') : url.searchParams.set('visible', settings.join(','))
    window.history.pushState({}, null, unescape(url.href))
}

const getSort = (initialSort) => {
    const url = new URL(window.location.href)
    let sort = new URLSearchParams(url.search).get('sort')
    if (!sort) {
        sort = initialSort || 'result'
    }
    return sort
}

const setSort = (type) => {
    const url = new URL(window.location.href)
    url.searchParams.set('sort', type)
    window.history.pushState({}, null, unescape(url.href))
}

const getCollapsedCategory = (renderCollapsed) => {
    let categories
    if (typeof window !== 'undefined') {
        const url = new URL(window.location.href)
        const collapsedItems = new URLSearchParams(url.search).get('collapsed')
        switch (true) {
        case !renderCollapsed && collapsedItems === null:
            categories = ['passed']
            break
        case collapsedItems?.length === 0 || /^["']{2}$/.test(collapsedItems):
            categories = []
            break
        case /^all$/.test(collapsedItems) || collapsedItems === null && /^all$/.test(renderCollapsed):
            categories = [...possibleFilters]
            break
        default:
            categories = collapsedItems?.split(',').map((item) => item.toLowerCase()) || renderCollapsed
            break
        }
    } else {
        categories = []
    }
    return categories
}

const getSortDirection = () => JSON.parse(sessionStorage.getItem('sortAsc')) || false
const setSortDirection = (ascending) => sessionStorage.setItem('sortAsc', ascending)

const getCollapsedIds = () => JSON.parse(sessionStorage.getItem('collapsedIds')) || []
const setCollapsedIds = (list) => sessionStorage.setItem('collapsedIds', JSON.stringify(list))

module.exports = {
    getVisible,
    hideCategory,
    showCategory,
    getCollapsedIds,
    setCollapsedIds,
    getSort,
    setSort,
    getSortDirection,
    setSortDirection,
    getCollapsedCategory,
    possibleFilters,
}

},{}]},{},[4]);
    </script>
  </footer>
</html>